2024-02-03 15:32:57,155 [INFO] Activator:176 - 


2024-02-03 15:32:57,157 [INFO] Activator:177 - !SESSION log4j initialized
2024-02-03 15:32:59,303 [INFO] LogOutputStream:77 - [STDOUT_REDIRECT] 
2024-02-03 15:33:01,195 [INFO] ApplicationProperties:184 - Using Application install path: C:\ST\STM32CubeIDE_1.14.0\STM32CubeIDE\plugins\com.st.stm32cube.common.mx_6.10.0.202311202037
2024-02-03 15:33:01,218 [INFO] DbMcusXml:78 - Set database path to: C:\ST\STM32CubeIDE_1.14.0\STM32CubeIDE\plugins\com.st.stm32cube.common.mx_6.10.0.202311202037\\db\/mcu/
2024-02-03 15:33:01,218 [INFO] ApiDb:274 - Set plugin database path to: C:\ST\STM32CubeIDE_1.14.0\STM32CubeIDE\plugins\com.st.stm32cube.common.mx_6.10.0.202311202037\\db\/plugins/boardmanager/
2024-02-03 15:33:01,226 [WARN] ApiDb:259 - Overriding images path with different value:  => C:\ST\STM32CubeIDE_1.14.0\STM32CubeIDE\plugins\com.st.stm32cube.common.mx_6.10.0.202311202037\\db\/plugins/mcufinder/images/
2024-02-03 15:33:01,234 [INFO] ApiDb:250 - Set database path to: C:\Users\ahmed\.stmcufinder\plugins\mcufinder//mcu/
2024-02-03 15:33:01,238 [INFO] DbMcusAds:125 - Set database path to: C:\Users\ahmed\.stmcufinder\plugins\mcufinder//mcu/
2024-02-03 15:33:01,246 [INFO] CrossReferenceDbSqlite:203 - Set database path to: C:\Users\ahmed\.stmcufinder\plugins\mcufinder//mcu/cs/
2024-02-03 15:33:01,407 [INFO] RulesReader:64 - Compatibility file has been processed (297 Rules)
2024-02-03 15:33:01,520 [INFO] DbMcusXml:78 - Set database path to: C:\ST\STM32CubeIDE_1.14.0\STM32CubeIDE\plugins\com.st.stm32cube.common.mx_6.10.0.202311202037\\db\/mcu/
2024-02-03 15:33:01,520 [INFO] ApiDb:274 - Set plugin database path to: C:\ST\STM32CubeIDE_1.14.0\STM32CubeIDE\plugins\com.st.stm32cube.common.mx_6.10.0.202311202037\\db\/plugins/boardmanager/
2024-02-03 15:33:01,521 [INFO] ApiDb:261 - Set plugin images path to: C:\ST\STM32CubeIDE_1.14.0\STM32CubeIDE\plugins\com.st.stm32cube.common.mx_6.10.0.202311202037\\db\/plugins/mcufinder/images/
2024-02-03 15:33:01,521 [WARN] DbFile:41 - Overriding database path with different value: C:\Users\ahmed\.stmcufinder\plugins\mcufinder/ => C:\Users\ahmed\.stmcufinder\plugins\mcufinder
2024-02-03 15:33:01,521 [INFO] ApiDb:250 - Set database path to: C:\Users\ahmed\.stmcufinder\plugins\mcufinder//mcu/
2024-02-03 15:33:01,521 [WARN] DbFile:41 - Overriding database path with different value: C:\Users\ahmed\.stmcufinder\plugins\mcufinder/ => C:\Users\ahmed\.stmcufinder\plugins\mcufinder
2024-02-03 15:33:01,521 [INFO] DbMcusAds:125 - Set database path to: C:\Users\ahmed\.stmcufinder\plugins\mcufinder//mcu/
2024-02-03 15:33:01,521 [WARN] DbFile:41 - Overriding database path with different value: C:\Users\ahmed\.stmcufinder\plugins\mcufinder/ => C:\Users\ahmed\.stmcufinder\plugins\mcufinder
2024-02-03 15:33:01,521 [WARN] DbFile:41 - Overriding database path with different value: C:\Users\ahmed\.stmcufinder\plugins\mcufinder/ => C:\Users\ahmed\.stmcufinder\plugins\mcufinder
2024-02-03 15:33:01,521 [INFO] CrossReferenceDbSqlite:203 - Set database path to: C:\Users\ahmed\.stmcufinder\plugins\mcufinder//mcu/cs/
2024-02-03 15:33:01,597 [INFO] MainPanel:264 - HeapMemory: 268435456
2024-02-03 15:33:01,654 [INFO] DbMcusXml:78 - Set database path to: C:\ST\STM32CubeIDE_1.14.0\STM32CubeIDE\plugins\com.st.stm32cube.common.mx_6.10.0.202311202037\\db\/mcu/
2024-02-03 15:33:01,654 [INFO] ApiDb:274 - Set plugin database path to: C:\ST\STM32CubeIDE_1.14.0\STM32CubeIDE\plugins\com.st.stm32cube.common.mx_6.10.0.202311202037\\db\/plugins/boardmanager/
2024-02-03 15:33:01,654 [INFO] ApiDb:261 - Set plugin images path to: C:\ST\STM32CubeIDE_1.14.0\STM32CubeIDE\plugins\com.st.stm32cube.common.mx_6.10.0.202311202037\\db\/plugins/mcufinder/images/
2024-02-03 15:33:01,654 [WARN] DbFile:41 - Overriding database path with different value: C:\Users\ahmed\.stmcufinder\plugins\mcufinder/ => C:\Users\ahmed\.stmcufinder\plugins\mcufinder
2024-02-03 15:33:01,654 [INFO] ApiDb:250 - Set database path to: C:\Users\ahmed\.stmcufinder\plugins\mcufinder//mcu/
2024-02-03 15:33:01,654 [WARN] DbFile:41 - Overriding database path with different value: C:\Users\ahmed\.stmcufinder\plugins\mcufinder/ => C:\Users\ahmed\.stmcufinder\plugins\mcufinder
2024-02-03 15:33:01,655 [INFO] DbMcusAds:125 - Set database path to: C:\Users\ahmed\.stmcufinder\plugins\mcufinder//mcu/
2024-02-03 15:33:01,655 [WARN] DbFile:41 - Overriding database path with different value: C:\Users\ahmed\.stmcufinder\plugins\mcufinder/ => C:\Users\ahmed\.stmcufinder\plugins\mcufinder
2024-02-03 15:33:01,655 [WARN] DbFile:41 - Overriding database path with different value: C:\Users\ahmed\.stmcufinder\plugins\mcufinder/ => C:\Users\ahmed\.stmcufinder\plugins\mcufinder
2024-02-03 15:33:01,655 [INFO] CrossReferenceDbSqlite:203 - Set database path to: C:\Users\ahmed\.stmcufinder\plugins\mcufinder//mcu/cs/
2024-02-03 15:33:01,672 [INFO] ApplicationProperties:184 - Using Application install path: C:\ST\STM32CubeIDE_1.14.0\STM32CubeIDE\plugins\com.st.stm32cube.common.mx_6.10.0.202311202037
2024-02-03 15:33:01,673 [INFO] PluginManage:196 - Search for loadable plugins [exclusion list=, ]
2024-02-03 15:33:01,675 [INFO] PluginManage:310 - Check plugin analytics
2024-02-03 15:33:01,860 [INFO] AnalyticsPlugin:253 - Accepted Software Licenses: 
2024-02-03 15:33:01,860 [INFO] AnalyticsPlugin:255 - Accepted CMSIS Pack Licenses: 
2024-02-03 15:33:01,861 [INFO] AnalyticsPlugin:257 - Accepted Firmware Licenses: 
2024-02-03 15:33:01,863 [INFO] PluginManage:359 - Loaded plugin analytics (category:tool,tabindex:-1)
2024-02-03 15:33:01,864 [INFO] PluginManage:310 - Check plugin cadmodel
2024-02-03 15:33:01,868 [INFO] CADModel:105 - Init CAD model plugin
2024-02-03 15:33:01,868 [INFO] PluginManage:359 - Loaded plugin cadmodel (category:power,tabindex:5)
2024-02-03 15:33:01,868 [INFO] PluginManage:310 - Check plugin clock
2024-02-03 15:33:01,876 [INFO] PluginManage:359 - Loaded plugin clock (category:base,tabindex:2)
2024-02-03 15:33:01,876 [INFO] PluginManage:310 - Check plugin ddr
2024-02-03 15:33:01,880 [INFO] PluginManage:359 - Loaded plugin ddr (category:tool,tabindex:6)
2024-02-03 15:33:01,880 [INFO] PluginManage:310 - Check plugin filemanager
2024-02-03 15:33:02,008 [INFO] PluginManage:359 - Loaded plugin filemanager (category:base,tabindex:10)
2024-02-03 15:33:02,008 [INFO] PluginManage:310 - Check plugin ipmanager
2024-02-03 15:33:02,014 [INFO] PluginManage:359 - Loaded plugin ipmanager (category:base,tabindex:5)
2024-02-03 15:33:02,015 [INFO] PluginManage:310 - Check plugin lpbam
2024-02-03 15:33:02,023 [INFO] PluginManage:359 - Loaded plugin lpbam (category:base,tabindex:0)
2024-02-03 15:33:02,024 [INFO] PluginManage:310 - Check plugin memorymap
2024-02-03 15:33:02,033 [INFO] PluginManage:359 - Loaded plugin memorymap (category:base,tabindex:4)
2024-02-03 15:33:02,033 [INFO] PluginManage:310 - Check plugin pinoutandconfiguration
2024-02-03 15:33:02,039 [INFO] PluginManage:359 - Loaded plugin pinoutandconfiguration (category:base,tabindex:1)
2024-02-03 15:33:02,039 [INFO] PluginManage:310 - Check plugin pinoutconfig
2024-02-03 15:33:02,119 [WARN] SupportedApi:132 - Cannot load RTOS API schema: s4s-elt-must-match.1: The content of 'definitions' must match (annotation?, (simpleType | complexType)?, (unique | key | keyref)*)). A problem was found starting at: attribute.
2024-02-03 15:33:02,260 [INFO] PluginManage:359 - Loaded plugin pinoutconfig (category:base,tabindex:0)
2024-02-03 15:33:02,260 [INFO] PluginManage:310 - Check plugin power
2024-02-03 15:33:02,269 [INFO] PluginManage:359 - Loaded plugin power (category:power,tabindex:4)
2024-02-03 15:33:02,269 [INFO] PluginManage:310 - Check plugin projectmanager
2024-02-03 15:33:02,286 [INFO] PluginManage:359 - Loaded plugin projectmanager (category:projectmanager,tabindex:3)
2024-02-03 15:33:02,287 [INFO] PluginManage:310 - Check plugin thirdparty
2024-02-03 15:33:02,416 [WARN] IntegrityCheckThread:84 - waiting for thirdparty lock release [integrity check]
2024-02-03 15:33:02,416 [INFO] IntegrityCheckThread:86 - entering critical section [integrity check]
2024-02-03 15:33:02,417 [INFO] PluginManage:359 - Loaded plugin thirdparty (category:base,tabindex:-1)
2024-02-03 15:33:02,417 [INFO] PluginManage:310 - Check plugin tools
2024-02-03 15:33:02,417 [INFO] ThirdPartyUpdaterWithRetryManager:70 - Updater plugin not ready yet. [1/15]
2024-02-03 15:33:02,420 [INFO] PluginManage:359 - Loaded plugin tools (category:base,tabindex:7)
2024-02-03 15:33:02,420 [INFO] PluginManage:310 - Check plugin tutovideos
2024-02-03 15:33:02,562 [INFO] PluginManage:359 - Loaded plugin tutovideos (category:base,tabindex:-1)
2024-02-03 15:33:02,563 [INFO] PluginManage:310 - Check plugin updater
2024-02-03 15:33:02,573 [INFO] PluginManage:359 - Loaded plugin updater (category:base,tabindex:12)
2024-02-03 15:33:02,573 [INFO] PluginManage:310 - Check plugin userauth
2024-02-03 15:33:02,577 [INFO] UserAuth:114 - Init User Auth plugin
2024-02-03 15:33:02,577 [INFO] PluginManage:359 - Loaded plugin userauth (category:base,tabindex:14)
2024-02-03 15:33:02,578 [INFO] PluginManage:283 - PluginManage : Loaded plugins [17]
2024-02-03 15:33:02,816 [INFO] PinOutPanel:1499 - setPackage(No Configuration,No Configuration)
2024-02-03 15:33:02,887 [INFO] CADModel:165 - CPN selected for project level
2024-02-03 15:33:02,888 [INFO] CADModel:114 - Register for checkConnection events
2024-02-03 15:33:02,904 [INFO] IPUIPlugin:80 - create IPUIPlugin
2024-02-03 15:33:02,904 [INFO] PluginManager:220 - loadIPPluginJar : add adc
2024-02-03 15:33:02,906 [INFO] IPUIPlugin:80 - create IPUIPlugin
2024-02-03 15:33:02,906 [INFO] PluginManager:220 - loadIPPluginJar : add aes
2024-02-03 15:33:02,908 [INFO] IPUIPlugin:80 - create IPUIPlugin
2024-02-03 15:33:02,908 [INFO] PluginManager:220 - loadIPPluginJar : add can
2024-02-03 15:33:02,909 [INFO] IPUIPlugin:80 - create IPUIPlugin
2024-02-03 15:33:02,910 [INFO] PluginManager:220 - loadIPPluginJar : add comp
2024-02-03 15:33:02,912 [INFO] IPUIPlugin:80 - create IPUIPlugin
2024-02-03 15:33:02,912 [INFO] PluginManager:220 - loadIPPluginJar : add cryp
2024-02-03 15:33:02,914 [INFO] IPUIPlugin:80 - create IPUIPlugin
2024-02-03 15:33:02,915 [INFO] PluginManager:220 - loadIPPluginJar : add dfsdm
2024-02-03 15:33:02,920 [INFO] IPUIPlugin:80 - create IPUIPlugin
2024-02-03 15:33:02,920 [INFO] PluginManager:220 - loadIPPluginJar : add dma
2024-02-03 15:33:02,922 [INFO] IPUIPlugin:80 - create IPUIPlugin
2024-02-03 15:33:02,922 [INFO] PluginManager:220 - loadIPPluginJar : add dma3
2024-02-03 15:33:02,924 [INFO] IPUIPlugin:80 - create IPUIPlugin
2024-02-03 15:33:02,924 [INFO] PluginManager:220 - loadIPPluginJar : add fatfs
2024-02-03 15:33:02,927 [INFO] IPUIPlugin:80 - create IPUIPlugin
2024-02-03 15:33:02,927 [INFO] PluginManager:220 - loadIPPluginJar : add fmc
2024-02-03 15:33:02,939 [INFO] IPUIPlugin:80 - create IPUIPlugin
2024-02-03 15:33:02,939 [INFO] PluginManager:220 - loadIPPluginJar : add freertos
2024-02-03 15:33:02,940 [INFO] IPUIPlugin:80 - create IPUIPlugin
2024-02-03 15:33:02,940 [INFO] PluginManager:220 - loadIPPluginJar : add genericplugin
2024-02-03 15:33:02,942 [INFO] IPUIPlugin:80 - create IPUIPlugin
2024-02-03 15:33:02,943 [INFO] PluginManager:220 - loadIPPluginJar : add gfxmmu
2024-02-03 15:33:02,947 [INFO] IPUIPlugin:80 - create IPUIPlugin
2024-02-03 15:33:02,947 [INFO] PluginManager:220 - loadIPPluginJar : add gic
2024-02-03 15:33:02,950 [INFO] IPUIPlugin:80 - create IPUIPlugin
2024-02-03 15:33:02,950 [INFO] PluginManager:220 - loadIPPluginJar : add gpio
2024-02-03 15:33:02,952 [INFO] IPUIPlugin:80 - create IPUIPlugin
2024-02-03 15:33:02,952 [INFO] PluginManager:220 - loadIPPluginJar : add gtzc
2024-02-03 15:33:02,955 [INFO] IPUIPlugin:80 - create IPUIPlugin
2024-02-03 15:33:02,955 [INFO] PluginManager:220 - loadIPPluginJar : add hash
2024-02-03 15:33:02,957 [INFO] IPUIPlugin:80 - create IPUIPlugin
2024-02-03 15:33:02,957 [INFO] PluginManager:220 - loadIPPluginJar : add i2c
2024-02-03 15:33:02,959 [INFO] IPUIPlugin:80 - create IPUIPlugin
2024-02-03 15:33:02,960 [INFO] PluginManager:220 - loadIPPluginJar : add i2s
2024-02-03 15:33:02,962 [INFO] IPUIPlugin:80 - create IPUIPlugin
2024-02-03 15:33:02,962 [INFO] PluginManager:220 - loadIPPluginJar : add i3c
2024-02-03 15:33:02,968 [INFO] IPUIPlugin:80 - create IPUIPlugin
2024-02-03 15:33:02,968 [INFO] PluginManager:220 - loadIPPluginJar : add ipddr
2024-02-03 15:33:02,974 [INFO] IPUIPlugin:80 - create IPUIPlugin
2024-02-03 15:33:02,975 [INFO] PluginManager:220 - loadIPPluginJar : add linkedlist
2024-02-03 15:33:02,977 [INFO] IPUIPlugin:80 - create IPUIPlugin
2024-02-03 15:33:02,977 [INFO] PluginManager:220 - loadIPPluginJar : add lorawan
2024-02-03 15:33:02,984 [INFO] IPUIPlugin:80 - create IPUIPlugin
2024-02-03 15:33:02,984 [INFO] PluginManager:220 - loadIPPluginJar : add ltdc
2024-02-03 15:33:02,991 [INFO] IPUIPlugin:80 - create IPUIPlugin
2024-02-03 15:33:02,991 [INFO] PluginManager:220 - loadIPPluginJar : add mdma
2024-02-03 15:33:03,000 [INFO] IPUIPlugin:80 - create IPUIPlugin
2024-02-03 15:33:03,001 [INFO] PluginManager:220 - loadIPPluginJar : add nvic
2024-02-03 15:33:03,003 [INFO] IPUIPlugin:80 - create IPUIPlugin
2024-02-03 15:33:03,003 [INFO] PluginManager:220 - loadIPPluginJar : add opamp
2024-02-03 15:33:03,010 [INFO] IPUIPlugin:80 - create IPUIPlugin
2024-02-03 15:33:03,010 [INFO] PluginManager:220 - loadIPPluginJar : add openamp
2024-02-03 15:33:03,013 [INFO] IPUIPlugin:80 - create IPUIPlugin
2024-02-03 15:33:03,013 [INFO] PluginManager:220 - loadIPPluginJar : add pdm2pcm
2024-02-03 15:33:03,020 [INFO] IPUIPlugin:80 - create IPUIPlugin
2024-02-03 15:33:03,023 [INFO] PluginManager:220 - loadIPPluginJar : add plateformsettings
2024-02-03 15:33:03,025 [INFO] IPUIPlugin:80 - create IPUIPlugin
2024-02-03 15:33:03,025 [INFO] PluginManager:220 - loadIPPluginJar : add quadspi
2024-02-03 15:33:03,028 [INFO] IPUIPlugin:80 - create IPUIPlugin
2024-02-03 15:33:03,028 [INFO] PluginManager:220 - loadIPPluginJar : add resmgrutility
2024-02-03 15:33:03,030 [INFO] IPUIPlugin:80 - create IPUIPlugin
2024-02-03 15:33:03,031 [INFO] PluginManager:220 - loadIPPluginJar : add sai
2024-02-03 15:33:03,033 [INFO] IPUIPlugin:80 - create IPUIPlugin
2024-02-03 15:33:03,033 [INFO] PluginManager:220 - loadIPPluginJar : add spi
2024-02-03 15:33:03,037 [INFO] IPUIPlugin:80 - create IPUIPlugin
2024-02-03 15:33:03,037 [INFO] PluginManager:220 - loadIPPluginJar : add stm32_wpan
2024-02-03 15:33:03,038 [INFO] IPUIPlugin:80 - create IPUIPlugin
2024-02-03 15:33:03,038 [INFO] PluginManager:220 - loadIPPluginJar : add tim
2024-02-03 15:33:03,042 [INFO] IPUIPlugin:80 - create IPUIPlugin
2024-02-03 15:33:03,042 [INFO] PluginManager:220 - loadIPPluginJar : add touchsensing
2024-02-03 15:33:03,044 [INFO] IPUIPlugin:80 - create IPUIPlugin
2024-02-03 15:33:03,044 [INFO] PluginManager:220 - loadIPPluginJar : add tracer_emb
2024-02-03 15:33:03,045 [INFO] IPUIPlugin:80 - create IPUIPlugin
2024-02-03 15:33:03,046 [INFO] PluginManager:220 - loadIPPluginJar : add ts
2024-02-03 15:33:03,047 [INFO] IPUIPlugin:80 - create IPUIPlugin
2024-02-03 15:33:03,047 [INFO] PluginManager:220 - loadIPPluginJar : add tsc
2024-02-03 15:33:03,049 [INFO] IPUIPlugin:80 - create IPUIPlugin
2024-02-03 15:33:03,049 [INFO] PluginManager:220 - loadIPPluginJar : add ucpd
2024-02-03 15:33:03,051 [INFO] IPUIPlugin:80 - create IPUIPlugin
2024-02-03 15:33:03,051 [INFO] PluginManager:220 - loadIPPluginJar : add usart
2024-02-03 15:33:03,056 [INFO] IPUIPlugin:80 - create IPUIPlugin
2024-02-03 15:33:03,057 [INFO] PluginManager:220 - loadIPPluginJar : add usbx
2024-02-03 15:33:03,188 [INFO] CADModel:165 - CPN selected for project level
2024-02-03 15:33:03,188 [INFO] CADModel:114 - Register for checkConnection events
2024-02-03 15:33:03,189 [FATAL] Updater:308 - Updater called before beeing initialized
2024-02-03 15:33:03,189 [ERROR] CADModel:125 - Updater not yet initialized, retry later 
2024-02-03 15:33:03,364 [INFO] CADModel:165 - CPN selected for project level
2024-02-03 15:33:03,364 [INFO] CADModel:114 - Register for checkConnection events
2024-02-03 15:33:03,364 [FATAL] Updater:308 - Updater called before beeing initialized
2024-02-03 15:33:03,365 [ERROR] CADModel:125 - Updater not yet initialized, retry later 
2024-02-03 15:33:03,367 [FATAL] Updater:308 - Updater called before beeing initialized
2024-02-03 15:33:03,469 [FATAL] Updater:308 - Updater called before beeing initialized
2024-02-03 15:33:03,473 [INFO] DbMcusAds:53 - JSON generation date=Wed Nov 29 11:52:27 WAT 2023 (1701255147200)
2024-02-03 15:33:03,474 [FATAL] Updater:308 - Updater called before beeing initialized
2024-02-03 15:33:03,504 [WARN] DetailPanel:346 - Failed to get advertising image, set to default
2024-02-03 15:33:03,594 [FATAL] Updater:308 - Updater called before beeing initialized
2024-02-03 15:33:03,596 [FATAL] Updater:308 - Updater called before beeing initialized
2024-02-03 15:33:03,596 [FATAL] Updater:308 - Updater called before beeing initialized
2024-02-03 15:33:03,596 [WARN] DetailPanel:346 - Failed to get advertising image, set to default
2024-02-03 15:33:03,597 [FATAL] Updater:308 - Updater called before beeing initialized
2024-02-03 15:33:03,669 [ERROR] Updater:1120 - MainUpdater not yet initialized. External WinMGr cannot be set.
2024-02-03 15:33:03,672 [INFO] Updater:1056 - Updater Version found : 6.10.0
2024-02-03 15:33:03,711 [INFO] ApplicationProperties:184 - Using Application install path: C:\ST\STM32CubeIDE_1.14.0\STM32CubeIDE\plugins\com.st.stm32cube.common.mx_6.10.0.202311202037
2024-02-03 15:33:05,296 [ERROR] LogOutputStream:75 - [STDERR_REDIRECT] Feb 03, 2024 3:33:05 PM java.util.prefs.WindowsPreferences <init>
2024-02-03 15:33:05,298 [ERROR] LogOutputStream:75 - [STDERR_REDIRECT] WARNING: Could not open/create prefs root node Software\JavaSoft\Prefs at root 0xffffffff80000002. Windows RegCreateKeyEx(...) returned error code 5.
2024-02-03 15:33:05,299 [ERROR] LogOutputStream:75 - [STDERR_REDIRECT] 
2024-02-03 15:33:05,418 [INFO] ThirdPartyUpdaterWithRetryManager:70 - Updater plugin not ready yet. [2/15]
2024-02-03 15:33:05,840 [INFO] MainUpdater:2873 - connection check result : 10
2024-02-03 15:33:05,841 [INFO] MainUpdater:290 - Updater Check For Update Now.
2024-02-03 15:33:05,841 [INFO] MicroXplorer:498 - Change Database Version : DB.6.0.100
2024-02-03 15:33:05,860 [INFO] McuFinderGlobals:63 - Set McuFinder mode to 2 (CubeIDE integrated)
2024-02-03 15:33:06,040 [INFO] CheckServerUpdateThread:120 - End of CheckServer Thread
2024-02-03 15:33:06,371 [INFO] UserAuth:404 - Internet connection configuration mode: 1
2024-02-03 15:33:06,387 [INFO] JxBrowserEngine:152 - Initiate JxBrowser Engine with user profile folder
2024-02-03 15:33:06,949 [INFO] WebApp:161 - Instantiating new browser for Auth
2024-02-03 15:33:07,451 [INFO] McuFinderGlobals:63 - Set McuFinder mode to 2 (CubeIDE integrated)
2024-02-03 15:33:07,455 [INFO] MainUpdater:2873 - connection check result : 10
2024-02-03 15:33:07,457 [INFO] McuFinderGlobals:76 - Set McuFinderConnectedMode to true
2024-02-03 15:33:07,531 [INFO] WebApp:780 - Register for checkConnection events
2024-02-03 15:33:07,532 [INFO] WebApp:414 - Apply proxy settings
2024-02-03 15:33:07,532 [INFO] WebApp:499 - Chromium requires no authentication
2024-02-03 15:33:07,544 [INFO] WebApp:442 - Direct internet connection detected
2024-02-03 15:33:07,697 [INFO] WebApp:192 - Starting web application
2024-02-03 15:33:07,698 [INFO] WebApp:544 - Web application path used C:\ST\STM32CubeIDE_1.14.0\STM32CubeIDE\plugins\com.st.stm32cube.common.mx_6.10.0.202311202037\db\plugins\mcufinder\reactClient1\index.html
2024-02-03 15:33:07,731 [INFO] ServerAccessManage:473 - Download File mcusAds.json._tmp_
2024-02-03 15:33:07,844 [INFO] LoadUrlFilesThread:156 - End of LoadUrlFiles Thread
2024-02-03 15:33:08,038 [INFO] ServerAccessManage:473 - Download File cube-finder-db.zip
2024-02-03 15:33:08,418 [WARN] MainUpdater:1194 - Updater busy. Cannot search thirdparties
2024-02-03 15:33:08,418 [INFO] ThirdPartyUpdaterWithRetryManager:96 - Updater plugin is busy. [1/15]
2024-02-03 15:33:11,420 [WARN] MainUpdater:1194 - Updater busy. Cannot search thirdparties
2024-02-03 15:33:11,420 [INFO] ThirdPartyUpdaterWithRetryManager:96 - Updater plugin is busy. [2/15]
2024-02-03 15:33:14,422 [WARN] MainUpdater:1194 - Updater busy. Cannot search thirdparties
2024-02-03 15:33:14,423 [INFO] ThirdPartyUpdaterWithRetryManager:96 - Updater plugin is busy. [3/15]
2024-02-03 15:33:17,425 [WARN] MainUpdater:1194 - Updater busy. Cannot search thirdparties
2024-02-03 15:33:17,425 [INFO] ThirdPartyUpdaterWithRetryManager:96 - Updater plugin is busy. [4/15]
2024-02-03 15:33:20,425 [WARN] MainUpdater:1194 - Updater busy. Cannot search thirdparties
2024-02-03 15:33:20,425 [INFO] ThirdPartyUpdaterWithRetryManager:96 - Updater plugin is busy. [5/15]
2024-02-03 15:33:23,427 [WARN] MainUpdater:1194 - Updater busy. Cannot search thirdparties
2024-02-03 15:33:23,428 [INFO] ThirdPartyUpdaterWithRetryManager:96 - Updater plugin is busy. [6/15]
2024-02-03 15:33:26,429 [WARN] MainUpdater:1194 - Updater busy. Cannot search thirdparties
2024-02-03 15:33:26,430 [INFO] ThirdPartyUpdaterWithRetryManager:96 - Updater plugin is busy. [7/15]
2024-02-03 15:33:26,905 [INFO] FileExtend:240 - Unzip File : cube-finder-db.zip
2024-02-03 15:33:26,907 [INFO] FileExtend:255 - Standard Zip Deflate
2024-02-03 15:33:28,052 [INFO] LoadUrlFilesThread:156 - End of LoadUrlFiles Thread
2024-02-03 15:33:28,447 [INFO] ServerAccessManage:473 - Download File crdb.zip
2024-02-03 15:33:28,815 [ERROR] LogOutputStream:75 - [STDERR_REDIRECT] SLF4J: Failed to load class "org.slf4j.impl.StaticLoggerBinder".
2024-02-03 15:33:28,817 [ERROR] LogOutputStream:75 - [STDERR_REDIRECT] SLF4J: Defaulting to no-operation (NOP) logger implementation
2024-02-03 15:33:28,818 [ERROR] LogOutputStream:75 - [STDERR_REDIRECT] SLF4J: See http://www.slf4j.org/codes.html#StaticLoggerBinder for further details.
2024-02-03 15:33:29,266 [INFO] FileExtend:240 - Unzip File : crdb.zip
2024-02-03 15:33:29,267 [INFO] FileExtend:255 - Standard Zip Deflate
2024-02-03 15:33:29,410 [INFO] LoadUrlFilesThread:156 - End of LoadUrlFiles Thread
2024-02-03 15:33:29,430 [WARN] MainUpdater:1194 - Updater busy. Cannot search thirdparties
2024-02-03 15:33:29,430 [INFO] ThirdPartyUpdaterWithRetryManager:96 - Updater plugin is busy. [8/15]
2024-02-03 15:33:29,708 [INFO] ServerAccessManage:473 - Download File tutoVideoDB.zip
2024-02-03 15:33:29,840 [INFO] FileExtend:240 - Unzip File : tutoVideoDB.zip
2024-02-03 15:33:29,840 [INFO] FileExtend:255 - Standard Zip Deflate
2024-02-03 15:33:29,951 [INFO] LoadUrlFilesThread:156 - End of LoadUrlFiles Thread
2024-02-03 15:33:29,958 [WARN] DbFile:41 - Overriding database path with different value: C:\Users\ahmed\.stmcufinder\plugins\mcufinder/ => C:\Users\ahmed\.stmcufinder\plugins\mcufinder
2024-02-03 15:33:30,082 [INFO] ServerAccessManage:473 - Download File api_config.json
2024-02-03 15:33:30,199 [INFO] LoadUrlFilesThread:156 - End of LoadUrlFiles Thread
2024-02-03 15:33:30,201 [INFO] DbMcusAds:53 - JSON generation date=Wed Nov 29 11:52:27 WAT 2023 (1701255147200)
2024-02-03 15:33:30,241 [INFO] LoadUrlFilesThread:185 - End of LoadServerUrlFiles without Thread
2024-02-03 15:33:30,242 [INFO] TargetSelectorAdapter:259 - Refresh data is successful
2024-02-03 15:33:30,616 [INFO] ApiDb:581 - Connected to CubeFinder SQLite database (C:\Users\ahmed\.stmcufinder\plugins\mcufinder\mcu\cube-finder-db.db)
2024-02-03 15:33:30,729 [INFO] ApiDb:668 - CubeFinder database Data Model version=2.1
2024-02-03 15:33:30,729 [INFO] ApiDb:669 - CubeFinder database Configuration version=3.0.39
2024-02-03 15:33:30,729 [INFO] ApiDb:670 - CubeFinder database generation date=2024-01-11 (1704964531)
2024-02-03 15:33:30,729 [INFO] ApiDb:671 - CubeFinder database FW Pack versions=[FP-ATR-ASTRA1_V2.0.0, FP-SNS-FLIGHT1_V5.0.1, FP-SNS-FLIGHT1_V5.0.2, FP-SNS-MOTENV1_V4.3.1, FP-SNS-MOTENV1_V4.3.2, FP-SNS-MOTENVWB1_V1.3.1, FP-SNS-SMARTAG2_V1.2.0, STM32Cube_FW_C0_V1.1.0, STM32Cube_FW_F4_V1.28.0, STM32Cube_FW_F7_V1.17.0, STM32Cube_FW_G0_V1.6.2, STM32Cube_FW_G4_V1.5.2, STM32Cube_FW_H5_V0.5.1, STM32Cube_FW_H5_V1.1.1, STM32Cube_FW_H5_V1.2.0RC2, STM32Cube_FW_H7_V1.11.0, STM32Cube_FW_L0_V1.12.2, STM32Cube_FW_L5_V1.5.0, STM32Cube_FW_U5_V1.3.0RC4, STM32Cube_FW_U5_V1.4.0, STM32Cube_FW_WBA_V1.0.0RC1, STM32Cube_FW_WBA_V1.1.0RC1, STM32Cube_FW_WBA_V1.2.0, STM32Cube_FW_WBA_V1.2.0RC2, STM32Cube_FW_WB_V1.15.0RC1, STM32Cube_FW_WB_V1.16.0, STM32Cube_FW_WB_V1.16.0RC2, STM32Cube_FW_WB_V1.18.0, STM32Cube_FW_WL_V1.3.0, X-CUBE-ALGOBUILD_V1.3.0, X-CUBE-ALS_V1.0.1, X-CUBE-AZRTOS-F4_V1.1.0, X-CUBE-AZRTOS-F7_V1.1.0, X-CUBE-AZRTOS-G0_V1.1.0, X-CUBE-AZRTOS-G4_V2.0.0, X-CUBE-AZRTOS-H7_V3.2.0, X-CUBE-AZRTOS-L4_V1.0.0, X-CUBE-AZRTOS-L4_V2.0.0, X-CUBE-AZRTOS-L5_V1.1.0, X-CUBE-AZRTOS-WB_V2.0.0, X-CUBE-AZRTOS-WL_V2.0.0, X-CUBE-BLE1_V7.0.0, X-CUBE-BLE2_V3.3.0, X-CUBE-BLEMGR_V3.0.0, X-CUBE-EEPRMA1_V4.1.0, X-CUBE-EEPRMA1_V4.2.0, X-CUBE-FREERTOS_V1.1.0, X-CUBE-GNSS1_V6.0.0, X-CUBE-MEMS1_V10.0.0, X-CUBE-MEMS1_V9.1.0, X-CUBE-MEMS1_V9.4.0, X-CUBE-MEMS1_V9.6.0, X-CUBE-NFC4_V3.0.0, X-CUBE-NFC7_V1.0.1, X-CUBE-SFXS2LP1_V4.0.0, X-CUBE-SUBG2_V5.0.0, X-CUBE-TOF1_V3.4.0]
2024-02-03 15:33:32,712 [WARN] PackLoader:240 - Cannot read IP mode file for STMicroelectronics.X-CUBE-SMBUS.2.1.0
2024-02-03 15:33:32,726 [WARN] PackLoader:240 - Cannot read IP mode file for STMicroelectronics.X-CUBE-TOUCHGFX.4.23.0
2024-02-03 15:33:32,781 [WARN] PackLoader:240 - Cannot read IP mode file for STMicroelectronics.X-CUBE-AZRTOS-F7.1.1.0
2024-02-03 15:33:32,802 [WARN] PackLoader:240 - Cannot read IP mode file for STMicroelectronics.FP-SNS-MOTENV1.4.3.2
2024-02-03 15:33:32,812 [WARN] PackLoader:240 - Cannot read IP mode file for STMicroelectronics.FP-SNS-FLIGHT1.5.0.2
2024-02-03 15:33:32,828 [WARN] PackLoader:240 - Cannot read IP mode file for STMicroelectronics.X-CUBE-DISPLAY.3.0.0
2024-02-03 15:33:32,858 [WARN] PackLoader:240 - Cannot read IP mode file for STMicroelectronics.X-CUBE-BLE1.7.0.0
2024-02-03 15:33:32,868 [WARN] PackLoader:240 - Cannot read IP mode file for emotas.I-CUBE-CANOPEN.1.3.0
2024-02-03 15:33:32,877 [WARN] PackLoader:240 - Cannot read IP mode file for STMicroelectronics.FP-SNS-SMARTAG2.1.2.0
2024-02-03 15:33:32,915 [INFO] LogOutputStream:77 - [STDOUT_REDIRECT] 1 : Invalid condition id : UX_CORESTACK_Condition cause : null
2024-02-03 15:33:32,917 [INFO] LogOutputStream:77 - [STDOUT_REDIRECT] 1 : Invalid condition id : UX_CORESTACK_Condition cause : null
2024-02-03 15:33:32,919 [INFO] LogOutputStream:77 - [STDOUT_REDIRECT] 1 : Invalid condition id : UX_CORESTACK_Condition cause : null
2024-02-03 15:33:32,922 [INFO] LogOutputStream:77 - [STDOUT_REDIRECT] 1 : Invalid condition id : UX_CORESTACK_Condition cause : null
2024-02-03 15:33:32,924 [INFO] LogOutputStream:77 - [STDOUT_REDIRECT] 1 : Invalid condition id : UX_CORESTACK_Condition cause : null
2024-02-03 15:33:32,930 [WARN] PackLoader:240 - Cannot read IP mode file for STMicroelectronics.X-CUBE-AZRTOS-WL.2.0.0
2024-02-03 15:33:32,954 [WARN] PackLoader:240 - Cannot read IP mode file for WES.I-CUBE-Cesium.1.3.0
2024-02-03 15:33:32,961 [WARN] PackLoader:240 - Cannot read IP mode file for STMicroelectronics.X-CUBE-BLE2.3.3.0
2024-02-03 15:33:32,972 [WARN] PackLoader:240 - Cannot read IP mode file for STMicroelectronics.X-CUBE-ALGOBUILD.1.3.0
2024-02-03 15:33:33,001 [WARN] PackLoader:240 - Cannot read IP mode file for STMicroelectronics.X-CUBE-AZRTOS-G0.1.1.0
2024-02-03 15:33:33,015 [WARN] PackLoader:240 - Cannot read IP mode file for STMicroelectronics.X-CUBE-NFC4.3.0.0
2024-02-03 15:33:33,036 [WARN] PackLoader:240 - Cannot read IP mode file for STMicroelectronics.X-CUBE-BLEMGR.3.0.0
2024-02-03 15:33:33,061 [WARN] PackLoader:240 - Cannot read IP mode file for STMicroelectronics.FP-ATR-SIGFOX1.3.2.0
2024-02-03 15:33:33,084 [WARN] PackLoader:240 - Cannot read IP mode file for STMicroelectronics.X-CUBE-EEPRMA1.5.1.0
2024-02-03 15:33:33,208 [WARN] PackLoader:240 - Cannot read IP mode file for SEGGER.I-CUBE-embOS.1.3.1
2024-02-03 15:33:33,322 [WARN] PackLoader:240 - Cannot read IP mode file for STMicroelectronics.X-CUBE-GNSS1.6.0.0
2024-02-03 15:33:33,356 [WARN] PackLoader:240 - Cannot read IP mode file for STMicroelectronics.X-CUBE-AZRTOS-F4.1.1.0
2024-02-03 15:33:33,362 [WARN] PackLoader:240 - Cannot read IP mode file for wolfSSL.I-CUBE-wolfSSL.5.6.6
2024-02-03 15:33:33,375 [WARN] PackLoader:240 - Cannot read IP mode file for STMicroelectronics.X-CUBE-AZRTOS-L5.2.0.0
2024-02-03 15:33:33,387 [WARN] PackLoader:240 - Cannot read IP mode file for ITTIA_DB.I-CUBE-ITTIADB.8.8.0
2024-02-03 15:33:33,393 [WARN] PackLoader:240 - Cannot read IP mode file for STMicroelectronics.X-CUBE-NFC7.1.0.1
2024-02-03 15:33:33,401 [WARN] PackLoader:240 - Cannot read IP mode file for STMicroelectronics.X-CUBE-NFC6.3.0.0
2024-02-03 15:33:33,406 [WARN] PackLoader:240 - Cannot read IP mode file for STMicroelectronics.X-CUBE-AI.8.1.0
2024-02-03 15:33:33,423 [WARN] ConditionMgr:438 - getConditionDescription Invalid condition id : LAN8742 Phy interface Condition cause : null
2024-02-03 15:33:33,423 [WARN] PackLoader:240 - Cannot read IP mode file for STMicroelectronics.X-CUBE-AZRTOS-L4.2.0.0
2024-02-03 15:33:33,424 [WARN] ConditionMgr:1039 - genDependencies : Invalid condition id : LAN8742 Phy interface Condition cause : null
2024-02-03 15:33:33,425 [WARN] ConditionMgr:1039 - genDependencies : Invalid condition id : LAN8742 Phy interface Condition cause : null
2024-02-03 15:33:33,425 [WARN] ConditionMgr:1039 - genDependencies : Invalid condition id : LAN8742 Phy interface Condition cause : null
2024-02-03 15:33:33,431 [WARN] PackLoader:240 - Cannot read IP mode file for STMicroelectronics.X-CUBE-SFXS2LP1.4.0.0
2024-02-03 15:33:33,442 [WARN] ConditionMgr:438 - getConditionDescription Invalid condition id : UX DEVICE CLASS RTOS Condition cause : null
2024-02-03 15:33:33,442 [WARN] ConditionMgr:438 - getConditionDescription Invalid condition id : UX DEVICE CLASS RTOS Condition cause : null
2024-02-03 15:33:33,443 [WARN] PackLoader:240 - Cannot read IP mode file for STMicroelectronics.X-CUBE-AZRTOS-WB.2.0.0
2024-02-03 15:33:33,443 [WARN] ConditionMgr:1039 - genDependencies : Invalid condition id : UX DEVICE CLASS RTOS Condition cause : null
2024-02-03 15:33:33,443 [WARN] ConditionMgr:1039 - genDependencies : Invalid condition id : UX DEVICE CLASS RTOS Condition cause : null
2024-02-03 15:33:33,444 [WARN] ConditionMgr:1039 - genDependencies : Invalid condition id : UX DEVICE CLASS RTOS Condition cause : null
2024-02-03 15:33:33,444 [WARN] ConditionMgr:1039 - genDependencies : Invalid condition id : UX DEVICE CLASS RTOS Condition cause : null
2024-02-03 15:33:33,444 [WARN] ConditionMgr:1039 - genDependencies : Invalid condition id : UX DEVICE CLASS RTOS Condition cause : null
2024-02-03 15:33:33,457 [WARN] PackLoader:240 - Cannot read IP mode file for STMicroelectronics.X-CUBE-SUBG2.5.0.0
2024-02-03 15:33:33,486 [WARN] PackLoader:240 - Cannot read IP mode file for STMicroelectronics.X-CUBE-AZRTOS-G4.2.0.0
2024-02-03 15:33:33,517 [WARN] PackLoader:240 - Cannot read IP mode file for Infineon.AIROC-Wi-Fi-Bluetooth-STM32.1.5.1
2024-02-03 15:33:33,544 [WARN] PackLoader:240 - Cannot read IP mode file for STMicroelectronics.X-CUBE-ISPU.2.0.0
2024-02-03 15:33:33,641 [WARN] PackLoader:240 - Cannot read IP mode file for STMicroelectronics.X-CUBE-MEMS1.10.0.0
2024-02-03 15:33:33,702 [INFO] ApiDb:240 - Found 371 in-development CPN: [B-G473E-ZEST1S, B-WB1M-WPAN1, B-WL5M-SUBG1, NUCLEO-C031C6, NUCLEO-H503RB, NUCLEO-H563ZI, NUCLEO-U545RE-Q, NUCLEO-U5A5ZJ-Q, NUCLEO-WBA52CG, NUCLEO-WBA55CG, STEVAL-MKBOXPRO, STEVAL-PROTEUS1, STEVAL-STWINBX1, STM320518-EVAL, STM32C0116-DK, STM32C011D6Y3TR, STM32C011D6Y6TR, STM32C011F4P3, STM32C011F4P6, STM32C011F4U3, STM32C011F4U6TR, STM32C011F6P3, STM32C011F6P6, STM32C011F6U3, STM32C011F6U6TR, STM32C011J4M3, STM32C011J4M6, STM32C011J6M3, STM32C011J6M6, STM32C0316-DK, STM32C031C4T3, STM32C031C4T6, STM32C031C4U3, STM32C031C4U6, STM32C031C6T3, STM32C031C6T6, STM32C031C6U3, STM32C031C6U6, STM32C031F4P3, STM32C031F4P6, STM32C031F6P3, STM32C031F6P6, STM32C031G4U3, STM32C031G4U6, STM32C031G6U3, STM32C031G6U6, STM32C031K4T3, STM32C031K4T6, STM32C031K4U3, STM32C031K4U6, STM32C031K6T3, STM32C031K6T6, STM32C031K6U3, STM32C031K6U6, STM32G071K8TXN, STM32G071K8UXN, STM32G081GBU6N, STM32G081KBT6N, STM32G081KBUXN, STM32G0B1CCT6N, STM32G0B1KCT6, STM32G0B1NEY6TR, STM32G0B1RCT6N, STM32G0C1CCT6, STM32G0C1CCT6N, STM32G0C1CCU6N, STM32G0C1CET6N, STM32G0C1CEU6N, STM32G0C1KCT6, STM32G0C1NEY6TR, STM32G0C1RCI6N, STM32G0C1RCT6N, STM32G0C1REI6N, STM32G0C1RET6N, STM32G0C1VCI6, STM32G0C1VEI6, STM32G471CCT6, STM32G471CCU6, STM32G471CET3, STM32G471CET6, STM32G471CEU3, STM32G471CEU6, STM32G471MCT6, STM32G471MET3, STM32G471MET6, STM32G471MEY6TR, STM32G471QCT6, STM32G471QET3, STM32G471RCT6, STM32G471RET3, STM32G471RET6, STM32G471VCH6, STM32G471VCI6, STM32G471VCT6, STM32G471VEH3, STM32G471VEH6, STM32G471VEI3, STM32G471VEI6, STM32G471VET3, STM32G471VET6, STM32G474CCT6, STM32H503CBT6, STM32H503CBU6, STM32H503EBY6TR, STM32H503KBU6, STM32H503RBT6, STM32H562AGI6, STM32H562AII6, STM32H562IGK6, STM32H562IGT6, STM32H562IIK6, STM32H562IIT6, STM32H562RGT6, STM32H562RGV6, STM32H562RIT6, STM32H562RIV6, STM32H562VGT6, STM32H562VIT6, STM32H562ZGT6, STM32H562ZIT6, STM32H563AGI6, STM32H563AII3Q, STM32H563AII6, STM32H563IGK6, STM32H563IGT6, STM32H563IIK3Q, STM32H563IIK6, STM32H563IIT3Q, STM32H563IIT6, STM32H563MIY3QTR, STM32H563RGT6, STM32H563RGV6, STM32H563RIT6, STM32H563RIV6, STM32H563VGT6, STM32H563VIT3Q, STM32H563VIT6, STM32H563ZGT6, STM32H563ZIT3Q, STM32H563ZIT6, STM32H573AII3Q, STM32H573AII6, STM32H573I-DK, STM32H573IIK3Q, STM32H573IIK6, STM32H573IIT3Q, STM32H573IIT6, STM32H573MIY3QTR, STM32H573RIT6, STM32H573RIV6, STM32H573VIT3Q, STM32H573VIT6, STM32H573ZIT3Q, STM32H573ZIT6, STM32L4R5QGI6STR, STM32MP131AAE3, STM32MP131AAF3, STM32MP131AAG3, STM32MP131CAE3, STM32MP131CAF3, STM32MP131CAG3, STM32MP131DAE7, STM32MP131DAF7, STM32MP131DAG7, STM32MP131FAE7, STM32MP131FAF7, STM32MP131FAG7, STM32MP133AAE3, STM32MP133AAF3, STM32MP133AAG3, STM32MP133CAE3, STM32MP133CAF3, STM32MP133CAG3, STM32MP133DAE7, STM32MP133DAF7, STM32MP133DAG7, STM32MP133FAE7, STM32MP133FAF7, STM32MP133FAG7, STM32MP135AAE3, STM32MP135AAF3, STM32MP135AAG3, STM32MP135CAE3, STM32MP135CAF3, STM32MP135CAG3, STM32MP135DAE7, STM32MP135DAF7, STM32MP135DAG7, STM32MP135F-DK, STM32MP135FAE7, STM32MP135FAF7, STM32MP135FAF7T, STM32MP135FAF7U, STM32MP135FAG7, STM32U535CBT6, STM32U535CBT6Q, STM32U535CBU6, STM32U535CBU6Q, STM32U535CCT6, STM32U535CCT6Q, STM32U535CCU6, STM32U535CCU6Q, STM32U535CET6, STM32U535CET6Q, STM32U535CEU6, STM32U535CEU6Q, STM32U535JEY6QTR, STM32U535NCY6QTR, STM32U535NEY6QTR, STM32U535RBI6, STM32U535RBI6Q, STM32U535RBT6, STM32U535RBT6Q, STM32U535RCI6, STM32U535RCI6Q, STM32U535RCT6, STM32U535RCT6Q, STM32U535REI6, STM32U535REI6Q, STM32U535RET6, STM32U535RET6Q, STM32U535VCI6, STM32U535VCI6Q, STM32U535VCT6, STM32U535VCT6Q, STM32U535VEI6, STM32U535VEI6Q, STM32U535VET6, STM32U535VET6Q, STM32U545CET6, STM32U545CET6Q, STM32U545CEU6, STM32U545CEU6Q, STM32U545JEY6QTR, STM32U545NEY6QTR, STM32U545REI6, STM32U545REI6Q, STM32U545RET6, STM32U545RET6Q, STM32U545VEI6, STM32U545VEI6Q, STM32U545VET6, STM32U545VET6Q, STM32U595AIH6, STM32U595AIH6Q, STM32U595AJH6, STM32U595AJH6Q, STM32U595QII6, STM32U595QII6Q, STM32U595QJI6, STM32U595QJI6Q, STM32U595RIT6, STM32U595RIT6Q, STM32U595RJT6, STM32U595RJT6Q, STM32U595VIT6, STM32U595VIT6Q, STM32U595VJT6, STM32U595VJT6Q, STM32U595ZIT6, STM32U595ZIT6Q, STM32U595ZIY6QTR, STM32U595ZJT6, STM32U595ZJT6Q, STM32U595ZJY6QTR, STM32U599BJY6QTR, STM32U599NIH6Q, STM32U599NJH6Q, STM32U599VIT6Q, STM32U599VJT6, STM32U599VJT6Q, STM32U599ZIT6Q, STM32U599ZIY6QTR, STM32U599ZJT6Q, STM32U599ZJY6QTR, STM32U5A5AJH6, STM32U5A5AJH6Q, STM32U5A5QJI6, STM32U5A5QJI6Q, STM32U5A5RJT6, STM32U5A5RJT6Q, STM32U5A5VJT6, STM32U5A5VJT6Q, STM32U5A5ZJT6, STM32U5A5ZJT6Q, STM32U5A5ZJY6QTR, STM32U5A9BJY6QTR, STM32U5A9J-DK, STM32U5A9NJH6Q, STM32U5A9VJT6Q, STM32U5A9ZJT6Q, STM32U5A9ZJY6QTR, STM32U5F7VIT6, STM32U5F7VIT6Q, STM32U5F7VJT6, STM32U5F7VJT6Q, STM32U5F9BJY6QTR, STM32U5F9NJH6Q, STM32U5F9VIT6Q, STM32U5F9VJT6Q, STM32U5F9ZIJ6QTR, STM32U5F9ZIT6Q, STM32U5F9ZJJ6QTR, STM32U5F9ZJT6Q, STM32U5G7VJT6, STM32U5G7VJT6Q, STM32U5G9BJY6QTR, STM32U5G9J-DK1, STM32U5G9J-DK2, STM32U5G9NJH6Q, STM32U5G9VJT6Q, STM32U5G9ZJJ6QTR, STM32U5G9ZJT6Q, STM32WB1MMCH6, STM32WBA50KEU6, STM32WBA50KEU6TR, STM32WBA50KGU6, STM32WBA50KGU6TR, STM32WBA52CEU6, STM32WBA52CEU6TR, STM32WBA52CEU7, STM32WBA52CEU7TR, STM32WBA52CGU6, STM32WBA52CGU6TR, STM32WBA52CGU6U, STM32WBA52CGU7, STM32WBA52CGU7TR, STM32WBA52KEU6, STM32WBA52KEU6TR, STM32WBA52KGU6, STM32WBA52KGU6TR, STM32WBA54CEU6, STM32WBA54CEU6TR, STM32WBA54CEU7, STM32WBA54CEU7TR, STM32WBA54CGU6, STM32WBA54CGU6TR, STM32WBA54CGU7, STM32WBA54CGU7TR, STM32WBA54KEU6, STM32WBA54KEU6TR, STM32WBA54KEU7, STM32WBA54KEU7TR, STM32WBA54KGU6, STM32WBA54KGU6TR, STM32WBA54KGU7, STM32WBA54KGU7TR, STM32WBA55CEU6, STM32WBA55CEU6TR, STM32WBA55CEU7, STM32WBA55CEU7TR, STM32WBA55CGU6, STM32WBA55CGU6TR, STM32WBA55CGU6U, STM32WBA55CGU7, STM32WBA55CGU7TR, STM32WBA55G-DK1, STM32WBA55HEF6, STM32WBA55HEF7, STM32WBA55HGF6, STM32WBA55HGF7, STM32WBA55UEI6, STM32WBA55UEI6TR, STM32WBA55UEI7, STM32WBA55UEI7TR, STM32WBA55UGI6, STM32WBA55UGI6TR, STM32WBA55UGI7, STM32WBA55UGI7TR, STM32WL5MOCH6, STM32WL5MOCH6TR]
2024-02-03 15:33:33,711 [INFO] DbMcus:218 - Found 3930 MCUs, 3930 are supported
2024-02-03 15:33:33,712 [INFO] ApiDb:423 - Load user favorites file C:\Users\ahmed/.stm32cubeide/favorites.mcus.txt: 0 item(s)
2024-02-03 15:33:33,713 [INFO] ApiDb:427 - User favorites MCUs=[]
2024-02-03 15:33:33,713 [INFO] DbMcus:224 - Set 0 / 0 favorites MCUs
2024-02-03 15:33:33,791 [WARN] PackLoader:240 - Cannot read IP mode file for STMicroelectronics.X-CUBE-FREERTOS.1.1.0
2024-02-03 15:33:33,803 [WARN] PackLoader:240 - Cannot read IP mode file for portGmbH.I-Cube-SoM-uGOAL.1.1.0
2024-02-03 15:33:33,811 [WARN] PackLoader:240 - Cannot read IP mode file for STMicroelectronics.X-CUBE-ALS.1.0.1
2024-02-03 15:33:33,818 [WARN] PackLoader:240 - Cannot read IP mode file for STMicroelectronics.FP-ATR-ASTRA1.2.0.0
2024-02-03 15:33:33,834 [WARN] PackLoader:240 - Cannot read IP mode file for STMicroelectronics.X-CUBE-TOF1.3.4.0
2024-02-03 15:33:33,901 [WARN] PackLoader:240 - Cannot read IP mode file for STMicroelectronics.X-CUBE-AZRTOS-H7.3.2.0
2024-02-03 15:33:33,909 [INFO] ThirdParty:978 - Integrity check success = true
2024-02-03 15:33:33,909 [INFO] IntegrityCheckThread:100 - exiting critical section [integrity check]
2024-02-03 15:33:33,910 [INFO] IntegrityCheckThread:103 - End integrity checks thread
2024-02-03 15:33:34,244 [INFO] ApiDb:668 - CubeFinder database Data Model version=2.1
2024-02-03 15:33:34,245 [INFO] ApiDb:669 - CubeFinder database Configuration version=3.0.39
2024-02-03 15:33:34,245 [INFO] ApiDb:670 - CubeFinder database generation date=2024-01-11 (1704964531)
2024-02-03 15:33:34,245 [INFO] ApiDb:671 - CubeFinder database FW Pack versions=[FP-ATR-ASTRA1_V2.0.0, FP-SNS-FLIGHT1_V5.0.1, FP-SNS-FLIGHT1_V5.0.2, FP-SNS-MOTENV1_V4.3.1, FP-SNS-MOTENV1_V4.3.2, FP-SNS-MOTENVWB1_V1.3.1, FP-SNS-SMARTAG2_V1.2.0, STM32Cube_FW_C0_V1.1.0, STM32Cube_FW_F4_V1.28.0, STM32Cube_FW_F7_V1.17.0, STM32Cube_FW_G0_V1.6.2, STM32Cube_FW_G4_V1.5.2, STM32Cube_FW_H5_V0.5.1, STM32Cube_FW_H5_V1.1.1, STM32Cube_FW_H5_V1.2.0RC2, STM32Cube_FW_H7_V1.11.0, STM32Cube_FW_L0_V1.12.2, STM32Cube_FW_L5_V1.5.0, STM32Cube_FW_U5_V1.3.0RC4, STM32Cube_FW_U5_V1.4.0, STM32Cube_FW_WBA_V1.0.0RC1, STM32Cube_FW_WBA_V1.1.0RC1, STM32Cube_FW_WBA_V1.2.0, STM32Cube_FW_WBA_V1.2.0RC2, STM32Cube_FW_WB_V1.15.0RC1, STM32Cube_FW_WB_V1.16.0, STM32Cube_FW_WB_V1.16.0RC2, STM32Cube_FW_WB_V1.18.0, STM32Cube_FW_WL_V1.3.0, X-CUBE-ALGOBUILD_V1.3.0, X-CUBE-ALS_V1.0.1, X-CUBE-AZRTOS-F4_V1.1.0, X-CUBE-AZRTOS-F7_V1.1.0, X-CUBE-AZRTOS-G0_V1.1.0, X-CUBE-AZRTOS-G4_V2.0.0, X-CUBE-AZRTOS-H7_V3.2.0, X-CUBE-AZRTOS-L4_V1.0.0, X-CUBE-AZRTOS-L4_V2.0.0, X-CUBE-AZRTOS-L5_V1.1.0, X-CUBE-AZRTOS-WB_V2.0.0, X-CUBE-AZRTOS-WL_V2.0.0, X-CUBE-BLE1_V7.0.0, X-CUBE-BLE2_V3.3.0, X-CUBE-BLEMGR_V3.0.0, X-CUBE-EEPRMA1_V4.1.0, X-CUBE-EEPRMA1_V4.2.0, X-CUBE-FREERTOS_V1.1.0, X-CUBE-GNSS1_V6.0.0, X-CUBE-MEMS1_V10.0.0, X-CUBE-MEMS1_V9.1.0, X-CUBE-MEMS1_V9.4.0, X-CUBE-MEMS1_V9.6.0, X-CUBE-NFC4_V3.0.0, X-CUBE-NFC7_V1.0.1, X-CUBE-SFXS2LP1_V4.0.0, X-CUBE-SUBG2_V5.0.0, X-CUBE-TOF1_V3.4.0]
2024-02-03 15:33:34,313 [INFO] DbBoardsSqlite:226 - include board P-NUCLEO-WB55-NUCLEO as a kit item of type 'Nucleo-64'
2024-02-03 15:33:34,313 [INFO] DbBoardsSqlite:226 - include board P-NUCLEO-WB55-USBDONGLE as a kit item of type 'Nucleo USB Dongle'
2024-02-03 15:33:34,314 [INFO] DbBoardsSqlite:226 - include board STEVAL-IDP005V1 as a kit item of type 'Evaluation Board'
2024-02-03 15:33:34,314 [INFO] DbBoardsSqlite:226 - include board STEVAL-IDP005V2 as a kit item of type 'Evaluation Board'
2024-02-03 15:33:34,369 [INFO] ApiDb:240 - Found 371 in-development CPN: [B-G473E-ZEST1S, B-WB1M-WPAN1, B-WL5M-SUBG1, NUCLEO-C031C6, NUCLEO-H503RB, NUCLEO-H563ZI, NUCLEO-U545RE-Q, NUCLEO-U5A5ZJ-Q, NUCLEO-WBA52CG, NUCLEO-WBA55CG, STEVAL-MKBOXPRO, STEVAL-PROTEUS1, STEVAL-STWINBX1, STM320518-EVAL, STM32C0116-DK, STM32C011D6Y3TR, STM32C011D6Y6TR, STM32C011F4P3, STM32C011F4P6, STM32C011F4U3, STM32C011F4U6TR, STM32C011F6P3, STM32C011F6P6, STM32C011F6U3, STM32C011F6U6TR, STM32C011J4M3, STM32C011J4M6, STM32C011J6M3, STM32C011J6M6, STM32C0316-DK, STM32C031C4T3, STM32C031C4T6, STM32C031C4U3, STM32C031C4U6, STM32C031C6T3, STM32C031C6T6, STM32C031C6U3, STM32C031C6U6, STM32C031F4P3, STM32C031F4P6, STM32C031F6P3, STM32C031F6P6, STM32C031G4U3, STM32C031G4U6, STM32C031G6U3, STM32C031G6U6, STM32C031K4T3, STM32C031K4T6, STM32C031K4U3, STM32C031K4U6, STM32C031K6T3, STM32C031K6T6, STM32C031K6U3, STM32C031K6U6, STM32G071K8TXN, STM32G071K8UXN, STM32G081GBU6N, STM32G081KBT6N, STM32G081KBUXN, STM32G0B1CCT6N, STM32G0B1KCT6, STM32G0B1NEY6TR, STM32G0B1RCT6N, STM32G0C1CCT6, STM32G0C1CCT6N, STM32G0C1CCU6N, STM32G0C1CET6N, STM32G0C1CEU6N, STM32G0C1KCT6, STM32G0C1NEY6TR, STM32G0C1RCI6N, STM32G0C1RCT6N, STM32G0C1REI6N, STM32G0C1RET6N, STM32G0C1VCI6, STM32G0C1VEI6, STM32G471CCT6, STM32G471CCU6, STM32G471CET3, STM32G471CET6, STM32G471CEU3, STM32G471CEU6, STM32G471MCT6, STM32G471MET3, STM32G471MET6, STM32G471MEY6TR, STM32G471QCT6, STM32G471QET3, STM32G471RCT6, STM32G471RET3, STM32G471RET6, STM32G471VCH6, STM32G471VCI6, STM32G471VCT6, STM32G471VEH3, STM32G471VEH6, STM32G471VEI3, STM32G471VEI6, STM32G471VET3, STM32G471VET6, STM32G474CCT6, STM32H503CBT6, STM32H503CBU6, STM32H503EBY6TR, STM32H503KBU6, STM32H503RBT6, STM32H562AGI6, STM32H562AII6, STM32H562IGK6, STM32H562IGT6, STM32H562IIK6, STM32H562IIT6, STM32H562RGT6, STM32H562RGV6, STM32H562RIT6, STM32H562RIV6, STM32H562VGT6, STM32H562VIT6, STM32H562ZGT6, STM32H562ZIT6, STM32H563AGI6, STM32H563AII3Q, STM32H563AII6, STM32H563IGK6, STM32H563IGT6, STM32H563IIK3Q, STM32H563IIK6, STM32H563IIT3Q, STM32H563IIT6, STM32H563MIY3QTR, STM32H563RGT6, STM32H563RGV6, STM32H563RIT6, STM32H563RIV6, STM32H563VGT6, STM32H563VIT3Q, STM32H563VIT6, STM32H563ZGT6, STM32H563ZIT3Q, STM32H563ZIT6, STM32H573AII3Q, STM32H573AII6, STM32H573I-DK, STM32H573IIK3Q, STM32H573IIK6, STM32H573IIT3Q, STM32H573IIT6, STM32H573MIY3QTR, STM32H573RIT6, STM32H573RIV6, STM32H573VIT3Q, STM32H573VIT6, STM32H573ZIT3Q, STM32H573ZIT6, STM32L4R5QGI6STR, STM32MP131AAE3, STM32MP131AAF3, STM32MP131AAG3, STM32MP131CAE3, STM32MP131CAF3, STM32MP131CAG3, STM32MP131DAE7, STM32MP131DAF7, STM32MP131DAG7, STM32MP131FAE7, STM32MP131FAF7, STM32MP131FAG7, STM32MP133AAE3, STM32MP133AAF3, STM32MP133AAG3, STM32MP133CAE3, STM32MP133CAF3, STM32MP133CAG3, STM32MP133DAE7, STM32MP133DAF7, STM32MP133DAG7, STM32MP133FAE7, STM32MP133FAF7, STM32MP133FAG7, STM32MP135AAE3, STM32MP135AAF3, STM32MP135AAG3, STM32MP135CAE3, STM32MP135CAF3, STM32MP135CAG3, STM32MP135DAE7, STM32MP135DAF7, STM32MP135DAG7, STM32MP135F-DK, STM32MP135FAE7, STM32MP135FAF7, STM32MP135FAF7T, STM32MP135FAF7U, STM32MP135FAG7, STM32U535CBT6, STM32U535CBT6Q, STM32U535CBU6, STM32U535CBU6Q, STM32U535CCT6, STM32U535CCT6Q, STM32U535CCU6, STM32U535CCU6Q, STM32U535CET6, STM32U535CET6Q, STM32U535CEU6, STM32U535CEU6Q, STM32U535JEY6QTR, STM32U535NCY6QTR, STM32U535NEY6QTR, STM32U535RBI6, STM32U535RBI6Q, STM32U535RBT6, STM32U535RBT6Q, STM32U535RCI6, STM32U535RCI6Q, STM32U535RCT6, STM32U535RCT6Q, STM32U535REI6, STM32U535REI6Q, STM32U535RET6, STM32U535RET6Q, STM32U535VCI6, STM32U535VCI6Q, STM32U535VCT6, STM32U535VCT6Q, STM32U535VEI6, STM32U535VEI6Q, STM32U535VET6, STM32U535VET6Q, STM32U545CET6, STM32U545CET6Q, STM32U545CEU6, STM32U545CEU6Q, STM32U545JEY6QTR, STM32U545NEY6QTR, STM32U545REI6, STM32U545REI6Q, STM32U545RET6, STM32U545RET6Q, STM32U545VEI6, STM32U545VEI6Q, STM32U545VET6, STM32U545VET6Q, STM32U595AIH6, STM32U595AIH6Q, STM32U595AJH6, STM32U595AJH6Q, STM32U595QII6, STM32U595QII6Q, STM32U595QJI6, STM32U595QJI6Q, STM32U595RIT6, STM32U595RIT6Q, STM32U595RJT6, STM32U595RJT6Q, STM32U595VIT6, STM32U595VIT6Q, STM32U595VJT6, STM32U595VJT6Q, STM32U595ZIT6, STM32U595ZIT6Q, STM32U595ZIY6QTR, STM32U595ZJT6, STM32U595ZJT6Q, STM32U595ZJY6QTR, STM32U599BJY6QTR, STM32U599NIH6Q, STM32U599NJH6Q, STM32U599VIT6Q, STM32U599VJT6, STM32U599VJT6Q, STM32U599ZIT6Q, STM32U599ZIY6QTR, STM32U599ZJT6Q, STM32U599ZJY6QTR, STM32U5A5AJH6, STM32U5A5AJH6Q, STM32U5A5QJI6, STM32U5A5QJI6Q, STM32U5A5RJT6, STM32U5A5RJT6Q, STM32U5A5VJT6, STM32U5A5VJT6Q, STM32U5A5ZJT6, STM32U5A5ZJT6Q, STM32U5A5ZJY6QTR, STM32U5A9BJY6QTR, STM32U5A9J-DK, STM32U5A9NJH6Q, STM32U5A9VJT6Q, STM32U5A9ZJT6Q, STM32U5A9ZJY6QTR, STM32U5F7VIT6, STM32U5F7VIT6Q, STM32U5F7VJT6, STM32U5F7VJT6Q, STM32U5F9BJY6QTR, STM32U5F9NJH6Q, STM32U5F9VIT6Q, STM32U5F9VJT6Q, STM32U5F9ZIJ6QTR, STM32U5F9ZIT6Q, STM32U5F9ZJJ6QTR, STM32U5F9ZJT6Q, STM32U5G7VJT6, STM32U5G7VJT6Q, STM32U5G9BJY6QTR, STM32U5G9J-DK1, STM32U5G9J-DK2, STM32U5G9NJH6Q, STM32U5G9VJT6Q, STM32U5G9ZJJ6QTR, STM32U5G9ZJT6Q, STM32WB1MMCH6, STM32WBA50KEU6, STM32WBA50KEU6TR, STM32WBA50KGU6, STM32WBA50KGU6TR, STM32WBA52CEU6, STM32WBA52CEU6TR, STM32WBA52CEU7, STM32WBA52CEU7TR, STM32WBA52CGU6, STM32WBA52CGU6TR, STM32WBA52CGU6U, STM32WBA52CGU7, STM32WBA52CGU7TR, STM32WBA52KEU6, STM32WBA52KEU6TR, STM32WBA52KGU6, STM32WBA52KGU6TR, STM32WBA54CEU6, STM32WBA54CEU6TR, STM32WBA54CEU7, STM32WBA54CEU7TR, STM32WBA54CGU6, STM32WBA54CGU6TR, STM32WBA54CGU7, STM32WBA54CGU7TR, STM32WBA54KEU6, STM32WBA54KEU6TR, STM32WBA54KEU7, STM32WBA54KEU7TR, STM32WBA54KGU6, STM32WBA54KGU6TR, STM32WBA54KGU7, STM32WBA54KGU7TR, STM32WBA55CEU6, STM32WBA55CEU6TR, STM32WBA55CEU7, STM32WBA55CEU7TR, STM32WBA55CGU6, STM32WBA55CGU6TR, STM32WBA55CGU6U, STM32WBA55CGU7, STM32WBA55CGU7TR, STM32WBA55G-DK1, STM32WBA55HEF6, STM32WBA55HEF7, STM32WBA55HGF6, STM32WBA55HGF7, STM32WBA55UEI6, STM32WBA55UEI6TR, STM32WBA55UEI7, STM32WBA55UEI7TR, STM32WBA55UGI6, STM32WBA55UGI6TR, STM32WBA55UGI7, STM32WBA55UGI7TR, STM32WL5MOCH6, STM32WL5MOCH6TR]
2024-02-03 15:33:34,495 [INFO] BoardInfo:889 - No configuration file found for board P-NUCLEO-WB55
2024-02-03 15:33:34,495 [INFO] DbBoards:161 - Kit is not supported: P-NUCLEO-WB55
2024-02-03 15:33:34,500 [INFO] BoardInfo:889 - No configuration file found for board STEVAL-BFA001V1B
2024-02-03 15:33:34,500 [INFO] DbBoards:161 - Kit is not supported: STEVAL-BFA001V1B
2024-02-03 15:33:34,501 [INFO] BoardInfo:889 - No configuration file found for board STEVAL-BFA001V2B
2024-02-03 15:33:34,501 [INFO] DbBoards:161 - Kit is not supported: STEVAL-BFA001V2B
2024-02-03 15:33:34,653 [INFO] DbBoards:168 - Found 193 boards, 190 are supported
2024-02-03 15:33:34,653 [INFO] DbBoards:169 - Found 193 boards, 3 of them is supported for  Bsp
2024-02-03 15:33:34,659 [INFO] ApiDb:423 - Load user favorites file C:\Users\ahmed/.stm32cubeide/favorites.boards.txt: 0 item(s)
2024-02-03 15:33:34,659 [INFO] ApiDb:427 - User favorites Boards=[]
2024-02-03 15:33:34,659 [INFO] DbBoards:198 - Set 0 / 0 favorites Boards
2024-02-03 15:33:34,666 [INFO] ApiDb:668 - CubeFinder database Data Model version=2.1
2024-02-03 15:33:34,666 [INFO] ApiDb:669 - CubeFinder database Configuration version=3.0.39
2024-02-03 15:33:34,666 [INFO] ApiDb:670 - CubeFinder database generation date=2024-01-11 (1704964531)
2024-02-03 15:33:34,666 [INFO] ApiDb:671 - CubeFinder database FW Pack versions=[FP-ATR-ASTRA1_V2.0.0, FP-SNS-FLIGHT1_V5.0.1, FP-SNS-FLIGHT1_V5.0.2, FP-SNS-MOTENV1_V4.3.1, FP-SNS-MOTENV1_V4.3.2, FP-SNS-MOTENVWB1_V1.3.1, FP-SNS-SMARTAG2_V1.2.0, STM32Cube_FW_C0_V1.1.0, STM32Cube_FW_F4_V1.28.0, STM32Cube_FW_F7_V1.17.0, STM32Cube_FW_G0_V1.6.2, STM32Cube_FW_G4_V1.5.2, STM32Cube_FW_H5_V0.5.1, STM32Cube_FW_H5_V1.1.1, STM32Cube_FW_H5_V1.2.0RC2, STM32Cube_FW_H7_V1.11.0, STM32Cube_FW_L0_V1.12.2, STM32Cube_FW_L5_V1.5.0, STM32Cube_FW_U5_V1.3.0RC4, STM32Cube_FW_U5_V1.4.0, STM32Cube_FW_WBA_V1.0.0RC1, STM32Cube_FW_WBA_V1.1.0RC1, STM32Cube_FW_WBA_V1.2.0, STM32Cube_FW_WBA_V1.2.0RC2, STM32Cube_FW_WB_V1.15.0RC1, STM32Cube_FW_WB_V1.16.0, STM32Cube_FW_WB_V1.16.0RC2, STM32Cube_FW_WB_V1.18.0, STM32Cube_FW_WL_V1.3.0, X-CUBE-ALGOBUILD_V1.3.0, X-CUBE-ALS_V1.0.1, X-CUBE-AZRTOS-F4_V1.1.0, X-CUBE-AZRTOS-F7_V1.1.0, X-CUBE-AZRTOS-G0_V1.1.0, X-CUBE-AZRTOS-G4_V2.0.0, X-CUBE-AZRTOS-H7_V3.2.0, X-CUBE-AZRTOS-L4_V1.0.0, X-CUBE-AZRTOS-L4_V2.0.0, X-CUBE-AZRTOS-L5_V1.1.0, X-CUBE-AZRTOS-WB_V2.0.0, X-CUBE-AZRTOS-WL_V2.0.0, X-CUBE-BLE1_V7.0.0, X-CUBE-BLE2_V3.3.0, X-CUBE-BLEMGR_V3.0.0, X-CUBE-EEPRMA1_V4.1.0, X-CUBE-EEPRMA1_V4.2.0, X-CUBE-FREERTOS_V1.1.0, X-CUBE-GNSS1_V6.0.0, X-CUBE-MEMS1_V10.0.0, X-CUBE-MEMS1_V9.1.0, X-CUBE-MEMS1_V9.4.0, X-CUBE-MEMS1_V9.6.0, X-CUBE-NFC4_V3.0.0, X-CUBE-NFC7_V1.0.1, X-CUBE-SFXS2LP1_V4.0.0, X-CUBE-SUBG2_V5.0.0, X-CUBE-TOF1_V3.4.0]
2024-02-03 15:33:35,765 [ERROR] DbExamplesSqlite:437 - Missing JSON key: board_cpn
2024-02-03 15:33:35,766 [ERROR] DbExamplesSqlite:437 - Missing JSON key: board_cpn
2024-02-03 15:33:35,766 [ERROR] DbExamplesSqlite:437 - Missing JSON key: board_cpn
2024-02-03 15:33:35,766 [ERROR] DbExamplesSqlite:437 - Missing JSON key: board_cpn
2024-02-03 15:33:35,806 [INFO] DbExamplesSqlite:395 - Ignored 55 examples not supported by CubeIDE
2024-02-03 15:33:35,806 [INFO] DbExamplesSqlite:396 - Found 7560 examples active
2024-02-03 15:33:35,806 [INFO] DbExamplesSqlite:397 - Found 844 examples obsolete
2024-02-03 15:33:35,806 [INFO] DbExamplesSqlite:398 - Found 0 examples under development
2024-02-03 15:33:35,806 [INFO] DbExamplesSqlite:399 - Found 8 examples not building
2024-02-03 15:33:35,809 [INFO] DbExamples:125 - Found 7513 examples
2024-02-03 15:33:35,819 [INFO] DbExamples:222 - Found 95 boards with related examples
2024-02-03 15:33:35,820 [INFO] DbExamples:235 - Found 80 MCUs with related examples
2024-02-03 15:33:35,839 [INFO] ApiDb:414 - User favorites file not found: C:\Users\ahmed/.stm32cubeide/favorites.examples.txt
2024-02-03 15:33:35,839 [INFO] DbExamples:250 - Set 0 / 0 favorites Examples
2024-02-03 15:33:36,068 [INFO] McuFinderGlobals:76 - Set McuFinderConnectedMode to true
2024-02-03 15:33:36,079 [INFO] MultiScanPanel:200 - Auto-refresh data requested => check proxy status ongoing
2024-02-03 15:33:36,085 [INFO] FinderPluginLoader:95 - Searching for filters in installed packs
2024-02-03 15:33:37,976 [INFO] LoadUrlFilesThread:185 - End of LoadServerUrlFiles without Thread
2024-02-03 15:33:37,997 [INFO] DetailPanel:341 - Set advertising image to C:/Users/ahmed/STM32Cube/Repository/\en.prom-stm32wl3-mcu-finder.jpg
2024-02-03 15:35:48,473 [INFO] McuFinderGlobals:76 - Set McuFinderConnectedMode to true
2024-02-03 15:35:48,476 [INFO] ApiDb:448 - Save user favorites file C:\Users\ahmed/.stm32cubeide/favorites.mcus.txt: 0 item(s)
2024-02-03 15:35:48,476 [INFO] ApiDb:452 - User favorites MCUs=[]
2024-02-03 16:17:59,182 [ERROR] LogOutputStream:75 - [STDERR_REDIRECT] 
2024-02-03 16:17:59,188 [ERROR] LogOutputStream:75 - [STDERR_REDIRECT] 
2024-02-03 19:23:37,533 [INFO] Activator:176 - 


2024-02-03 19:23:37,535 [INFO] Activator:177 - !SESSION log4j initialized
2024-02-03 19:23:43,741 [INFO] LogOutputStream:77 - [STDOUT_REDIRECT] 
2024-02-03 19:23:45,378 [INFO] ApplicationProperties:184 - Using Application install path: C:\ST\STM32CubeIDE_1.14.0\STM32CubeIDE\plugins\com.st.stm32cube.common.mx_6.10.0.202311202037
2024-02-03 19:23:45,407 [INFO] DbMcusXml:78 - Set database path to: C:\ST\STM32CubeIDE_1.14.0\STM32CubeIDE\plugins\com.st.stm32cube.common.mx_6.10.0.202311202037\\db\/mcu/
2024-02-03 19:23:45,407 [INFO] ApiDb:274 - Set plugin database path to: C:\ST\STM32CubeIDE_1.14.0\STM32CubeIDE\plugins\com.st.stm32cube.common.mx_6.10.0.202311202037\\db\/plugins/boardmanager/
2024-02-03 19:23:45,408 [WARN] ApiDb:259 - Overriding images path with different value:  => C:\ST\STM32CubeIDE_1.14.0\STM32CubeIDE\plugins\com.st.stm32cube.common.mx_6.10.0.202311202037\\db\/plugins/mcufinder/images/
2024-02-03 19:23:45,417 [INFO] ApiDb:250 - Set database path to: C:\Users\ahmed\.stmcufinder\plugins\mcufinder//mcu/
2024-02-03 19:23:45,418 [INFO] DbMcusAds:125 - Set database path to: C:\Users\ahmed\.stmcufinder\plugins\mcufinder//mcu/
2024-02-03 19:23:45,420 [INFO] CrossReferenceDbSqlite:203 - Set database path to: C:\Users\ahmed\.stmcufinder\plugins\mcufinder//mcu/cs/
2024-02-03 19:23:45,587 [INFO] RulesReader:64 - Compatibility file has been processed (297 Rules)
2024-02-03 19:23:45,693 [INFO] DbMcusXml:78 - Set database path to: C:\ST\STM32CubeIDE_1.14.0\STM32CubeIDE\plugins\com.st.stm32cube.common.mx_6.10.0.202311202037\\db\/mcu/
2024-02-03 19:23:45,694 [INFO] ApiDb:274 - Set plugin database path to: C:\ST\STM32CubeIDE_1.14.0\STM32CubeIDE\plugins\com.st.stm32cube.common.mx_6.10.0.202311202037\\db\/plugins/boardmanager/
2024-02-03 19:23:45,694 [INFO] ApiDb:261 - Set plugin images path to: C:\ST\STM32CubeIDE_1.14.0\STM32CubeIDE\plugins\com.st.stm32cube.common.mx_6.10.0.202311202037\\db\/plugins/mcufinder/images/
2024-02-03 19:23:45,694 [WARN] DbFile:41 - Overriding database path with different value: C:\Users\ahmed\.stmcufinder\plugins\mcufinder/ => C:\Users\ahmed\.stmcufinder\plugins\mcufinder
2024-02-03 19:23:45,695 [INFO] ApiDb:250 - Set database path to: C:\Users\ahmed\.stmcufinder\plugins\mcufinder//mcu/
2024-02-03 19:23:45,695 [WARN] DbFile:41 - Overriding database path with different value: C:\Users\ahmed\.stmcufinder\plugins\mcufinder/ => C:\Users\ahmed\.stmcufinder\plugins\mcufinder
2024-02-03 19:23:45,695 [INFO] DbMcusAds:125 - Set database path to: C:\Users\ahmed\.stmcufinder\plugins\mcufinder//mcu/
2024-02-03 19:23:45,695 [WARN] DbFile:41 - Overriding database path with different value: C:\Users\ahmed\.stmcufinder\plugins\mcufinder/ => C:\Users\ahmed\.stmcufinder\plugins\mcufinder
2024-02-03 19:23:45,695 [WARN] DbFile:41 - Overriding database path with different value: C:\Users\ahmed\.stmcufinder\plugins\mcufinder/ => C:\Users\ahmed\.stmcufinder\plugins\mcufinder
2024-02-03 19:23:45,695 [INFO] CrossReferenceDbSqlite:203 - Set database path to: C:\Users\ahmed\.stmcufinder\plugins\mcufinder//mcu/cs/
2024-02-03 19:23:45,815 [INFO] MainPanel:264 - HeapMemory: 268435456
2024-02-03 19:23:45,936 [INFO] DbMcusXml:78 - Set database path to: C:\ST\STM32CubeIDE_1.14.0\STM32CubeIDE\plugins\com.st.stm32cube.common.mx_6.10.0.202311202037\\db\/mcu/
2024-02-03 19:23:45,937 [INFO] ApiDb:274 - Set plugin database path to: C:\ST\STM32CubeIDE_1.14.0\STM32CubeIDE\plugins\com.st.stm32cube.common.mx_6.10.0.202311202037\\db\/plugins/boardmanager/
2024-02-03 19:23:45,937 [INFO] ApiDb:261 - Set plugin images path to: C:\ST\STM32CubeIDE_1.14.0\STM32CubeIDE\plugins\com.st.stm32cube.common.mx_6.10.0.202311202037\\db\/plugins/mcufinder/images/
2024-02-03 19:23:45,937 [WARN] DbFile:41 - Overriding database path with different value: C:\Users\ahmed\.stmcufinder\plugins\mcufinder/ => C:\Users\ahmed\.stmcufinder\plugins\mcufinder
2024-02-03 19:23:45,937 [INFO] ApiDb:250 - Set database path to: C:\Users\ahmed\.stmcufinder\plugins\mcufinder//mcu/
2024-02-03 19:23:45,938 [WARN] DbFile:41 - Overriding database path with different value: C:\Users\ahmed\.stmcufinder\plugins\mcufinder/ => C:\Users\ahmed\.stmcufinder\plugins\mcufinder
2024-02-03 19:23:45,938 [INFO] DbMcusAds:125 - Set database path to: C:\Users\ahmed\.stmcufinder\plugins\mcufinder//mcu/
2024-02-03 19:23:45,938 [WARN] DbFile:41 - Overriding database path with different value: C:\Users\ahmed\.stmcufinder\plugins\mcufinder/ => C:\Users\ahmed\.stmcufinder\plugins\mcufinder
2024-02-03 19:23:45,938 [WARN] DbFile:41 - Overriding database path with different value: C:\Users\ahmed\.stmcufinder\plugins\mcufinder/ => C:\Users\ahmed\.stmcufinder\plugins\mcufinder
2024-02-03 19:23:45,938 [INFO] CrossReferenceDbSqlite:203 - Set database path to: C:\Users\ahmed\.stmcufinder\plugins\mcufinder//mcu/cs/
2024-02-03 19:23:45,961 [INFO] ApplicationProperties:184 - Using Application install path: C:\ST\STM32CubeIDE_1.14.0\STM32CubeIDE\plugins\com.st.stm32cube.common.mx_6.10.0.202311202037
2024-02-03 19:23:45,964 [INFO] PluginManage:196 - Search for loadable plugins [exclusion list=, ]
2024-02-03 19:23:45,966 [INFO] PluginManage:310 - Check plugin analytics
2024-02-03 19:23:46,167 [INFO] AnalyticsPlugin:253 - Accepted Software Licenses: 
2024-02-03 19:23:46,168 [INFO] AnalyticsPlugin:255 - Accepted CMSIS Pack Licenses: 
2024-02-03 19:23:46,168 [INFO] AnalyticsPlugin:257 - Accepted Firmware Licenses: 
2024-02-03 19:23:46,174 [INFO] PluginManage:359 - Loaded plugin analytics (category:tool,tabindex:-1)
2024-02-03 19:23:46,176 [INFO] PluginManage:310 - Check plugin cadmodel
2024-02-03 19:23:46,182 [INFO] CADModel:105 - Init CAD model plugin
2024-02-03 19:23:46,182 [INFO] PluginManage:359 - Loaded plugin cadmodel (category:power,tabindex:5)
2024-02-03 19:23:46,182 [INFO] PluginManage:310 - Check plugin clock
2024-02-03 19:23:46,193 [INFO] PluginManage:359 - Loaded plugin clock (category:base,tabindex:2)
2024-02-03 19:23:46,193 [INFO] PluginManage:310 - Check plugin ddr
2024-02-03 19:23:46,195 [INFO] PluginManage:359 - Loaded plugin ddr (category:tool,tabindex:6)
2024-02-03 19:23:46,196 [INFO] PluginManage:310 - Check plugin filemanager
2024-02-03 19:23:46,352 [INFO] PluginManage:359 - Loaded plugin filemanager (category:base,tabindex:10)
2024-02-03 19:23:46,352 [INFO] PluginManage:310 - Check plugin ipmanager
2024-02-03 19:23:46,361 [INFO] PluginManage:359 - Loaded plugin ipmanager (category:base,tabindex:5)
2024-02-03 19:23:46,361 [INFO] PluginManage:310 - Check plugin lpbam
2024-02-03 19:23:46,370 [INFO] PluginManage:359 - Loaded plugin lpbam (category:base,tabindex:0)
2024-02-03 19:23:46,371 [INFO] PluginManage:310 - Check plugin memorymap
2024-02-03 19:23:46,388 [INFO] PluginManage:359 - Loaded plugin memorymap (category:base,tabindex:4)
2024-02-03 19:23:46,388 [INFO] PluginManage:310 - Check plugin pinoutandconfiguration
2024-02-03 19:23:46,398 [INFO] PluginManage:359 - Loaded plugin pinoutandconfiguration (category:base,tabindex:1)
2024-02-03 19:23:46,398 [INFO] PluginManage:310 - Check plugin pinoutconfig
2024-02-03 19:23:46,523 [WARN] SupportedApi:132 - Cannot load RTOS API schema: s4s-elt-must-match.1: The content of 'definitions' must match (annotation?, (simpleType | complexType)?, (unique | key | keyref)*)). A problem was found starting at: attribute.
2024-02-03 19:23:46,687 [INFO] PluginManage:359 - Loaded plugin pinoutconfig (category:base,tabindex:0)
2024-02-03 19:23:46,687 [INFO] PluginManage:310 - Check plugin power
2024-02-03 19:23:46,701 [INFO] PluginManage:359 - Loaded plugin power (category:power,tabindex:4)
2024-02-03 19:23:46,702 [INFO] PluginManage:310 - Check plugin projectmanager
2024-02-03 19:23:46,729 [INFO] PluginManage:359 - Loaded plugin projectmanager (category:projectmanager,tabindex:3)
2024-02-03 19:23:46,729 [INFO] PluginManage:310 - Check plugin thirdparty
2024-02-03 19:23:46,912 [INFO] PluginManage:359 - Loaded plugin thirdparty (category:base,tabindex:-1)
2024-02-03 19:23:46,912 [INFO] PluginManage:310 - Check plugin tools
2024-02-03 19:23:46,914 [WARN] IntegrityCheckThread:84 - waiting for thirdparty lock release [integrity check]
2024-02-03 19:23:46,915 [INFO] IntegrityCheckThread:86 - entering critical section [integrity check]
2024-02-03 19:23:46,916 [INFO] ThirdPartyUpdaterWithRetryManager:70 - Updater plugin not ready yet. [1/15]
2024-02-03 19:23:46,917 [INFO] PluginManage:359 - Loaded plugin tools (category:base,tabindex:7)
2024-02-03 19:23:46,917 [INFO] PluginManage:310 - Check plugin tutovideos
2024-02-03 19:23:47,151 [INFO] PluginManage:359 - Loaded plugin tutovideos (category:base,tabindex:-1)
2024-02-03 19:23:47,151 [INFO] PluginManage:310 - Check plugin updater
2024-02-03 19:23:47,165 [INFO] PluginManage:359 - Loaded plugin updater (category:base,tabindex:12)
2024-02-03 19:23:47,165 [INFO] PluginManage:310 - Check plugin userauth
2024-02-03 19:23:47,172 [INFO] UserAuth:114 - Init User Auth plugin
2024-02-03 19:23:47,172 [INFO] PluginManage:359 - Loaded plugin userauth (category:base,tabindex:14)
2024-02-03 19:23:47,173 [INFO] PluginManage:283 - PluginManage : Loaded plugins [17]
2024-02-03 19:23:47,475 [INFO] PinOutPanel:1499 - setPackage(No Configuration,No Configuration)
2024-02-03 19:23:47,570 [INFO] CADModel:165 - CPN selected for project level
2024-02-03 19:23:47,570 [INFO] CADModel:114 - Register for checkConnection events
2024-02-03 19:23:47,589 [INFO] IPUIPlugin:80 - create IPUIPlugin
2024-02-03 19:23:47,590 [INFO] PluginManager:220 - loadIPPluginJar : add adc
2024-02-03 19:23:47,593 [INFO] IPUIPlugin:80 - create IPUIPlugin
2024-02-03 19:23:47,593 [INFO] PluginManager:220 - loadIPPluginJar : add aes
2024-02-03 19:23:47,596 [INFO] IPUIPlugin:80 - create IPUIPlugin
2024-02-03 19:23:47,596 [INFO] PluginManager:220 - loadIPPluginJar : add can
2024-02-03 19:23:47,598 [INFO] IPUIPlugin:80 - create IPUIPlugin
2024-02-03 19:23:47,599 [INFO] PluginManager:220 - loadIPPluginJar : add comp
2024-02-03 19:23:47,602 [INFO] IPUIPlugin:80 - create IPUIPlugin
2024-02-03 19:23:47,602 [INFO] PluginManager:220 - loadIPPluginJar : add cryp
2024-02-03 19:23:47,605 [INFO] IPUIPlugin:80 - create IPUIPlugin
2024-02-03 19:23:47,605 [INFO] PluginManager:220 - loadIPPluginJar : add dfsdm
2024-02-03 19:23:47,612 [INFO] IPUIPlugin:80 - create IPUIPlugin
2024-02-03 19:23:47,613 [INFO] PluginManager:220 - loadIPPluginJar : add dma
2024-02-03 19:23:47,616 [INFO] IPUIPlugin:80 - create IPUIPlugin
2024-02-03 19:23:47,616 [INFO] PluginManager:220 - loadIPPluginJar : add dma3
2024-02-03 19:23:47,618 [INFO] IPUIPlugin:80 - create IPUIPlugin
2024-02-03 19:23:47,618 [INFO] PluginManager:220 - loadIPPluginJar : add fatfs
2024-02-03 19:23:47,622 [INFO] IPUIPlugin:80 - create IPUIPlugin
2024-02-03 19:23:47,622 [INFO] PluginManager:220 - loadIPPluginJar : add fmc
2024-02-03 19:23:47,628 [INFO] IPUIPlugin:80 - create IPUIPlugin
2024-02-03 19:23:47,629 [INFO] PluginManager:220 - loadIPPluginJar : add freertos
2024-02-03 19:23:47,630 [INFO] IPUIPlugin:80 - create IPUIPlugin
2024-02-03 19:23:47,630 [INFO] PluginManager:220 - loadIPPluginJar : add genericplugin
2024-02-03 19:23:47,633 [INFO] IPUIPlugin:80 - create IPUIPlugin
2024-02-03 19:23:47,634 [INFO] PluginManager:220 - loadIPPluginJar : add gfxmmu
2024-02-03 19:23:47,640 [INFO] IPUIPlugin:80 - create IPUIPlugin
2024-02-03 19:23:47,640 [INFO] PluginManager:220 - loadIPPluginJar : add gic
2024-02-03 19:23:47,645 [INFO] IPUIPlugin:80 - create IPUIPlugin
2024-02-03 19:23:47,646 [INFO] PluginManager:220 - loadIPPluginJar : add gpio
2024-02-03 19:23:47,649 [INFO] IPUIPlugin:80 - create IPUIPlugin
2024-02-03 19:23:47,649 [INFO] PluginManager:220 - loadIPPluginJar : add gtzc
2024-02-03 19:23:47,652 [INFO] IPUIPlugin:80 - create IPUIPlugin
2024-02-03 19:23:47,652 [INFO] PluginManager:220 - loadIPPluginJar : add hash
2024-02-03 19:23:47,656 [INFO] IPUIPlugin:80 - create IPUIPlugin
2024-02-03 19:23:47,656 [INFO] PluginManager:220 - loadIPPluginJar : add i2c
2024-02-03 19:23:47,659 [INFO] IPUIPlugin:80 - create IPUIPlugin
2024-02-03 19:23:47,659 [INFO] PluginManager:220 - loadIPPluginJar : add i2s
2024-02-03 19:23:47,662 [INFO] IPUIPlugin:80 - create IPUIPlugin
2024-02-03 19:23:47,662 [INFO] PluginManager:220 - loadIPPluginJar : add i3c
2024-02-03 19:23:47,666 [INFO] IPUIPlugin:80 - create IPUIPlugin
2024-02-03 19:23:47,666 [INFO] PluginManager:220 - loadIPPluginJar : add ipddr
2024-02-03 19:23:47,675 [INFO] IPUIPlugin:80 - create IPUIPlugin
2024-02-03 19:23:47,675 [INFO] PluginManager:220 - loadIPPluginJar : add linkedlist
2024-02-03 19:23:47,678 [INFO] IPUIPlugin:80 - create IPUIPlugin
2024-02-03 19:23:47,678 [INFO] PluginManager:220 - loadIPPluginJar : add lorawan
2024-02-03 19:23:47,680 [INFO] IPUIPlugin:80 - create IPUIPlugin
2024-02-03 19:23:47,681 [INFO] PluginManager:220 - loadIPPluginJar : add ltdc
2024-02-03 19:23:47,687 [INFO] IPUIPlugin:80 - create IPUIPlugin
2024-02-03 19:23:47,688 [INFO] PluginManager:220 - loadIPPluginJar : add mdma
2024-02-03 19:23:47,693 [INFO] IPUIPlugin:80 - create IPUIPlugin
2024-02-03 19:23:47,693 [INFO] PluginManager:220 - loadIPPluginJar : add nvic
2024-02-03 19:23:47,697 [INFO] IPUIPlugin:80 - create IPUIPlugin
2024-02-03 19:23:47,697 [INFO] PluginManager:220 - loadIPPluginJar : add opamp
2024-02-03 19:23:47,701 [INFO] IPUIPlugin:80 - create IPUIPlugin
2024-02-03 19:23:47,701 [INFO] PluginManager:220 - loadIPPluginJar : add openamp
2024-02-03 19:23:47,705 [INFO] IPUIPlugin:80 - create IPUIPlugin
2024-02-03 19:23:47,705 [INFO] PluginManager:220 - loadIPPluginJar : add pdm2pcm
2024-02-03 19:23:47,712 [INFO] IPUIPlugin:80 - create IPUIPlugin
2024-02-03 19:23:47,715 [INFO] PluginManager:220 - loadIPPluginJar : add plateformsettings
2024-02-03 19:23:47,716 [INFO] IPUIPlugin:80 - create IPUIPlugin
2024-02-03 19:23:47,717 [INFO] PluginManager:220 - loadIPPluginJar : add quadspi
2024-02-03 19:23:47,721 [INFO] IPUIPlugin:80 - create IPUIPlugin
2024-02-03 19:23:47,721 [INFO] PluginManager:220 - loadIPPluginJar : add resmgrutility
2024-02-03 19:23:47,724 [INFO] IPUIPlugin:80 - create IPUIPlugin
2024-02-03 19:23:47,724 [INFO] PluginManager:220 - loadIPPluginJar : add sai
2024-02-03 19:23:47,726 [INFO] IPUIPlugin:80 - create IPUIPlugin
2024-02-03 19:23:47,726 [INFO] PluginManager:220 - loadIPPluginJar : add spi
2024-02-03 19:23:47,731 [INFO] IPUIPlugin:80 - create IPUIPlugin
2024-02-03 19:23:47,732 [INFO] PluginManager:220 - loadIPPluginJar : add stm32_wpan
2024-02-03 19:23:47,734 [INFO] IPUIPlugin:80 - create IPUIPlugin
2024-02-03 19:23:47,734 [INFO] PluginManager:220 - loadIPPluginJar : add tim
2024-02-03 19:23:47,737 [INFO] IPUIPlugin:80 - create IPUIPlugin
2024-02-03 19:23:47,738 [INFO] PluginManager:220 - loadIPPluginJar : add touchsensing
2024-02-03 19:23:47,740 [INFO] IPUIPlugin:80 - create IPUIPlugin
2024-02-03 19:23:47,740 [INFO] PluginManager:220 - loadIPPluginJar : add tracer_emb
2024-02-03 19:23:47,741 [INFO] IPUIPlugin:80 - create IPUIPlugin
2024-02-03 19:23:47,742 [INFO] PluginManager:220 - loadIPPluginJar : add ts
2024-02-03 19:23:47,743 [INFO] IPUIPlugin:80 - create IPUIPlugin
2024-02-03 19:23:47,743 [INFO] PluginManager:220 - loadIPPluginJar : add tsc
2024-02-03 19:23:47,745 [INFO] IPUIPlugin:80 - create IPUIPlugin
2024-02-03 19:23:47,745 [INFO] PluginManager:220 - loadIPPluginJar : add ucpd
2024-02-03 19:23:47,749 [INFO] IPUIPlugin:80 - create IPUIPlugin
2024-02-03 19:23:47,749 [INFO] PluginManager:220 - loadIPPluginJar : add usart
2024-02-03 19:23:47,754 [INFO] IPUIPlugin:80 - create IPUIPlugin
2024-02-03 19:23:47,754 [INFO] PluginManager:220 - loadIPPluginJar : add usbx
2024-02-03 19:23:47,909 [INFO] CADModel:165 - CPN selected for project level
2024-02-03 19:23:47,909 [INFO] CADModel:114 - Register for checkConnection events
2024-02-03 19:23:47,909 [FATAL] Updater:308 - Updater called before beeing initialized
2024-02-03 19:23:47,910 [ERROR] CADModel:125 - Updater not yet initialized, retry later 
2024-02-03 19:23:48,124 [INFO] CADModel:165 - CPN selected for project level
2024-02-03 19:23:48,124 [INFO] CADModel:114 - Register for checkConnection events
2024-02-03 19:23:48,125 [FATAL] Updater:308 - Updater called before beeing initialized
2024-02-03 19:23:48,125 [ERROR] CADModel:125 - Updater not yet initialized, retry later 
2024-02-03 19:23:48,128 [FATAL] Updater:308 - Updater called before beeing initialized
2024-02-03 19:23:48,285 [FATAL] Updater:308 - Updater called before beeing initialized
2024-02-03 19:23:48,290 [INFO] DbMcusAds:53 - JSON generation date=Wed Nov 29 11:52:27 WAT 2023 (1701255147200)
2024-02-03 19:23:48,290 [FATAL] Updater:308 - Updater called before beeing initialized
2024-02-03 19:23:48,330 [WARN] DetailPanel:346 - Failed to get advertising image, set to default
2024-02-03 19:23:48,440 [FATAL] Updater:308 - Updater called before beeing initialized
2024-02-03 19:23:48,443 [FATAL] Updater:308 - Updater called before beeing initialized
2024-02-03 19:23:48,443 [FATAL] Updater:308 - Updater called before beeing initialized
2024-02-03 19:23:48,443 [WARN] DetailPanel:346 - Failed to get advertising image, set to default
2024-02-03 19:23:48,444 [FATAL] Updater:308 - Updater called before beeing initialized
2024-02-03 19:23:48,523 [ERROR] Updater:1120 - MainUpdater not yet initialized. External WinMGr cannot be set.
2024-02-03 19:23:48,529 [INFO] Updater:1056 - Updater Version found : 6.10.0
2024-02-03 19:23:48,560 [INFO] ApplicationProperties:184 - Using Application install path: C:\ST\STM32CubeIDE_1.14.0\STM32CubeIDE\plugins\com.st.stm32cube.common.mx_6.10.0.202311202037
2024-02-03 19:23:49,917 [INFO] ThirdPartyUpdaterWithRetryManager:70 - Updater plugin not ready yet. [2/15]
2024-02-03 19:23:50,155 [ERROR] LogOutputStream:75 - [STDERR_REDIRECT] Feb 03, 2024 7:23:50 PM java.util.prefs.WindowsPreferences <init>
2024-02-03 19:23:50,157 [ERROR] LogOutputStream:75 - [STDERR_REDIRECT] WARNING: Could not open/create prefs root node Software\JavaSoft\Prefs at root 0xffffffff80000002. Windows RegCreateKeyEx(...) returned error code 5.
2024-02-03 19:23:50,157 [ERROR] LogOutputStream:75 - [STDERR_REDIRECT] 
2024-02-03 19:23:50,683 [INFO] MainUpdater:2873 - connection check result : 10
2024-02-03 19:23:50,684 [INFO] MainUpdater:290 - Updater Check For Update Now.
2024-02-03 19:23:50,685 [INFO] MicroXplorer:498 - Change Database Version : DB.6.0.100
2024-02-03 19:23:50,704 [INFO] McuFinderGlobals:63 - Set McuFinder mode to 2 (CubeIDE integrated)
2024-02-03 19:23:50,974 [INFO] CheckServerUpdateThread:120 - End of CheckServer Thread
2024-02-03 19:23:51,117 [INFO] UserAuth:404 - Internet connection configuration mode: 1
2024-02-03 19:23:51,146 [INFO] JxBrowserEngine:152 - Initiate JxBrowser Engine with user profile folder
2024-02-03 19:23:52,087 [INFO] WebApp:161 - Instantiating new browser for Auth
2024-02-03 19:23:53,126 [WARN] PackLoader:240 - Cannot read IP mode file for STMicroelectronics.X-CUBE-SMBUS.2.1.0
2024-02-03 19:23:53,141 [WARN] PackLoader:240 - Cannot read IP mode file for STMicroelectronics.X-CUBE-TOUCHGFX.4.23.0
2024-02-03 19:23:53,179 [WARN] PackLoader:240 - Cannot read IP mode file for STMicroelectronics.X-CUBE-AZRTOS-F7.1.1.0
2024-02-03 19:23:53,197 [WARN] PackLoader:240 - Cannot read IP mode file for STMicroelectronics.FP-SNS-MOTENV1.4.3.2
2024-02-03 19:23:53,208 [WARN] PackLoader:240 - Cannot read IP mode file for STMicroelectronics.FP-SNS-FLIGHT1.5.0.2
2024-02-03 19:23:53,231 [WARN] PackLoader:240 - Cannot read IP mode file for STMicroelectronics.X-CUBE-DISPLAY.3.0.0
2024-02-03 19:23:53,262 [WARN] PackLoader:240 - Cannot read IP mode file for STMicroelectronics.X-CUBE-BLE1.7.0.0
2024-02-03 19:23:53,271 [WARN] PackLoader:240 - Cannot read IP mode file for emotas.I-CUBE-CANOPEN.1.3.0
2024-02-03 19:23:53,281 [WARN] PackLoader:240 - Cannot read IP mode file for STMicroelectronics.FP-SNS-SMARTAG2.1.2.0
2024-02-03 19:23:53,306 [INFO] LogOutputStream:77 - [STDOUT_REDIRECT] 1 : Invalid condition id : UX_CORESTACK_Condition cause : null
2024-02-03 19:23:53,308 [INFO] LogOutputStream:77 - [STDOUT_REDIRECT] 1 : Invalid condition id : UX_CORESTACK_Condition cause : null
2024-02-03 19:23:53,310 [INFO] LogOutputStream:77 - [STDOUT_REDIRECT] 1 : Invalid condition id : UX_CORESTACK_Condition cause : null
2024-02-03 19:23:53,313 [INFO] LogOutputStream:77 - [STDOUT_REDIRECT] 1 : Invalid condition id : UX_CORESTACK_Condition cause : null
2024-02-03 19:23:53,315 [INFO] LogOutputStream:77 - [STDOUT_REDIRECT] 1 : Invalid condition id : UX_CORESTACK_Condition cause : null
2024-02-03 19:23:53,321 [WARN] PackLoader:240 - Cannot read IP mode file for STMicroelectronics.X-CUBE-AZRTOS-WL.2.0.0
2024-02-03 19:23:53,339 [WARN] PackLoader:240 - Cannot read IP mode file for WES.I-CUBE-Cesium.1.3.0
2024-02-03 19:23:53,346 [WARN] PackLoader:240 - Cannot read IP mode file for STMicroelectronics.X-CUBE-BLE2.3.3.0
2024-02-03 19:23:53,356 [WARN] PackLoader:240 - Cannot read IP mode file for STMicroelectronics.X-CUBE-ALGOBUILD.1.3.0
2024-02-03 19:23:53,403 [WARN] PackLoader:240 - Cannot read IP mode file for STMicroelectronics.X-CUBE-AZRTOS-G0.1.1.0
2024-02-03 19:23:53,411 [WARN] PackLoader:240 - Cannot read IP mode file for STMicroelectronics.X-CUBE-NFC4.3.0.0
2024-02-03 19:23:53,422 [WARN] PackLoader:240 - Cannot read IP mode file for STMicroelectronics.X-CUBE-BLEMGR.3.0.0
2024-02-03 19:23:53,431 [WARN] PackLoader:240 - Cannot read IP mode file for STMicroelectronics.FP-ATR-SIGFOX1.3.2.0
2024-02-03 19:23:53,439 [WARN] PackLoader:240 - Cannot read IP mode file for STMicroelectronics.X-CUBE-EEPRMA1.5.1.0
2024-02-03 19:23:53,457 [INFO] WebApp:780 - Register for checkConnection events
2024-02-03 19:23:53,458 [INFO] WebApp:414 - Apply proxy settings
2024-02-03 19:23:53,458 [INFO] WebApp:499 - Chromium requires no authentication
2024-02-03 19:23:53,480 [WARN] PackLoader:240 - Cannot read IP mode file for SEGGER.I-CUBE-embOS.1.3.1
2024-02-03 19:23:53,538 [INFO] WebApp:442 - Direct internet connection detected
2024-02-03 19:23:53,542 [WARN] PackLoader:240 - Cannot read IP mode file for STMicroelectronics.X-CUBE-GNSS1.6.0.0
2024-02-03 19:23:53,558 [WARN] PackLoader:240 - Cannot read IP mode file for STMicroelectronics.X-CUBE-AZRTOS-F4.1.1.0
2024-02-03 19:23:53,570 [WARN] PackLoader:240 - Cannot read IP mode file for wolfSSL.I-CUBE-wolfSSL.5.6.6
2024-02-03 19:23:53,588 [WARN] PackLoader:240 - Cannot read IP mode file for STMicroelectronics.X-CUBE-AZRTOS-L5.2.0.0
2024-02-03 19:23:53,596 [WARN] PackLoader:240 - Cannot read IP mode file for ITTIA_DB.I-CUBE-ITTIADB.8.8.0
2024-02-03 19:23:53,602 [WARN] PackLoader:240 - Cannot read IP mode file for STMicroelectronics.X-CUBE-NFC7.1.0.1
2024-02-03 19:23:53,609 [WARN] PackLoader:240 - Cannot read IP mode file for STMicroelectronics.X-CUBE-NFC6.3.0.0
2024-02-03 19:23:53,616 [WARN] PackLoader:240 - Cannot read IP mode file for STMicroelectronics.X-CUBE-AI.8.1.0
2024-02-03 19:23:53,637 [WARN] ConditionMgr:438 - getConditionDescription Invalid condition id : LAN8742 Phy interface Condition cause : null
2024-02-03 19:23:53,637 [WARN] PackLoader:240 - Cannot read IP mode file for STMicroelectronics.X-CUBE-AZRTOS-L4.2.0.0
2024-02-03 19:23:53,639 [WARN] ConditionMgr:1039 - genDependencies : Invalid condition id : LAN8742 Phy interface Condition cause : null
2024-02-03 19:23:53,639 [WARN] ConditionMgr:1039 - genDependencies : Invalid condition id : LAN8742 Phy interface Condition cause : null
2024-02-03 19:23:53,639 [WARN] ConditionMgr:1039 - genDependencies : Invalid condition id : LAN8742 Phy interface Condition cause : null
2024-02-03 19:23:53,648 [WARN] PackLoader:240 - Cannot read IP mode file for STMicroelectronics.X-CUBE-SFXS2LP1.4.0.0
2024-02-03 19:23:53,673 [WARN] ConditionMgr:438 - getConditionDescription Invalid condition id : UX DEVICE CLASS RTOS Condition cause : null
2024-02-03 19:23:53,673 [WARN] ConditionMgr:438 - getConditionDescription Invalid condition id : UX DEVICE CLASS RTOS Condition cause : null
2024-02-03 19:23:53,675 [WARN] PackLoader:240 - Cannot read IP mode file for STMicroelectronics.X-CUBE-AZRTOS-WB.2.0.0
2024-02-03 19:23:53,676 [WARN] ConditionMgr:1039 - genDependencies : Invalid condition id : UX DEVICE CLASS RTOS Condition cause : null
2024-02-03 19:23:53,676 [WARN] ConditionMgr:1039 - genDependencies : Invalid condition id : UX DEVICE CLASS RTOS Condition cause : null
2024-02-03 19:23:53,676 [WARN] ConditionMgr:1039 - genDependencies : Invalid condition id : UX DEVICE CLASS RTOS Condition cause : null
2024-02-03 19:23:53,676 [WARN] ConditionMgr:1039 - genDependencies : Invalid condition id : UX DEVICE CLASS RTOS Condition cause : null
2024-02-03 19:23:53,676 [WARN] ConditionMgr:1039 - genDependencies : Invalid condition id : UX DEVICE CLASS RTOS Condition cause : null
2024-02-03 19:23:53,688 [WARN] PackLoader:240 - Cannot read IP mode file for STMicroelectronics.X-CUBE-SUBG2.5.0.0
2024-02-03 19:23:53,705 [WARN] PackLoader:240 - Cannot read IP mode file for STMicroelectronics.X-CUBE-AZRTOS-G4.2.0.0
2024-02-03 19:23:53,718 [WARN] PackLoader:240 - Cannot read IP mode file for Infineon.AIROC-Wi-Fi-Bluetooth-STM32.1.5.1
2024-02-03 19:23:53,729 [WARN] PackLoader:240 - Cannot read IP mode file for STMicroelectronics.X-CUBE-ISPU.2.0.0
2024-02-03 19:23:53,778 [WARN] PackLoader:240 - Cannot read IP mode file for STMicroelectronics.X-CUBE-MEMS1.10.0.0
2024-02-03 19:23:53,953 [WARN] PackLoader:240 - Cannot read IP mode file for STMicroelectronics.X-CUBE-FREERTOS.1.1.0
2024-02-03 19:23:53,961 [WARN] PackLoader:240 - Cannot read IP mode file for portGmbH.I-Cube-SoM-uGOAL.1.1.0
2024-02-03 19:23:53,968 [WARN] PackLoader:240 - Cannot read IP mode file for STMicroelectronics.X-CUBE-ALS.1.0.1
2024-02-03 19:23:53,976 [WARN] PackLoader:240 - Cannot read IP mode file for STMicroelectronics.FP-ATR-ASTRA1.2.0.0
2024-02-03 19:23:53,990 [WARN] PackLoader:240 - Cannot read IP mode file for STMicroelectronics.X-CUBE-TOF1.3.4.0
2024-02-03 19:23:54,019 [WARN] PackLoader:240 - Cannot read IP mode file for STMicroelectronics.X-CUBE-AZRTOS-H7.3.2.0
2024-02-03 19:23:54,022 [INFO] ThirdParty:978 - Integrity check success = true
2024-02-03 19:23:54,022 [INFO] IntegrityCheckThread:100 - exiting critical section [integrity check]
2024-02-03 19:23:54,022 [INFO] IntegrityCheckThread:103 - End integrity checks thread
2024-02-03 19:23:54,928 [INFO] WebApp:192 - Starting web application
2024-02-03 19:23:54,928 [INFO] WebApp:544 - Web application path used C:\ST\STM32CubeIDE_1.14.0\STM32CubeIDE\plugins\com.st.stm32cube.common.mx_6.10.0.202311202037\db\plugins\mcufinder\reactClient1\index.html
2024-02-03 19:24:16,055 [ERROR] LogOutputStream:75 - [STDERR_REDIRECT] SLF4J: Failed to load class "org.slf4j.impl.StaticLoggerBinder".
2024-02-03 19:24:16,056 [ERROR] LogOutputStream:75 - [STDERR_REDIRECT] SLF4J: Defaulting to no-operation (NOP) logger implementation
2024-02-03 19:24:16,057 [ERROR] LogOutputStream:75 - [STDERR_REDIRECT] SLF4J: See http://www.slf4j.org/codes.html#StaticLoggerBinder for further details.
2024-02-03 20:54:40,771 [ERROR] LogOutputStream:75 - [STDERR_REDIRECT] 
2024-02-03 20:54:40,773 [ERROR] LogOutputStream:75 - [STDERR_REDIRECT] 
