2024-01-30 11:25:52,823 [INFO] Activator:176 - 


2024-01-30 11:25:52,826 [INFO] Activator:177 - !SESSION log4j initialized
2024-01-30 11:25:54,864 [INFO] LogOutputStream:77 - [STDOUT_REDIRECT] 
2024-01-30 11:25:56,383 [INFO] ApplicationProperties:184 - Using Application install path: C:\ST\STM32CubeIDE_1.14.0\STM32CubeIDE\plugins\com.st.stm32cube.common.mx_6.10.0.202311202037
2024-01-30 11:25:56,399 [INFO] DbMcusXml:78 - Set database path to: C:\ST\STM32CubeIDE_1.14.0\STM32CubeIDE\plugins\com.st.stm32cube.common.mx_6.10.0.202311202037\\db\/mcu/
2024-01-30 11:25:56,400 [INFO] ApiDb:274 - Set plugin database path to: C:\ST\STM32CubeIDE_1.14.0\STM32CubeIDE\plugins\com.st.stm32cube.common.mx_6.10.0.202311202037\\db\/plugins/boardmanager/
2024-01-30 11:25:56,402 [WARN] ApiDb:259 - Overriding images path with different value:  => C:\ST\STM32CubeIDE_1.14.0\STM32CubeIDE\plugins\com.st.stm32cube.common.mx_6.10.0.202311202037\\db\/plugins/mcufinder/images/
2024-01-30 11:25:56,408 [INFO] ApiDb:250 - Set database path to: C:\Users\ahmed\.stmcufinder\plugins\mcufinder//mcu/
2024-01-30 11:25:56,410 [INFO] DbMcusAds:125 - Set database path to: C:\Users\ahmed\.stmcufinder\plugins\mcufinder//mcu/
2024-01-30 11:25:56,413 [INFO] CrossReferenceDbSqlite:203 - Set database path to: C:\Users\ahmed\.stmcufinder\plugins\mcufinder//mcu/cs/
2024-01-30 11:25:56,517 [INFO] RulesReader:64 - Compatibility file has been processed (297 Rules)
2024-01-30 11:25:56,599 [INFO] DbMcusXml:78 - Set database path to: C:\ST\STM32CubeIDE_1.14.0\STM32CubeIDE\plugins\com.st.stm32cube.common.mx_6.10.0.202311202037\\db\/mcu/
2024-01-30 11:25:56,599 [INFO] ApiDb:274 - Set plugin database path to: C:\ST\STM32CubeIDE_1.14.0\STM32CubeIDE\plugins\com.st.stm32cube.common.mx_6.10.0.202311202037\\db\/plugins/boardmanager/
2024-01-30 11:25:56,599 [INFO] ApiDb:261 - Set plugin images path to: C:\ST\STM32CubeIDE_1.14.0\STM32CubeIDE\plugins\com.st.stm32cube.common.mx_6.10.0.202311202037\\db\/plugins/mcufinder/images/
2024-01-30 11:25:56,599 [WARN] DbFile:41 - Overriding database path with different value: C:\Users\ahmed\.stmcufinder\plugins\mcufinder/ => C:\Users\ahmed\.stmcufinder\plugins\mcufinder
2024-01-30 11:25:56,600 [INFO] ApiDb:250 - Set database path to: C:\Users\ahmed\.stmcufinder\plugins\mcufinder//mcu/
2024-01-30 11:25:56,600 [WARN] DbFile:41 - Overriding database path with different value: C:\Users\ahmed\.stmcufinder\plugins\mcufinder/ => C:\Users\ahmed\.stmcufinder\plugins\mcufinder
2024-01-30 11:25:56,600 [INFO] DbMcusAds:125 - Set database path to: C:\Users\ahmed\.stmcufinder\plugins\mcufinder//mcu/
2024-01-30 11:25:56,600 [WARN] DbFile:41 - Overriding database path with different value: C:\Users\ahmed\.stmcufinder\plugins\mcufinder/ => C:\Users\ahmed\.stmcufinder\plugins\mcufinder
2024-01-30 11:25:56,600 [WARN] DbFile:41 - Overriding database path with different value: C:\Users\ahmed\.stmcufinder\plugins\mcufinder/ => C:\Users\ahmed\.stmcufinder\plugins\mcufinder
2024-01-30 11:25:56,600 [INFO] CrossReferenceDbSqlite:203 - Set database path to: C:\Users\ahmed\.stmcufinder\plugins\mcufinder//mcu/cs/
2024-01-30 11:25:56,659 [INFO] MainPanel:264 - HeapMemory: 268435456
2024-01-30 11:25:56,712 [INFO] DbMcusXml:78 - Set database path to: C:\ST\STM32CubeIDE_1.14.0\STM32CubeIDE\plugins\com.st.stm32cube.common.mx_6.10.0.202311202037\\db\/mcu/
2024-01-30 11:25:56,712 [INFO] ApiDb:274 - Set plugin database path to: C:\ST\STM32CubeIDE_1.14.0\STM32CubeIDE\plugins\com.st.stm32cube.common.mx_6.10.0.202311202037\\db\/plugins/boardmanager/
2024-01-30 11:25:56,712 [INFO] ApiDb:261 - Set plugin images path to: C:\ST\STM32CubeIDE_1.14.0\STM32CubeIDE\plugins\com.st.stm32cube.common.mx_6.10.0.202311202037\\db\/plugins/mcufinder/images/
2024-01-30 11:25:56,712 [WARN] DbFile:41 - Overriding database path with different value: C:\Users\ahmed\.stmcufinder\plugins\mcufinder/ => C:\Users\ahmed\.stmcufinder\plugins\mcufinder
2024-01-30 11:25:56,713 [INFO] ApiDb:250 - Set database path to: C:\Users\ahmed\.stmcufinder\plugins\mcufinder//mcu/
2024-01-30 11:25:56,713 [WARN] DbFile:41 - Overriding database path with different value: C:\Users\ahmed\.stmcufinder\plugins\mcufinder/ => C:\Users\ahmed\.stmcufinder\plugins\mcufinder
2024-01-30 11:25:56,713 [INFO] DbMcusAds:125 - Set database path to: C:\Users\ahmed\.stmcufinder\plugins\mcufinder//mcu/
2024-01-30 11:25:56,713 [WARN] DbFile:41 - Overriding database path with different value: C:\Users\ahmed\.stmcufinder\plugins\mcufinder/ => C:\Users\ahmed\.stmcufinder\plugins\mcufinder
2024-01-30 11:25:56,713 [WARN] DbFile:41 - Overriding database path with different value: C:\Users\ahmed\.stmcufinder\plugins\mcufinder/ => C:\Users\ahmed\.stmcufinder\plugins\mcufinder
2024-01-30 11:25:56,713 [INFO] CrossReferenceDbSqlite:203 - Set database path to: C:\Users\ahmed\.stmcufinder\plugins\mcufinder//mcu/cs/
2024-01-30 11:25:56,728 [INFO] ApplicationProperties:184 - Using Application install path: C:\ST\STM32CubeIDE_1.14.0\STM32CubeIDE\plugins\com.st.stm32cube.common.mx_6.10.0.202311202037
2024-01-30 11:25:56,729 [INFO] PluginManage:196 - Search for loadable plugins [exclusion list=, ]
2024-01-30 11:25:56,730 [INFO] PluginManage:310 - Check plugin analytics
2024-01-30 11:25:56,893 [INFO] AnalyticsPlugin:253 - Accepted Software Licenses: 
2024-01-30 11:25:56,893 [INFO] AnalyticsPlugin:255 - Accepted CMSIS Pack Licenses: 
2024-01-30 11:25:56,893 [INFO] AnalyticsPlugin:257 - Accepted Firmware Licenses: 
2024-01-30 11:25:56,896 [INFO] PluginManage:359 - Loaded plugin analytics (category:tool,tabindex:-1)
2024-01-30 11:25:56,897 [INFO] PluginManage:310 - Check plugin cadmodel
2024-01-30 11:25:56,901 [INFO] CADModel:105 - Init CAD model plugin
2024-01-30 11:25:56,901 [INFO] PluginManage:359 - Loaded plugin cadmodel (category:power,tabindex:5)
2024-01-30 11:25:56,901 [INFO] PluginManage:310 - Check plugin clock
2024-01-30 11:25:56,909 [INFO] PluginManage:359 - Loaded plugin clock (category:base,tabindex:2)
2024-01-30 11:25:56,910 [INFO] PluginManage:310 - Check plugin ddr
2024-01-30 11:25:56,912 [INFO] PluginManage:359 - Loaded plugin ddr (category:tool,tabindex:6)
2024-01-30 11:25:56,912 [INFO] PluginManage:310 - Check plugin filemanager
2024-01-30 11:25:57,024 [INFO] PluginManage:359 - Loaded plugin filemanager (category:base,tabindex:10)
2024-01-30 11:25:57,024 [INFO] PluginManage:310 - Check plugin ipmanager
2024-01-30 11:25:57,030 [INFO] PluginManage:359 - Loaded plugin ipmanager (category:base,tabindex:5)
2024-01-30 11:25:57,030 [INFO] PluginManage:310 - Check plugin lpbam
2024-01-30 11:25:57,038 [INFO] PluginManage:359 - Loaded plugin lpbam (category:base,tabindex:0)
2024-01-30 11:25:57,038 [INFO] PluginManage:310 - Check plugin memorymap
2024-01-30 11:25:57,046 [INFO] PluginManage:359 - Loaded plugin memorymap (category:base,tabindex:4)
2024-01-30 11:25:57,046 [INFO] PluginManage:310 - Check plugin pinoutandconfiguration
2024-01-30 11:25:57,052 [INFO] PluginManage:359 - Loaded plugin pinoutandconfiguration (category:base,tabindex:1)
2024-01-30 11:25:57,052 [INFO] PluginManage:310 - Check plugin pinoutconfig
2024-01-30 11:25:57,168 [WARN] SupportedApi:132 - Cannot load RTOS API schema: s4s-elt-must-match.1: The content of 'definitions' must match (annotation?, (simpleType | complexType)?, (unique | key | keyref)*)). A problem was found starting at: attribute.
2024-01-30 11:25:57,288 [INFO] PluginManage:359 - Loaded plugin pinoutconfig (category:base,tabindex:0)
2024-01-30 11:25:57,289 [INFO] PluginManage:310 - Check plugin power
2024-01-30 11:25:57,303 [INFO] PluginManage:359 - Loaded plugin power (category:power,tabindex:4)
2024-01-30 11:25:57,303 [INFO] PluginManage:310 - Check plugin projectmanager
2024-01-30 11:25:57,320 [INFO] PluginManage:359 - Loaded plugin projectmanager (category:projectmanager,tabindex:3)
2024-01-30 11:25:57,320 [INFO] PluginManage:310 - Check plugin thirdparty
2024-01-30 11:25:57,484 [INFO] PluginManage:359 - Loaded plugin thirdparty (category:base,tabindex:-1)
2024-01-30 11:25:57,484 [WARN] IntegrityCheckThread:84 - waiting for thirdparty lock release [integrity check]
2024-01-30 11:25:57,486 [INFO] PluginManage:310 - Check plugin tools
2024-01-30 11:25:57,486 [INFO] IntegrityCheckThread:86 - entering critical section [integrity check]
2024-01-30 11:25:57,486 [INFO] ThirdPartyUpdaterWithRetryManager:70 - Updater plugin not ready yet. [1/15]
2024-01-30 11:25:57,488 [INFO] PluginManage:359 - Loaded plugin tools (category:base,tabindex:7)
2024-01-30 11:25:57,489 [INFO] PluginManage:310 - Check plugin tutovideos
2024-01-30 11:25:57,638 [INFO] PluginManage:359 - Loaded plugin tutovideos (category:base,tabindex:-1)
2024-01-30 11:25:57,640 [INFO] PluginManage:310 - Check plugin updater
2024-01-30 11:25:57,657 [INFO] PluginManage:359 - Loaded plugin updater (category:base,tabindex:12)
2024-01-30 11:25:57,657 [INFO] PluginManage:310 - Check plugin userauth
2024-01-30 11:25:57,661 [INFO] UserAuth:114 - Init User Auth plugin
2024-01-30 11:25:57,662 [INFO] PluginManage:359 - Loaded plugin userauth (category:base,tabindex:14)
2024-01-30 11:25:57,662 [INFO] PluginManage:283 - PluginManage : Loaded plugins [17]
2024-01-30 11:25:57,876 [INFO] PinOutPanel:1499 - setPackage(No Configuration,No Configuration)
2024-01-30 11:25:57,947 [INFO] CADModel:165 - CPN selected for project level
2024-01-30 11:25:57,947 [INFO] CADModel:114 - Register for checkConnection events
2024-01-30 11:25:57,962 [INFO] IPUIPlugin:80 - create IPUIPlugin
2024-01-30 11:25:57,962 [INFO] PluginManager:220 - loadIPPluginJar : add adc
2024-01-30 11:25:57,964 [INFO] IPUIPlugin:80 - create IPUIPlugin
2024-01-30 11:25:57,965 [INFO] PluginManager:220 - loadIPPluginJar : add aes
2024-01-30 11:25:57,967 [INFO] IPUIPlugin:80 - create IPUIPlugin
2024-01-30 11:25:57,967 [INFO] PluginManager:220 - loadIPPluginJar : add can
2024-01-30 11:25:57,968 [INFO] IPUIPlugin:80 - create IPUIPlugin
2024-01-30 11:25:57,968 [INFO] PluginManager:220 - loadIPPluginJar : add comp
2024-01-30 11:25:57,970 [INFO] IPUIPlugin:80 - create IPUIPlugin
2024-01-30 11:25:57,970 [INFO] PluginManager:220 - loadIPPluginJar : add cryp
2024-01-30 11:25:57,972 [INFO] IPUIPlugin:80 - create IPUIPlugin
2024-01-30 11:25:57,973 [INFO] PluginManager:220 - loadIPPluginJar : add dfsdm
2024-01-30 11:25:57,979 [INFO] IPUIPlugin:80 - create IPUIPlugin
2024-01-30 11:25:57,979 [INFO] PluginManager:220 - loadIPPluginJar : add dma
2024-01-30 11:25:57,981 [INFO] IPUIPlugin:80 - create IPUIPlugin
2024-01-30 11:25:57,982 [INFO] PluginManager:220 - loadIPPluginJar : add dma3
2024-01-30 11:25:57,983 [INFO] IPUIPlugin:80 - create IPUIPlugin
2024-01-30 11:25:57,983 [INFO] PluginManager:220 - loadIPPluginJar : add fatfs
2024-01-30 11:25:57,986 [INFO] IPUIPlugin:80 - create IPUIPlugin
2024-01-30 11:25:57,986 [INFO] PluginManager:220 - loadIPPluginJar : add fmc
2024-01-30 11:25:57,991 [INFO] IPUIPlugin:80 - create IPUIPlugin
2024-01-30 11:25:57,991 [INFO] PluginManager:220 - loadIPPluginJar : add freertos
2024-01-30 11:25:57,994 [INFO] IPUIPlugin:80 - create IPUIPlugin
2024-01-30 11:25:57,994 [INFO] PluginManager:220 - loadIPPluginJar : add genericplugin
2024-01-30 11:25:57,995 [INFO] IPUIPlugin:80 - create IPUIPlugin
2024-01-30 11:25:57,996 [INFO] PluginManager:220 - loadIPPluginJar : add gfxmmu
2024-01-30 11:25:58,001 [INFO] IPUIPlugin:80 - create IPUIPlugin
2024-01-30 11:25:58,003 [INFO] PluginManager:220 - loadIPPluginJar : add gic
2024-01-30 11:25:58,006 [INFO] IPUIPlugin:80 - create IPUIPlugin
2024-01-30 11:25:58,006 [INFO] PluginManager:220 - loadIPPluginJar : add gpio
2024-01-30 11:25:58,008 [INFO] IPUIPlugin:80 - create IPUIPlugin
2024-01-30 11:25:58,008 [INFO] PluginManager:220 - loadIPPluginJar : add gtzc
2024-01-30 11:25:58,010 [INFO] IPUIPlugin:80 - create IPUIPlugin
2024-01-30 11:25:58,010 [INFO] PluginManager:220 - loadIPPluginJar : add hash
2024-01-30 11:25:58,013 [INFO] IPUIPlugin:80 - create IPUIPlugin
2024-01-30 11:25:58,013 [INFO] PluginManager:220 - loadIPPluginJar : add i2c
2024-01-30 11:25:58,018 [INFO] IPUIPlugin:80 - create IPUIPlugin
2024-01-30 11:25:58,018 [INFO] PluginManager:220 - loadIPPluginJar : add i2s
2024-01-30 11:25:58,020 [INFO] IPUIPlugin:80 - create IPUIPlugin
2024-01-30 11:25:58,020 [INFO] PluginManager:220 - loadIPPluginJar : add i3c
2024-01-30 11:25:58,022 [INFO] IPUIPlugin:80 - create IPUIPlugin
2024-01-30 11:25:58,023 [INFO] PluginManager:220 - loadIPPluginJar : add ipddr
2024-01-30 11:25:58,030 [INFO] IPUIPlugin:80 - create IPUIPlugin
2024-01-30 11:25:58,030 [INFO] PluginManager:220 - loadIPPluginJar : add linkedlist
2024-01-30 11:25:58,033 [INFO] IPUIPlugin:80 - create IPUIPlugin
2024-01-30 11:25:58,033 [INFO] PluginManager:220 - loadIPPluginJar : add lorawan
2024-01-30 11:25:58,034 [INFO] IPUIPlugin:80 - create IPUIPlugin
2024-01-30 11:25:58,034 [INFO] PluginManager:220 - loadIPPluginJar : add ltdc
2024-01-30 11:25:58,041 [INFO] IPUIPlugin:80 - create IPUIPlugin
2024-01-30 11:25:58,041 [INFO] PluginManager:220 - loadIPPluginJar : add mdma
2024-01-30 11:25:58,060 [INFO] IPUIPlugin:80 - create IPUIPlugin
2024-01-30 11:25:58,060 [INFO] PluginManager:220 - loadIPPluginJar : add nvic
2024-01-30 11:25:58,066 [INFO] IPUIPlugin:80 - create IPUIPlugin
2024-01-30 11:25:58,066 [INFO] PluginManager:220 - loadIPPluginJar : add opamp
2024-01-30 11:25:58,070 [INFO] IPUIPlugin:80 - create IPUIPlugin
2024-01-30 11:25:58,070 [INFO] PluginManager:220 - loadIPPluginJar : add openamp
2024-01-30 11:25:58,073 [INFO] IPUIPlugin:80 - create IPUIPlugin
2024-01-30 11:25:58,073 [INFO] PluginManager:220 - loadIPPluginJar : add pdm2pcm
2024-01-30 11:25:58,078 [INFO] IPUIPlugin:80 - create IPUIPlugin
2024-01-30 11:25:58,081 [INFO] PluginManager:220 - loadIPPluginJar : add plateformsettings
2024-01-30 11:25:58,082 [INFO] IPUIPlugin:80 - create IPUIPlugin
2024-01-30 11:25:58,082 [INFO] PluginManager:220 - loadIPPluginJar : add quadspi
2024-01-30 11:25:58,085 [INFO] IPUIPlugin:80 - create IPUIPlugin
2024-01-30 11:25:58,085 [INFO] PluginManager:220 - loadIPPluginJar : add resmgrutility
2024-01-30 11:25:58,087 [INFO] IPUIPlugin:80 - create IPUIPlugin
2024-01-30 11:25:58,087 [INFO] PluginManager:220 - loadIPPluginJar : add sai
2024-01-30 11:25:58,089 [INFO] IPUIPlugin:80 - create IPUIPlugin
2024-01-30 11:25:58,089 [INFO] PluginManager:220 - loadIPPluginJar : add spi
2024-01-30 11:25:58,094 [INFO] IPUIPlugin:80 - create IPUIPlugin
2024-01-30 11:25:58,094 [INFO] PluginManager:220 - loadIPPluginJar : add stm32_wpan
2024-01-30 11:25:58,097 [INFO] IPUIPlugin:80 - create IPUIPlugin
2024-01-30 11:25:58,097 [INFO] PluginManager:220 - loadIPPluginJar : add tim
2024-01-30 11:25:58,099 [INFO] IPUIPlugin:80 - create IPUIPlugin
2024-01-30 11:25:58,099 [INFO] PluginManager:220 - loadIPPluginJar : add touchsensing
2024-01-30 11:25:58,101 [INFO] IPUIPlugin:80 - create IPUIPlugin
2024-01-30 11:25:58,101 [INFO] PluginManager:220 - loadIPPluginJar : add tracer_emb
2024-01-30 11:25:58,102 [INFO] IPUIPlugin:80 - create IPUIPlugin
2024-01-30 11:25:58,102 [INFO] PluginManager:220 - loadIPPluginJar : add ts
2024-01-30 11:25:58,104 [INFO] IPUIPlugin:80 - create IPUIPlugin
2024-01-30 11:25:58,104 [INFO] PluginManager:220 - loadIPPluginJar : add tsc
2024-01-30 11:25:58,105 [INFO] IPUIPlugin:80 - create IPUIPlugin
2024-01-30 11:25:58,105 [INFO] PluginManager:220 - loadIPPluginJar : add ucpd
2024-01-30 11:25:58,107 [INFO] IPUIPlugin:80 - create IPUIPlugin
2024-01-30 11:25:58,107 [INFO] PluginManager:220 - loadIPPluginJar : add usart
2024-01-30 11:25:58,110 [INFO] IPUIPlugin:80 - create IPUIPlugin
2024-01-30 11:25:58,110 [INFO] PluginManager:220 - loadIPPluginJar : add usbx
2024-01-30 11:25:58,239 [INFO] CADModel:165 - CPN selected for project level
2024-01-30 11:25:58,239 [INFO] CADModel:114 - Register for checkConnection events
2024-01-30 11:25:58,240 [FATAL] Updater:308 - Updater called before beeing initialized
2024-01-30 11:25:58,240 [ERROR] CADModel:125 - Updater not yet initialized, retry later 
2024-01-30 11:25:58,402 [INFO] McuFinderGlobals:63 - Set McuFinder mode to 2 (CubeIDE integrated)
2024-01-30 11:25:58,442 [INFO] CADModel:165 - CPN selected for project level
2024-01-30 11:25:58,442 [INFO] CADModel:114 - Register for checkConnection events
2024-01-30 11:25:58,443 [FATAL] Updater:308 - Updater called before beeing initialized
2024-01-30 11:25:58,443 [ERROR] CADModel:125 - Updater not yet initialized, retry later 
2024-01-30 11:25:58,445 [FATAL] Updater:308 - Updater called before beeing initialized
2024-01-30 11:25:58,572 [FATAL] Updater:308 - Updater called before beeing initialized
2024-01-30 11:25:58,578 [INFO] DbMcusAds:53 - JSON generation date=Wed Nov 29 11:52:27 WAT 2023 (1701255147200)
2024-01-30 11:25:58,578 [FATAL] Updater:308 - Updater called before beeing initialized
2024-01-30 11:25:58,609 [WARN] DetailPanel:346 - Failed to get advertising image, set to default
2024-01-30 11:25:58,691 [FATAL] Updater:308 - Updater called before beeing initialized
2024-01-30 11:25:58,693 [FATAL] Updater:308 - Updater called before beeing initialized
2024-01-30 11:25:58,693 [FATAL] Updater:308 - Updater called before beeing initialized
2024-01-30 11:25:58,693 [WARN] DetailPanel:346 - Failed to get advertising image, set to default
2024-01-30 11:25:58,693 [FATAL] Updater:308 - Updater called before beeing initialized
2024-01-30 11:25:58,741 [ERROR] Updater:1120 - MainUpdater not yet initialized. External WinMGr cannot be set.
2024-01-30 11:25:58,744 [INFO] Updater:1056 - Updater Version found : 6.10.0
2024-01-30 11:25:58,761 [INFO] ApplicationProperties:184 - Using Application install path: C:\ST\STM32CubeIDE_1.14.0\STM32CubeIDE\plugins\com.st.stm32cube.common.mx_6.10.0.202311202037
2024-01-30 11:26:00,354 [ERROR] LogOutputStream:75 - [STDERR_REDIRECT] Jan 30, 2024 11:26:00 AM java.util.prefs.WindowsPreferences <init>
2024-01-30 11:26:00,356 [ERROR] LogOutputStream:75 - [STDERR_REDIRECT] WARNING: Could not open/create prefs root node Software\JavaSoft\Prefs at root 0xffffffff80000002. Windows RegCreateKeyEx(...) returned error code 5.
2024-01-30 11:26:00,356 [ERROR] LogOutputStream:75 - [STDERR_REDIRECT] 
2024-01-30 11:26:00,486 [INFO] ThirdPartyUpdaterWithRetryManager:70 - Updater plugin not ready yet. [2/15]
2024-01-30 11:26:00,823 [INFO] MainUpdater:2873 - connection check result : 10
2024-01-30 11:26:00,825 [INFO] MainUpdater:290 - Updater Check For Update Now.
2024-01-30 11:26:00,825 [INFO] MicroXplorer:498 - Change Database Version : DB.6.0.100
2024-01-30 11:26:00,833 [INFO] McuFinderGlobals:63 - Set McuFinder mode to 2 (CubeIDE integrated)
2024-01-30 11:26:01,034 [INFO] CheckServerUpdateThread:120 - End of CheckServer Thread
2024-01-30 11:26:01,036 [INFO] MainUpdater:2873 - connection check result : 10
2024-01-30 11:26:01,180 [INFO] UserAuth:404 - Internet connection configuration mode: 1
2024-01-30 11:26:01,194 [INFO] JxBrowserEngine:152 - Initiate JxBrowser Engine with user profile folder
2024-01-30 11:26:01,587 [INFO] ApiDb:581 - Connected to CubeFinder SQLite database (C:\Users\ahmed\.stmcufinder\plugins\mcufinder\mcu\cube-finder-db.db)
2024-01-30 11:26:01,642 [INFO] ApiDb:668 - CubeFinder database Data Model version=2.1
2024-01-30 11:26:01,642 [INFO] ApiDb:669 - CubeFinder database Configuration version=3.0.39
2024-01-30 11:26:01,642 [INFO] ApiDb:670 - CubeFinder database generation date=2024-01-11 (1704964531)
2024-01-30 11:26:01,642 [INFO] ApiDb:671 - CubeFinder database FW Pack versions=[FP-ATR-ASTRA1_V2.0.0, FP-SNS-FLIGHT1_V5.0.1, FP-SNS-FLIGHT1_V5.0.2, FP-SNS-MOTENV1_V4.3.1, FP-SNS-MOTENV1_V4.3.2, FP-SNS-MOTENVWB1_V1.3.1, FP-SNS-SMARTAG2_V1.2.0, STM32Cube_FW_C0_V1.1.0, STM32Cube_FW_F4_V1.28.0, STM32Cube_FW_F7_V1.17.0, STM32Cube_FW_G0_V1.6.2, STM32Cube_FW_G4_V1.5.2, STM32Cube_FW_H5_V0.5.1, STM32Cube_FW_H5_V1.1.1, STM32Cube_FW_H5_V1.2.0RC2, STM32Cube_FW_H7_V1.11.0, STM32Cube_FW_L0_V1.12.2, STM32Cube_FW_L5_V1.5.0, STM32Cube_FW_U5_V1.3.0RC4, STM32Cube_FW_U5_V1.4.0, STM32Cube_FW_WBA_V1.0.0RC1, STM32Cube_FW_WBA_V1.1.0RC1, STM32Cube_FW_WBA_V1.2.0, STM32Cube_FW_WBA_V1.2.0RC2, STM32Cube_FW_WB_V1.15.0RC1, STM32Cube_FW_WB_V1.16.0, STM32Cube_FW_WB_V1.16.0RC2, STM32Cube_FW_WB_V1.18.0, STM32Cube_FW_WL_V1.3.0, X-CUBE-ALGOBUILD_V1.3.0, X-CUBE-ALS_V1.0.1, X-CUBE-AZRTOS-F4_V1.1.0, X-CUBE-AZRTOS-F7_V1.1.0, X-CUBE-AZRTOS-G0_V1.1.0, X-CUBE-AZRTOS-G4_V2.0.0, X-CUBE-AZRTOS-H7_V3.2.0, X-CUBE-AZRTOS-L4_V1.0.0, X-CUBE-AZRTOS-L4_V2.0.0, X-CUBE-AZRTOS-L5_V1.1.0, X-CUBE-AZRTOS-WB_V2.0.0, X-CUBE-AZRTOS-WL_V2.0.0, X-CUBE-BLE1_V7.0.0, X-CUBE-BLE2_V3.3.0, X-CUBE-BLEMGR_V3.0.0, X-CUBE-EEPRMA1_V4.1.0, X-CUBE-EEPRMA1_V4.2.0, X-CUBE-FREERTOS_V1.1.0, X-CUBE-GNSS1_V6.0.0, X-CUBE-MEMS1_V10.0.0, X-CUBE-MEMS1_V9.1.0, X-CUBE-MEMS1_V9.4.0, X-CUBE-MEMS1_V9.6.0, X-CUBE-NFC4_V3.0.0, X-CUBE-NFC7_V1.0.1, X-CUBE-SFXS2LP1_V4.0.0, X-CUBE-SUBG2_V5.0.0, X-CUBE-TOF1_V3.4.0]
2024-01-30 11:26:01,709 [INFO] DbBoardsSqlite:226 - include board P-NUCLEO-WB55-NUCLEO as a kit item of type 'Nucleo-64'
2024-01-30 11:26:01,710 [INFO] DbBoardsSqlite:226 - include board P-NUCLEO-WB55-USBDONGLE as a kit item of type 'Nucleo USB Dongle'
2024-01-30 11:26:01,710 [INFO] DbBoardsSqlite:226 - include board STEVAL-IDP005V1 as a kit item of type 'Evaluation Board'
2024-01-30 11:26:01,710 [INFO] DbBoardsSqlite:226 - include board STEVAL-IDP005V2 as a kit item of type 'Evaluation Board'
2024-01-30 11:26:01,772 [INFO] ApiDb:240 - Found 371 in-development CPN: [B-G473E-ZEST1S, B-WB1M-WPAN1, B-WL5M-SUBG1, NUCLEO-C031C6, NUCLEO-H503RB, NUCLEO-H563ZI, NUCLEO-U545RE-Q, NUCLEO-U5A5ZJ-Q, NUCLEO-WBA52CG, NUCLEO-WBA55CG, STEVAL-MKBOXPRO, STEVAL-PROTEUS1, STEVAL-STWINBX1, STM320518-EVAL, STM32C0116-DK, STM32C011D6Y3TR, STM32C011D6Y6TR, STM32C011F4P3, STM32C011F4P6, STM32C011F4U3, STM32C011F4U6TR, STM32C011F6P3, STM32C011F6P6, STM32C011F6U3, STM32C011F6U6TR, STM32C011J4M3, STM32C011J4M6, STM32C011J6M3, STM32C011J6M6, STM32C0316-DK, STM32C031C4T3, STM32C031C4T6, STM32C031C4U3, STM32C031C4U6, STM32C031C6T3, STM32C031C6T6, STM32C031C6U3, STM32C031C6U6, STM32C031F4P3, STM32C031F4P6, STM32C031F6P3, STM32C031F6P6, STM32C031G4U3, STM32C031G4U6, STM32C031G6U3, STM32C031G6U6, STM32C031K4T3, STM32C031K4T6, STM32C031K4U3, STM32C031K4U6, STM32C031K6T3, STM32C031K6T6, STM32C031K6U3, STM32C031K6U6, STM32G071K8TXN, STM32G071K8UXN, STM32G081GBU6N, STM32G081KBT6N, STM32G081KBUXN, STM32G0B1CCT6N, STM32G0B1KCT6, STM32G0B1NEY6TR, STM32G0B1RCT6N, STM32G0C1CCT6, STM32G0C1CCT6N, STM32G0C1CCU6N, STM32G0C1CET6N, STM32G0C1CEU6N, STM32G0C1KCT6, STM32G0C1NEY6TR, STM32G0C1RCI6N, STM32G0C1RCT6N, STM32G0C1REI6N, STM32G0C1RET6N, STM32G0C1VCI6, STM32G0C1VEI6, STM32G471CCT6, STM32G471CCU6, STM32G471CET3, STM32G471CET6, STM32G471CEU3, STM32G471CEU6, STM32G471MCT6, STM32G471MET3, STM32G471MET6, STM32G471MEY6TR, STM32G471QCT6, STM32G471QET3, STM32G471RCT6, STM32G471RET3, STM32G471RET6, STM32G471VCH6, STM32G471VCI6, STM32G471VCT6, STM32G471VEH3, STM32G471VEH6, STM32G471VEI3, STM32G471VEI6, STM32G471VET3, STM32G471VET6, STM32G474CCT6, STM32H503CBT6, STM32H503CBU6, STM32H503EBY6TR, STM32H503KBU6, STM32H503RBT6, STM32H562AGI6, STM32H562AII6, STM32H562IGK6, STM32H562IGT6, STM32H562IIK6, STM32H562IIT6, STM32H562RGT6, STM32H562RGV6, STM32H562RIT6, STM32H562RIV6, STM32H562VGT6, STM32H562VIT6, STM32H562ZGT6, STM32H562ZIT6, STM32H563AGI6, STM32H563AII3Q, STM32H563AII6, STM32H563IGK6, STM32H563IGT6, STM32H563IIK3Q, STM32H563IIK6, STM32H563IIT3Q, STM32H563IIT6, STM32H563MIY3QTR, STM32H563RGT6, STM32H563RGV6, STM32H563RIT6, STM32H563RIV6, STM32H563VGT6, STM32H563VIT3Q, STM32H563VIT6, STM32H563ZGT6, STM32H563ZIT3Q, STM32H563ZIT6, STM32H573AII3Q, STM32H573AII6, STM32H573I-DK, STM32H573IIK3Q, STM32H573IIK6, STM32H573IIT3Q, STM32H573IIT6, STM32H573MIY3QTR, STM32H573RIT6, STM32H573RIV6, STM32H573VIT3Q, STM32H573VIT6, STM32H573ZIT3Q, STM32H573ZIT6, STM32L4R5QGI6STR, STM32MP131AAE3, STM32MP131AAF3, STM32MP131AAG3, STM32MP131CAE3, STM32MP131CAF3, STM32MP131CAG3, STM32MP131DAE7, STM32MP131DAF7, STM32MP131DAG7, STM32MP131FAE7, STM32MP131FAF7, STM32MP131FAG7, STM32MP133AAE3, STM32MP133AAF3, STM32MP133AAG3, STM32MP133CAE3, STM32MP133CAF3, STM32MP133CAG3, STM32MP133DAE7, STM32MP133DAF7, STM32MP133DAG7, STM32MP133FAE7, STM32MP133FAF7, STM32MP133FAG7, STM32MP135AAE3, STM32MP135AAF3, STM32MP135AAG3, STM32MP135CAE3, STM32MP135CAF3, STM32MP135CAG3, STM32MP135DAE7, STM32MP135DAF7, STM32MP135DAG7, STM32MP135F-DK, STM32MP135FAE7, STM32MP135FAF7, STM32MP135FAF7T, STM32MP135FAF7U, STM32MP135FAG7, STM32U535CBT6, STM32U535CBT6Q, STM32U535CBU6, STM32U535CBU6Q, STM32U535CCT6, STM32U535CCT6Q, STM32U535CCU6, STM32U535CCU6Q, STM32U535CET6, STM32U535CET6Q, STM32U535CEU6, STM32U535CEU6Q, STM32U535JEY6QTR, STM32U535NCY6QTR, STM32U535NEY6QTR, STM32U535RBI6, STM32U535RBI6Q, STM32U535RBT6, STM32U535RBT6Q, STM32U535RCI6, STM32U535RCI6Q, STM32U535RCT6, STM32U535RCT6Q, STM32U535REI6, STM32U535REI6Q, STM32U535RET6, STM32U535RET6Q, STM32U535VCI6, STM32U535VCI6Q, STM32U535VCT6, STM32U535VCT6Q, STM32U535VEI6, STM32U535VEI6Q, STM32U535VET6, STM32U535VET6Q, STM32U545CET6, STM32U545CET6Q, STM32U545CEU6, STM32U545CEU6Q, STM32U545JEY6QTR, STM32U545NEY6QTR, STM32U545REI6, STM32U545REI6Q, STM32U545RET6, STM32U545RET6Q, STM32U545VEI6, STM32U545VEI6Q, STM32U545VET6, STM32U545VET6Q, STM32U595AIH6, STM32U595AIH6Q, STM32U595AJH6, STM32U595AJH6Q, STM32U595QII6, STM32U595QII6Q, STM32U595QJI6, STM32U595QJI6Q, STM32U595RIT6, STM32U595RIT6Q, STM32U595RJT6, STM32U595RJT6Q, STM32U595VIT6, STM32U595VIT6Q, STM32U595VJT6, STM32U595VJT6Q, STM32U595ZIT6, STM32U595ZIT6Q, STM32U595ZIY6QTR, STM32U595ZJT6, STM32U595ZJT6Q, STM32U595ZJY6QTR, STM32U599BJY6QTR, STM32U599NIH6Q, STM32U599NJH6Q, STM32U599VIT6Q, STM32U599VJT6, STM32U599VJT6Q, STM32U599ZIT6Q, STM32U599ZIY6QTR, STM32U599ZJT6Q, STM32U599ZJY6QTR, STM32U5A5AJH6, STM32U5A5AJH6Q, STM32U5A5QJI6, STM32U5A5QJI6Q, STM32U5A5RJT6, STM32U5A5RJT6Q, STM32U5A5VJT6, STM32U5A5VJT6Q, STM32U5A5ZJT6, STM32U5A5ZJT6Q, STM32U5A5ZJY6QTR, STM32U5A9BJY6QTR, STM32U5A9J-DK, STM32U5A9NJH6Q, STM32U5A9VJT6Q, STM32U5A9ZJT6Q, STM32U5A9ZJY6QTR, STM32U5F7VIT6, STM32U5F7VIT6Q, STM32U5F7VJT6, STM32U5F7VJT6Q, STM32U5F9BJY6QTR, STM32U5F9NJH6Q, STM32U5F9VIT6Q, STM32U5F9VJT6Q, STM32U5F9ZIJ6QTR, STM32U5F9ZIT6Q, STM32U5F9ZJJ6QTR, STM32U5F9ZJT6Q, STM32U5G7VJT6, STM32U5G7VJT6Q, STM32U5G9BJY6QTR, STM32U5G9J-DK1, STM32U5G9J-DK2, STM32U5G9NJH6Q, STM32U5G9VJT6Q, STM32U5G9ZJJ6QTR, STM32U5G9ZJT6Q, STM32WB1MMCH6, STM32WBA50KEU6, STM32WBA50KEU6TR, STM32WBA50KGU6, STM32WBA50KGU6TR, STM32WBA52CEU6, STM32WBA52CEU6TR, STM32WBA52CEU7, STM32WBA52CEU7TR, STM32WBA52CGU6, STM32WBA52CGU6TR, STM32WBA52CGU6U, STM32WBA52CGU7, STM32WBA52CGU7TR, STM32WBA52KEU6, STM32WBA52KEU6TR, STM32WBA52KGU6, STM32WBA52KGU6TR, STM32WBA54CEU6, STM32WBA54CEU6TR, STM32WBA54CEU7, STM32WBA54CEU7TR, STM32WBA54CGU6, STM32WBA54CGU6TR, STM32WBA54CGU7, STM32WBA54CGU7TR, STM32WBA54KEU6, STM32WBA54KEU6TR, STM32WBA54KEU7, STM32WBA54KEU7TR, STM32WBA54KGU6, STM32WBA54KGU6TR, STM32WBA54KGU7, STM32WBA54KGU7TR, STM32WBA55CEU6, STM32WBA55CEU6TR, STM32WBA55CEU7, STM32WBA55CEU7TR, STM32WBA55CGU6, STM32WBA55CGU6TR, STM32WBA55CGU6U, STM32WBA55CGU7, STM32WBA55CGU7TR, STM32WBA55G-DK1, STM32WBA55HEF6, STM32WBA55HEF7, STM32WBA55HGF6, STM32WBA55HGF7, STM32WBA55UEI6, STM32WBA55UEI6TR, STM32WBA55UEI7, STM32WBA55UEI7TR, STM32WBA55UGI6, STM32WBA55UGI6TR, STM32WBA55UGI7, STM32WBA55UGI7TR, STM32WL5MOCH6, STM32WL5MOCH6TR]
2024-01-30 11:26:01,945 [INFO] BoardInfo:889 - No configuration file found for board P-NUCLEO-WB55
2024-01-30 11:26:01,946 [INFO] DbBoards:161 - Kit is not supported: P-NUCLEO-WB55
2024-01-30 11:26:01,953 [INFO] BoardInfo:889 - No configuration file found for board STEVAL-BFA001V1B
2024-01-30 11:26:01,953 [INFO] DbBoards:161 - Kit is not supported: STEVAL-BFA001V1B
2024-01-30 11:26:01,955 [INFO] BoardInfo:889 - No configuration file found for board STEVAL-BFA001V2B
2024-01-30 11:26:01,955 [INFO] DbBoards:161 - Kit is not supported: STEVAL-BFA001V2B
2024-01-30 11:26:02,126 [INFO] DbBoards:168 - Found 193 boards, 190 are supported
2024-01-30 11:26:02,127 [INFO] DbBoards:169 - Found 193 boards, 3 of them is supported for  Bsp
2024-01-30 11:26:02,129 [INFO] ApiDb:668 - CubeFinder database Data Model version=2.1
2024-01-30 11:26:02,129 [INFO] ApiDb:669 - CubeFinder database Configuration version=3.0.39
2024-01-30 11:26:02,130 [INFO] ApiDb:670 - CubeFinder database generation date=2024-01-11 (1704964531)
2024-01-30 11:26:02,130 [INFO] ApiDb:671 - CubeFinder database FW Pack versions=[FP-ATR-ASTRA1_V2.0.0, FP-SNS-FLIGHT1_V5.0.1, FP-SNS-FLIGHT1_V5.0.2, FP-SNS-MOTENV1_V4.3.1, FP-SNS-MOTENV1_V4.3.2, FP-SNS-MOTENVWB1_V1.3.1, FP-SNS-SMARTAG2_V1.2.0, STM32Cube_FW_C0_V1.1.0, STM32Cube_FW_F4_V1.28.0, STM32Cube_FW_F7_V1.17.0, STM32Cube_FW_G0_V1.6.2, STM32Cube_FW_G4_V1.5.2, STM32Cube_FW_H5_V0.5.1, STM32Cube_FW_H5_V1.1.1, STM32Cube_FW_H5_V1.2.0RC2, STM32Cube_FW_H7_V1.11.0, STM32Cube_FW_L0_V1.12.2, STM32Cube_FW_L5_V1.5.0, STM32Cube_FW_U5_V1.3.0RC4, STM32Cube_FW_U5_V1.4.0, STM32Cube_FW_WBA_V1.0.0RC1, STM32Cube_FW_WBA_V1.1.0RC1, STM32Cube_FW_WBA_V1.2.0, STM32Cube_FW_WBA_V1.2.0RC2, STM32Cube_FW_WB_V1.15.0RC1, STM32Cube_FW_WB_V1.16.0, STM32Cube_FW_WB_V1.16.0RC2, STM32Cube_FW_WB_V1.18.0, STM32Cube_FW_WL_V1.3.0, X-CUBE-ALGOBUILD_V1.3.0, X-CUBE-ALS_V1.0.1, X-CUBE-AZRTOS-F4_V1.1.0, X-CUBE-AZRTOS-F7_V1.1.0, X-CUBE-AZRTOS-G0_V1.1.0, X-CUBE-AZRTOS-G4_V2.0.0, X-CUBE-AZRTOS-H7_V3.2.0, X-CUBE-AZRTOS-L4_V1.0.0, X-CUBE-AZRTOS-L4_V2.0.0, X-CUBE-AZRTOS-L5_V1.1.0, X-CUBE-AZRTOS-WB_V2.0.0, X-CUBE-AZRTOS-WL_V2.0.0, X-CUBE-BLE1_V7.0.0, X-CUBE-BLE2_V3.3.0, X-CUBE-BLEMGR_V3.0.0, X-CUBE-EEPRMA1_V4.1.0, X-CUBE-EEPRMA1_V4.2.0, X-CUBE-FREERTOS_V1.1.0, X-CUBE-GNSS1_V6.0.0, X-CUBE-MEMS1_V10.0.0, X-CUBE-MEMS1_V9.1.0, X-CUBE-MEMS1_V9.4.0, X-CUBE-MEMS1_V9.6.0, X-CUBE-NFC4_V3.0.0, X-CUBE-NFC7_V1.0.1, X-CUBE-SFXS2LP1_V4.0.0, X-CUBE-SUBG2_V5.0.0, X-CUBE-TOF1_V3.4.0]
2024-01-30 11:26:02,158 [INFO] WebApp:161 - Instantiating new browser for Auth
2024-01-30 11:26:02,708 [INFO] WebApp:780 - Register for checkConnection events
2024-01-30 11:26:02,709 [INFO] WebApp:414 - Apply proxy settings
2024-01-30 11:26:02,709 [INFO] WebApp:499 - Chromium requires no authentication
2024-01-30 11:26:02,714 [INFO] WebApp:442 - Direct internet connection detected
2024-01-30 11:26:02,818 [INFO] WebApp:192 - Starting web application
2024-01-30 11:26:02,818 [INFO] WebApp:544 - Web application path used C:\ST\STM32CubeIDE_1.14.0\STM32CubeIDE\plugins\com.st.stm32cube.common.mx_6.10.0.202311202037\db\plugins\mcufinder\reactClient1\index.html
2024-01-30 11:26:03,634 [WARN] PackLoader:240 - Cannot read IP mode file for STMicroelectronics.X-CUBE-SMBUS.2.1.0
2024-01-30 11:26:03,641 [WARN] PackLoader:240 - Cannot read IP mode file for STMicroelectronics.X-CUBE-TOUCHGFX.4.23.0
2024-01-30 11:26:03,673 [WARN] PackLoader:240 - Cannot read IP mode file for STMicroelectronics.X-CUBE-AZRTOS-F7.1.1.0
2024-01-30 11:26:03,684 [WARN] PackLoader:240 - Cannot read IP mode file for STMicroelectronics.FP-SNS-MOTENV1.4.3.2
2024-01-30 11:26:03,689 [WARN] PackLoader:240 - Cannot read IP mode file for STMicroelectronics.FP-SNS-FLIGHT1.5.0.2
2024-01-30 11:26:03,702 [WARN] PackLoader:240 - Cannot read IP mode file for STMicroelectronics.X-CUBE-DISPLAY.3.0.0
2024-01-30 11:26:03,734 [WARN] PackLoader:240 - Cannot read IP mode file for STMicroelectronics.X-CUBE-BLE1.7.0.0
2024-01-30 11:26:03,751 [WARN] PackLoader:240 - Cannot read IP mode file for emotas.I-CUBE-CANOPEN.1.3.0
2024-01-30 11:26:03,758 [WARN] PackLoader:240 - Cannot read IP mode file for STMicroelectronics.FP-SNS-SMARTAG2.1.2.0
2024-01-30 11:26:03,773 [INFO] LogOutputStream:77 - [STDOUT_REDIRECT] 1 : Invalid condition id : UX_CORESTACK_Condition cause : null
2024-01-30 11:26:03,775 [INFO] LogOutputStream:77 - [STDOUT_REDIRECT] 1 : Invalid condition id : UX_CORESTACK_Condition cause : null
2024-01-30 11:26:03,776 [INFO] LogOutputStream:77 - [STDOUT_REDIRECT] 1 : Invalid condition id : UX_CORESTACK_Condition cause : null
2024-01-30 11:26:03,778 [INFO] LogOutputStream:77 - [STDOUT_REDIRECT] 1 : Invalid condition id : UX_CORESTACK_Condition cause : null
2024-01-30 11:26:03,781 [INFO] LogOutputStream:77 - [STDOUT_REDIRECT] 1 : Invalid condition id : UX_CORESTACK_Condition cause : null
2024-01-30 11:26:03,784 [WARN] PackLoader:240 - Cannot read IP mode file for STMicroelectronics.X-CUBE-AZRTOS-WL.2.0.0
2024-01-30 11:26:03,806 [INFO] ApiDb:240 - Found 371 in-development CPN: [B-G473E-ZEST1S, B-WB1M-WPAN1, B-WL5M-SUBG1, NUCLEO-C031C6, NUCLEO-H503RB, NUCLEO-H563ZI, NUCLEO-U545RE-Q, NUCLEO-U5A5ZJ-Q, NUCLEO-WBA52CG, NUCLEO-WBA55CG, STEVAL-MKBOXPRO, STEVAL-PROTEUS1, STEVAL-STWINBX1, STM320518-EVAL, STM32C0116-DK, STM32C011D6Y3TR, STM32C011D6Y6TR, STM32C011F4P3, STM32C011F4P6, STM32C011F4U3, STM32C011F4U6TR, STM32C011F6P3, STM32C011F6P6, STM32C011F6U3, STM32C011F6U6TR, STM32C011J4M3, STM32C011J4M6, STM32C011J6M3, STM32C011J6M6, STM32C0316-DK, STM32C031C4T3, STM32C031C4T6, STM32C031C4U3, STM32C031C4U6, STM32C031C6T3, STM32C031C6T6, STM32C031C6U3, STM32C031C6U6, STM32C031F4P3, STM32C031F4P6, STM32C031F6P3, STM32C031F6P6, STM32C031G4U3, STM32C031G4U6, STM32C031G6U3, STM32C031G6U6, STM32C031K4T3, STM32C031K4T6, STM32C031K4U3, STM32C031K4U6, STM32C031K6T3, STM32C031K6T6, STM32C031K6U3, STM32C031K6U6, STM32G071K8TXN, STM32G071K8UXN, STM32G081GBU6N, STM32G081KBT6N, STM32G081KBUXN, STM32G0B1CCT6N, STM32G0B1KCT6, STM32G0B1NEY6TR, STM32G0B1RCT6N, STM32G0C1CCT6, STM32G0C1CCT6N, STM32G0C1CCU6N, STM32G0C1CET6N, STM32G0C1CEU6N, STM32G0C1KCT6, STM32G0C1NEY6TR, STM32G0C1RCI6N, STM32G0C1RCT6N, STM32G0C1REI6N, STM32G0C1RET6N, STM32G0C1VCI6, STM32G0C1VEI6, STM32G471CCT6, STM32G471CCU6, STM32G471CET3, STM32G471CET6, STM32G471CEU3, STM32G471CEU6, STM32G471MCT6, STM32G471MET3, STM32G471MET6, STM32G471MEY6TR, STM32G471QCT6, STM32G471QET3, STM32G471RCT6, STM32G471RET3, STM32G471RET6, STM32G471VCH6, STM32G471VCI6, STM32G471VCT6, STM32G471VEH3, STM32G471VEH6, STM32G471VEI3, STM32G471VEI6, STM32G471VET3, STM32G471VET6, STM32G474CCT6, STM32H503CBT6, STM32H503CBU6, STM32H503EBY6TR, STM32H503KBU6, STM32H503RBT6, STM32H562AGI6, STM32H562AII6, STM32H562IGK6, STM32H562IGT6, STM32H562IIK6, STM32H562IIT6, STM32H562RGT6, STM32H562RGV6, STM32H562RIT6, STM32H562RIV6, STM32H562VGT6, STM32H562VIT6, STM32H562ZGT6, STM32H562ZIT6, STM32H563AGI6, STM32H563AII3Q, STM32H563AII6, STM32H563IGK6, STM32H563IGT6, STM32H563IIK3Q, STM32H563IIK6, STM32H563IIT3Q, STM32H563IIT6, STM32H563MIY3QTR, STM32H563RGT6, STM32H563RGV6, STM32H563RIT6, STM32H563RIV6, STM32H563VGT6, STM32H563VIT3Q, STM32H563VIT6, STM32H563ZGT6, STM32H563ZIT3Q, STM32H563ZIT6, STM32H573AII3Q, STM32H573AII6, STM32H573I-DK, STM32H573IIK3Q, STM32H573IIK6, STM32H573IIT3Q, STM32H573IIT6, STM32H573MIY3QTR, STM32H573RIT6, STM32H573RIV6, STM32H573VIT3Q, STM32H573VIT6, STM32H573ZIT3Q, STM32H573ZIT6, STM32L4R5QGI6STR, STM32MP131AAE3, STM32MP131AAF3, STM32MP131AAG3, STM32MP131CAE3, STM32MP131CAF3, STM32MP131CAG3, STM32MP131DAE7, STM32MP131DAF7, STM32MP131DAG7, STM32MP131FAE7, STM32MP131FAF7, STM32MP131FAG7, STM32MP133AAE3, STM32MP133AAF3, STM32MP133AAG3, STM32MP133CAE3, STM32MP133CAF3, STM32MP133CAG3, STM32MP133DAE7, STM32MP133DAF7, STM32MP133DAG7, STM32MP133FAE7, STM32MP133FAF7, STM32MP133FAG7, STM32MP135AAE3, STM32MP135AAF3, STM32MP135AAG3, STM32MP135CAE3, STM32MP135CAF3, STM32MP135CAG3, STM32MP135DAE7, STM32MP135DAF7, STM32MP135DAG7, STM32MP135F-DK, STM32MP135FAE7, STM32MP135FAF7, STM32MP135FAF7T, STM32MP135FAF7U, STM32MP135FAG7, STM32U535CBT6, STM32U535CBT6Q, STM32U535CBU6, STM32U535CBU6Q, STM32U535CCT6, STM32U535CCT6Q, STM32U535CCU6, STM32U535CCU6Q, STM32U535CET6, STM32U535CET6Q, STM32U535CEU6, STM32U535CEU6Q, STM32U535JEY6QTR, STM32U535NCY6QTR, STM32U535NEY6QTR, STM32U535RBI6, STM32U535RBI6Q, STM32U535RBT6, STM32U535RBT6Q, STM32U535RCI6, STM32U535RCI6Q, STM32U535RCT6, STM32U535RCT6Q, STM32U535REI6, STM32U535REI6Q, STM32U535RET6, STM32U535RET6Q, STM32U535VCI6, STM32U535VCI6Q, STM32U535VCT6, STM32U535VCT6Q, STM32U535VEI6, STM32U535VEI6Q, STM32U535VET6, STM32U535VET6Q, STM32U545CET6, STM32U545CET6Q, STM32U545CEU6, STM32U545CEU6Q, STM32U545JEY6QTR, STM32U545NEY6QTR, STM32U545REI6, STM32U545REI6Q, STM32U545RET6, STM32U545RET6Q, STM32U545VEI6, STM32U545VEI6Q, STM32U545VET6, STM32U545VET6Q, STM32U595AIH6, STM32U595AIH6Q, STM32U595AJH6, STM32U595AJH6Q, STM32U595QII6, STM32U595QII6Q, STM32U595QJI6, STM32U595QJI6Q, STM32U595RIT6, STM32U595RIT6Q, STM32U595RJT6, STM32U595RJT6Q, STM32U595VIT6, STM32U595VIT6Q, STM32U595VJT6, STM32U595VJT6Q, STM32U595ZIT6, STM32U595ZIT6Q, STM32U595ZIY6QTR, STM32U595ZJT6, STM32U595ZJT6Q, STM32U595ZJY6QTR, STM32U599BJY6QTR, STM32U599NIH6Q, STM32U599NJH6Q, STM32U599VIT6Q, STM32U599VJT6, STM32U599VJT6Q, STM32U599ZIT6Q, STM32U599ZIY6QTR, STM32U599ZJT6Q, STM32U599ZJY6QTR, STM32U5A5AJH6, STM32U5A5AJH6Q, STM32U5A5QJI6, STM32U5A5QJI6Q, STM32U5A5RJT6, STM32U5A5RJT6Q, STM32U5A5VJT6, STM32U5A5VJT6Q, STM32U5A5ZJT6, STM32U5A5ZJT6Q, STM32U5A5ZJY6QTR, STM32U5A9BJY6QTR, STM32U5A9J-DK, STM32U5A9NJH6Q, STM32U5A9VJT6Q, STM32U5A9ZJT6Q, STM32U5A9ZJY6QTR, STM32U5F7VIT6, STM32U5F7VIT6Q, STM32U5F7VJT6, STM32U5F7VJT6Q, STM32U5F9BJY6QTR, STM32U5F9NJH6Q, STM32U5F9VIT6Q, STM32U5F9VJT6Q, STM32U5F9ZIJ6QTR, STM32U5F9ZIT6Q, STM32U5F9ZJJ6QTR, STM32U5F9ZJT6Q, STM32U5G7VJT6, STM32U5G7VJT6Q, STM32U5G9BJY6QTR, STM32U5G9J-DK1, STM32U5G9J-DK2, STM32U5G9NJH6Q, STM32U5G9VJT6Q, STM32U5G9ZJJ6QTR, STM32U5G9ZJT6Q, STM32WB1MMCH6, STM32WBA50KEU6, STM32WBA50KEU6TR, STM32WBA50KGU6, STM32WBA50KGU6TR, STM32WBA52CEU6, STM32WBA52CEU6TR, STM32WBA52CEU7, STM32WBA52CEU7TR, STM32WBA52CGU6, STM32WBA52CGU6TR, STM32WBA52CGU6U, STM32WBA52CGU7, STM32WBA52CGU7TR, STM32WBA52KEU6, STM32WBA52KEU6TR, STM32WBA52KGU6, STM32WBA52KGU6TR, STM32WBA54CEU6, STM32WBA54CEU6TR, STM32WBA54CEU7, STM32WBA54CEU7TR, STM32WBA54CGU6, STM32WBA54CGU6TR, STM32WBA54CGU7, STM32WBA54CGU7TR, STM32WBA54KEU6, STM32WBA54KEU6TR, STM32WBA54KEU7, STM32WBA54KEU7TR, STM32WBA54KGU6, STM32WBA54KGU6TR, STM32WBA54KGU7, STM32WBA54KGU7TR, STM32WBA55CEU6, STM32WBA55CEU6TR, STM32WBA55CEU7, STM32WBA55CEU7TR, STM32WBA55CGU6, STM32WBA55CGU6TR, STM32WBA55CGU6U, STM32WBA55CGU7, STM32WBA55CGU7TR, STM32WBA55G-DK1, STM32WBA55HEF6, STM32WBA55HEF7, STM32WBA55HGF6, STM32WBA55HGF7, STM32WBA55UEI6, STM32WBA55UEI6TR, STM32WBA55UEI7, STM32WBA55UEI7TR, STM32WBA55UGI6, STM32WBA55UGI6TR, STM32WBA55UGI7, STM32WBA55UGI7TR, STM32WL5MOCH6, STM32WL5MOCH6TR]
2024-01-30 11:26:03,807 [WARN] PackLoader:240 - Cannot read IP mode file for WES.I-CUBE-Cesium.1.3.0
2024-01-30 11:26:03,811 [INFO] DbMcus:218 - Found 3930 MCUs, 3930 are supported
2024-01-30 11:26:03,814 [INFO] ApiDb:423 - Load user favorites file C:\Users\ahmed/.stm32cubeide/favorites.mcus.txt: 0 item(s)
2024-01-30 11:26:03,814 [INFO] ApiDb:427 - User favorites MCUs=[]
2024-01-30 11:26:03,814 [INFO] DbMcus:224 - Set 0 / 0 favorites MCUs
2024-01-30 11:26:03,815 [WARN] PackLoader:240 - Cannot read IP mode file for STMicroelectronics.X-CUBE-BLE2.3.3.0
2024-01-30 11:26:03,825 [WARN] PackLoader:240 - Cannot read IP mode file for STMicroelectronics.X-CUBE-ALGOBUILD.1.3.0
2024-01-30 11:26:03,839 [WARN] PackLoader:240 - Cannot read IP mode file for STMicroelectronics.X-CUBE-AZRTOS-G0.1.1.0
2024-01-30 11:26:03,845 [WARN] PackLoader:240 - Cannot read IP mode file for STMicroelectronics.X-CUBE-NFC4.3.0.0
2024-01-30 11:26:03,856 [WARN] PackLoader:240 - Cannot read IP mode file for STMicroelectronics.X-CUBE-BLEMGR.3.0.0
2024-01-30 11:26:03,868 [WARN] PackLoader:240 - Cannot read IP mode file for STMicroelectronics.FP-ATR-SIGFOX1.3.2.0
2024-01-30 11:26:03,873 [WARN] PackLoader:240 - Cannot read IP mode file for STMicroelectronics.X-CUBE-EEPRMA1.5.1.0
2024-01-30 11:26:03,907 [WARN] PackLoader:240 - Cannot read IP mode file for SEGGER.I-CUBE-embOS.1.3.1
2024-01-30 11:26:03,936 [WARN] PackLoader:240 - Cannot read IP mode file for STMicroelectronics.X-CUBE-GNSS1.6.0.0
2024-01-30 11:26:03,957 [WARN] PackLoader:240 - Cannot read IP mode file for STMicroelectronics.X-CUBE-AZRTOS-F4.1.1.0
2024-01-30 11:26:03,963 [WARN] PackLoader:240 - Cannot read IP mode file for wolfSSL.I-CUBE-wolfSSL.5.6.6
2024-01-30 11:26:03,989 [WARN] PackLoader:240 - Cannot read IP mode file for STMicroelectronics.X-CUBE-AZRTOS-L5.2.0.0
2024-01-30 11:26:03,997 [WARN] PackLoader:240 - Cannot read IP mode file for ITTIA_DB.I-CUBE-ITTIADB.8.8.0
2024-01-30 11:26:04,002 [WARN] PackLoader:240 - Cannot read IP mode file for STMicroelectronics.X-CUBE-NFC7.1.0.1
2024-01-30 11:26:04,010 [WARN] PackLoader:240 - Cannot read IP mode file for STMicroelectronics.X-CUBE-NFC6.3.0.0
2024-01-30 11:26:04,017 [WARN] PackLoader:240 - Cannot read IP mode file for STMicroelectronics.X-CUBE-AI.8.1.0
2024-01-30 11:26:04,046 [WARN] ConditionMgr:438 - getConditionDescription Invalid condition id : LAN8742 Phy interface Condition cause : null
2024-01-30 11:26:04,046 [WARN] PackLoader:240 - Cannot read IP mode file for STMicroelectronics.X-CUBE-AZRTOS-L4.2.0.0
2024-01-30 11:26:04,047 [WARN] ConditionMgr:1039 - genDependencies : Invalid condition id : LAN8742 Phy interface Condition cause : null
2024-01-30 11:26:04,047 [WARN] ConditionMgr:1039 - genDependencies : Invalid condition id : LAN8742 Phy interface Condition cause : null
2024-01-30 11:26:04,048 [WARN] ConditionMgr:1039 - genDependencies : Invalid condition id : LAN8742 Phy interface Condition cause : null
2024-01-30 11:26:04,056 [WARN] PackLoader:240 - Cannot read IP mode file for STMicroelectronics.X-CUBE-SFXS2LP1.4.0.0
2024-01-30 11:26:04,075 [WARN] ConditionMgr:438 - getConditionDescription Invalid condition id : UX DEVICE CLASS RTOS Condition cause : null
2024-01-30 11:26:04,075 [WARN] ConditionMgr:438 - getConditionDescription Invalid condition id : UX DEVICE CLASS RTOS Condition cause : null
2024-01-30 11:26:04,077 [WARN] PackLoader:240 - Cannot read IP mode file for STMicroelectronics.X-CUBE-AZRTOS-WB.2.0.0
2024-01-30 11:26:04,077 [WARN] ConditionMgr:1039 - genDependencies : Invalid condition id : UX DEVICE CLASS RTOS Condition cause : null
2024-01-30 11:26:04,077 [WARN] ConditionMgr:1039 - genDependencies : Invalid condition id : UX DEVICE CLASS RTOS Condition cause : null
2024-01-30 11:26:04,077 [WARN] ConditionMgr:1039 - genDependencies : Invalid condition id : UX DEVICE CLASS RTOS Condition cause : null
2024-01-30 11:26:04,078 [WARN] ConditionMgr:1039 - genDependencies : Invalid condition id : UX DEVICE CLASS RTOS Condition cause : null
2024-01-30 11:26:04,078 [WARN] ConditionMgr:1039 - genDependencies : Invalid condition id : UX DEVICE CLASS RTOS Condition cause : null
2024-01-30 11:26:04,085 [WARN] PackLoader:240 - Cannot read IP mode file for STMicroelectronics.X-CUBE-SUBG2.5.0.0
2024-01-30 11:26:04,096 [WARN] PackLoader:240 - Cannot read IP mode file for STMicroelectronics.X-CUBE-AZRTOS-G4.2.0.0
2024-01-30 11:26:04,105 [WARN] PackLoader:240 - Cannot read IP mode file for Infineon.AIROC-Wi-Fi-Bluetooth-STM32.1.5.1
2024-01-30 11:26:04,110 [WARN] PackLoader:240 - Cannot read IP mode file for STMicroelectronics.X-CUBE-ISPU.2.0.0
2024-01-30 11:26:04,129 [INFO] ApiDb:423 - Load user favorites file C:\Users\ahmed/.stm32cubeide/favorites.boards.txt: 0 item(s)
2024-01-30 11:26:04,129 [INFO] ApiDb:427 - User favorites Boards=[]
2024-01-30 11:26:04,129 [INFO] DbBoards:198 - Set 0 / 0 favorites Boards
2024-01-30 11:26:04,129 [INFO] McuFinderGlobals:76 - Set McuFinderConnectedMode to true
2024-01-30 11:26:04,135 [WARN] PackLoader:240 - Cannot read IP mode file for STMicroelectronics.X-CUBE-MEMS1.10.0.0
2024-01-30 11:26:04,148 [INFO] MultiScanPanel:200 - Auto-refresh data requested => check proxy status ongoing
2024-01-30 11:26:04,178 [INFO] FinderPluginLoader:95 - Searching for filters in installed packs
2024-01-30 11:26:04,266 [WARN] PackLoader:240 - Cannot read IP mode file for STMicroelectronics.X-CUBE-FREERTOS.1.1.0
2024-01-30 11:26:04,269 [WARN] PackLoader:240 - Cannot read IP mode file for portGmbH.I-Cube-SoM-uGOAL.1.1.0
2024-01-30 11:26:04,273 [WARN] PackLoader:240 - Cannot read IP mode file for STMicroelectronics.X-CUBE-ALS.1.0.1
2024-01-30 11:26:04,277 [WARN] PackLoader:240 - Cannot read IP mode file for STMicroelectronics.FP-ATR-ASTRA1.2.0.0
2024-01-30 11:26:04,285 [WARN] PackLoader:240 - Cannot read IP mode file for STMicroelectronics.X-CUBE-TOF1.3.4.0
2024-01-30 11:26:04,307 [WARN] PackLoader:240 - Cannot read IP mode file for STMicroelectronics.X-CUBE-AZRTOS-H7.3.2.0
2024-01-30 11:26:04,310 [INFO] ThirdParty:978 - Integrity check success = true
2024-01-30 11:26:04,310 [INFO] IntegrityCheckThread:100 - exiting critical section [integrity check]
2024-01-30 11:26:04,310 [INFO] IntegrityCheckThread:103 - End integrity checks thread
2024-01-30 11:26:05,857 [INFO] LoadUrlFilesThread:185 - End of LoadServerUrlFiles without Thread
2024-01-30 11:26:05,869 [INFO] DetailPanel:341 - Set advertising image to C:/Users/ahmed/STM32Cube/Repository/\en.prom-stm32wl3-mcu-finder.jpg
2024-01-30 11:26:13,939 [INFO] MultiScanPanel:200 - Auto-refresh data requested => check proxy status ongoing
2024-01-30 11:26:14,190 [INFO] LoadUrlFilesThread:185 - End of LoadServerUrlFiles without Thread
2024-01-30 11:26:14,191 [INFO] DetailPanel:341 - Set advertising image to C:/Users/ahmed/STM32Cube/Repository/\en.prom-stm32wl3-mcu-finder.jpg
2024-01-30 11:26:14,217 [INFO] DbBoards:642 - Loading board mini-images...
2024-01-30 11:26:15,164 [ERROR] DbBoards:659 - Image file not found for board NUCLEO-WBA55CG: C:\Users\ahmed\.stmcufinder\plugins\mcufinder//mcu//boards_images/NUCLEO-WBA55CG.jpg
2024-01-30 11:26:16,134 [ERROR] DbBoards:659 - Image file not found for board STM32WBA55G-DK1: C:\Users\ahmed\.stmcufinder\plugins\mcufinder//mcu//boards_images/STM32WBA55G-DK1.jpg
2024-01-30 11:26:16,134 [INFO] DbBoards:665 - Loaded 191 board mini-images
2024-01-30 11:26:23,637 [ERROR] LogOutputStream:75 - [STDERR_REDIRECT] SLF4J: Failed to load class "org.slf4j.impl.StaticLoggerBinder".
2024-01-30 11:26:23,638 [ERROR] LogOutputStream:75 - [STDERR_REDIRECT] SLF4J: Defaulting to no-operation (NOP) logger implementation
2024-01-30 11:26:23,639 [ERROR] LogOutputStream:75 - [STDERR_REDIRECT] SLF4J: See http://www.slf4j.org/codes.html#StaticLoggerBinder for further details.
2024-01-30 11:27:46,660 [INFO] McuFinderGlobals:76 - Set McuFinderConnectedMode to true
2024-01-30 11:27:46,662 [INFO] ApiDb:448 - Save user favorites file C:\Users\ahmed/.stm32cubeide/favorites.mcus.txt: 0 item(s)
2024-01-30 11:27:46,663 [INFO] ApiDb:452 - User favorites MCUs=[]
2024-01-30 11:27:46,667 [INFO] ApiDb:448 - Save user favorites file C:\Users\ahmed/.stm32cubeide/favorites.boards.txt: 0 item(s)
2024-01-30 11:27:46,668 [INFO] ApiDb:452 - User favorites Boards=[]
2024-01-30 14:04:04,365 [ERROR] LogOutputStream:75 - [STDERR_REDIRECT] 
2024-01-30 14:24:47,001 [INFO] Activator:176 - 


2024-01-30 14:24:47,003 [INFO] Activator:177 - !SESSION log4j initialized
2024-01-30 14:24:52,052 [INFO] LogOutputStream:77 - [STDOUT_REDIRECT] 
2024-01-30 14:24:52,956 [INFO] ApplicationProperties:184 - Using Application install path: C:\ST\STM32CubeIDE_1.14.0\STM32CubeIDE\plugins\com.st.stm32cube.common.mx_6.10.0.202311202037
2024-01-30 14:24:52,972 [INFO] DbMcusXml:78 - Set database path to: C:\ST\STM32CubeIDE_1.14.0\STM32CubeIDE\plugins\com.st.stm32cube.common.mx_6.10.0.202311202037\\db\/mcu/
2024-01-30 14:24:52,972 [INFO] ApiDb:274 - Set plugin database path to: C:\ST\STM32CubeIDE_1.14.0\STM32CubeIDE\plugins\com.st.stm32cube.common.mx_6.10.0.202311202037\\db\/plugins/boardmanager/
2024-01-30 14:24:52,973 [WARN] ApiDb:259 - Overriding images path with different value:  => C:\ST\STM32CubeIDE_1.14.0\STM32CubeIDE\plugins\com.st.stm32cube.common.mx_6.10.0.202311202037\\db\/plugins/mcufinder/images/
2024-01-30 14:24:52,979 [INFO] ApiDb:250 - Set database path to: C:\Users\ahmed\.stmcufinder\plugins\mcufinder//mcu/
2024-01-30 14:24:52,980 [INFO] DbMcusAds:125 - Set database path to: C:\Users\ahmed\.stmcufinder\plugins\mcufinder//mcu/
2024-01-30 14:24:52,981 [INFO] CrossReferenceDbSqlite:203 - Set database path to: C:\Users\ahmed\.stmcufinder\plugins\mcufinder//mcu/cs/
2024-01-30 14:24:53,122 [INFO] RulesReader:64 - Compatibility file has been processed (297 Rules)
2024-01-30 14:24:53,220 [INFO] DbMcusXml:78 - Set database path to: C:\ST\STM32CubeIDE_1.14.0\STM32CubeIDE\plugins\com.st.stm32cube.common.mx_6.10.0.202311202037\\db\/mcu/
2024-01-30 14:24:53,220 [INFO] ApiDb:274 - Set plugin database path to: C:\ST\STM32CubeIDE_1.14.0\STM32CubeIDE\plugins\com.st.stm32cube.common.mx_6.10.0.202311202037\\db\/plugins/boardmanager/
2024-01-30 14:24:53,220 [INFO] ApiDb:261 - Set plugin images path to: C:\ST\STM32CubeIDE_1.14.0\STM32CubeIDE\plugins\com.st.stm32cube.common.mx_6.10.0.202311202037\\db\/plugins/mcufinder/images/
2024-01-30 14:24:53,220 [WARN] DbFile:41 - Overriding database path with different value: C:\Users\ahmed\.stmcufinder\plugins\mcufinder/ => C:\Users\ahmed\.stmcufinder\plugins\mcufinder
2024-01-30 14:24:53,220 [INFO] ApiDb:250 - Set database path to: C:\Users\ahmed\.stmcufinder\plugins\mcufinder//mcu/
2024-01-30 14:24:53,220 [WARN] DbFile:41 - Overriding database path with different value: C:\Users\ahmed\.stmcufinder\plugins\mcufinder/ => C:\Users\ahmed\.stmcufinder\plugins\mcufinder
2024-01-30 14:24:53,221 [INFO] DbMcusAds:125 - Set database path to: C:\Users\ahmed\.stmcufinder\plugins\mcufinder//mcu/
2024-01-30 14:24:53,221 [WARN] DbFile:41 - Overriding database path with different value: C:\Users\ahmed\.stmcufinder\plugins\mcufinder/ => C:\Users\ahmed\.stmcufinder\plugins\mcufinder
2024-01-30 14:24:53,221 [WARN] DbFile:41 - Overriding database path with different value: C:\Users\ahmed\.stmcufinder\plugins\mcufinder/ => C:\Users\ahmed\.stmcufinder\plugins\mcufinder
2024-01-30 14:24:53,221 [INFO] CrossReferenceDbSqlite:203 - Set database path to: C:\Users\ahmed\.stmcufinder\plugins\mcufinder//mcu/cs/
2024-01-30 14:24:53,283 [INFO] MainPanel:264 - HeapMemory: 268435456
2024-01-30 14:24:53,342 [INFO] DbMcusXml:78 - Set database path to: C:\ST\STM32CubeIDE_1.14.0\STM32CubeIDE\plugins\com.st.stm32cube.common.mx_6.10.0.202311202037\\db\/mcu/
2024-01-30 14:24:53,342 [INFO] ApiDb:274 - Set plugin database path to: C:\ST\STM32CubeIDE_1.14.0\STM32CubeIDE\plugins\com.st.stm32cube.common.mx_6.10.0.202311202037\\db\/plugins/boardmanager/
2024-01-30 14:24:53,342 [INFO] ApiDb:261 - Set plugin images path to: C:\ST\STM32CubeIDE_1.14.0\STM32CubeIDE\plugins\com.st.stm32cube.common.mx_6.10.0.202311202037\\db\/plugins/mcufinder/images/
2024-01-30 14:24:53,343 [WARN] DbFile:41 - Overriding database path with different value: C:\Users\ahmed\.stmcufinder\plugins\mcufinder/ => C:\Users\ahmed\.stmcufinder\plugins\mcufinder
2024-01-30 14:24:53,343 [INFO] ApiDb:250 - Set database path to: C:\Users\ahmed\.stmcufinder\plugins\mcufinder//mcu/
2024-01-30 14:24:53,343 [WARN] DbFile:41 - Overriding database path with different value: C:\Users\ahmed\.stmcufinder\plugins\mcufinder/ => C:\Users\ahmed\.stmcufinder\plugins\mcufinder
2024-01-30 14:24:53,343 [INFO] DbMcusAds:125 - Set database path to: C:\Users\ahmed\.stmcufinder\plugins\mcufinder//mcu/
2024-01-30 14:24:53,343 [WARN] DbFile:41 - Overriding database path with different value: C:\Users\ahmed\.stmcufinder\plugins\mcufinder/ => C:\Users\ahmed\.stmcufinder\plugins\mcufinder
2024-01-30 14:24:53,343 [WARN] DbFile:41 - Overriding database path with different value: C:\Users\ahmed\.stmcufinder\plugins\mcufinder/ => C:\Users\ahmed\.stmcufinder\plugins\mcufinder
2024-01-30 14:24:53,343 [INFO] CrossReferenceDbSqlite:203 - Set database path to: C:\Users\ahmed\.stmcufinder\plugins\mcufinder//mcu/cs/
2024-01-30 14:24:53,358 [INFO] ApplicationProperties:184 - Using Application install path: C:\ST\STM32CubeIDE_1.14.0\STM32CubeIDE\plugins\com.st.stm32cube.common.mx_6.10.0.202311202037
2024-01-30 14:24:53,360 [INFO] PluginManage:196 - Search for loadable plugins [exclusion list=, ]
2024-01-30 14:24:53,361 [INFO] PluginManage:310 - Check plugin analytics
2024-01-30 14:24:53,526 [INFO] AnalyticsPlugin:253 - Accepted Software Licenses: 
2024-01-30 14:24:53,527 [INFO] AnalyticsPlugin:255 - Accepted CMSIS Pack Licenses: 
2024-01-30 14:24:53,527 [INFO] AnalyticsPlugin:257 - Accepted Firmware Licenses: 
2024-01-30 14:24:53,530 [INFO] PluginManage:359 - Loaded plugin analytics (category:tool,tabindex:-1)
2024-01-30 14:24:53,530 [INFO] PluginManage:310 - Check plugin cadmodel
2024-01-30 14:24:53,534 [INFO] CADModel:105 - Init CAD model plugin
2024-01-30 14:24:53,534 [INFO] PluginManage:359 - Loaded plugin cadmodel (category:power,tabindex:5)
2024-01-30 14:24:53,534 [INFO] PluginManage:310 - Check plugin clock
2024-01-30 14:24:53,542 [INFO] PluginManage:359 - Loaded plugin clock (category:base,tabindex:2)
2024-01-30 14:24:53,542 [INFO] PluginManage:310 - Check plugin ddr
2024-01-30 14:24:53,544 [INFO] PluginManage:359 - Loaded plugin ddr (category:tool,tabindex:6)
2024-01-30 14:24:53,544 [INFO] PluginManage:310 - Check plugin filemanager
2024-01-30 14:24:53,664 [INFO] PluginManage:359 - Loaded plugin filemanager (category:base,tabindex:10)
2024-01-30 14:24:53,664 [INFO] PluginManage:310 - Check plugin ipmanager
2024-01-30 14:24:53,670 [INFO] PluginManage:359 - Loaded plugin ipmanager (category:base,tabindex:5)
2024-01-30 14:24:53,670 [INFO] PluginManage:310 - Check plugin lpbam
2024-01-30 14:24:53,677 [INFO] PluginManage:359 - Loaded plugin lpbam (category:base,tabindex:0)
2024-01-30 14:24:53,678 [INFO] PluginManage:310 - Check plugin memorymap
2024-01-30 14:24:53,686 [INFO] PluginManage:359 - Loaded plugin memorymap (category:base,tabindex:4)
2024-01-30 14:24:53,686 [INFO] PluginManage:310 - Check plugin pinoutandconfiguration
2024-01-30 14:24:53,694 [INFO] PluginManage:359 - Loaded plugin pinoutandconfiguration (category:base,tabindex:1)
2024-01-30 14:24:53,695 [INFO] PluginManage:310 - Check plugin pinoutconfig
2024-01-30 14:24:53,788 [WARN] SupportedApi:132 - Cannot load RTOS API schema: s4s-elt-must-match.1: The content of 'definitions' must match (annotation?, (simpleType | complexType)?, (unique | key | keyref)*)). A problem was found starting at: attribute.
2024-01-30 14:24:53,915 [INFO] PluginManage:359 - Loaded plugin pinoutconfig (category:base,tabindex:0)
2024-01-30 14:24:53,916 [INFO] PluginManage:310 - Check plugin power
2024-01-30 14:24:53,928 [INFO] PluginManage:359 - Loaded plugin power (category:power,tabindex:4)
2024-01-30 14:24:53,928 [INFO] PluginManage:310 - Check plugin projectmanager
2024-01-30 14:24:53,952 [INFO] PluginManage:359 - Loaded plugin projectmanager (category:projectmanager,tabindex:3)
2024-01-30 14:24:53,952 [INFO] PluginManage:310 - Check plugin thirdparty
2024-01-30 14:24:54,085 [INFO] PluginManage:359 - Loaded plugin thirdparty (category:base,tabindex:-1)
2024-01-30 14:24:54,085 [WARN] IntegrityCheckThread:84 - waiting for thirdparty lock release [integrity check]
2024-01-30 14:24:54,085 [INFO] PluginManage:310 - Check plugin tools
2024-01-30 14:24:54,085 [INFO] IntegrityCheckThread:86 - entering critical section [integrity check]
2024-01-30 14:24:54,086 [INFO] ThirdPartyUpdaterWithRetryManager:70 - Updater plugin not ready yet. [1/15]
2024-01-30 14:24:54,087 [INFO] PluginManage:359 - Loaded plugin tools (category:base,tabindex:7)
2024-01-30 14:24:54,088 [INFO] PluginManage:310 - Check plugin tutovideos
2024-01-30 14:24:54,257 [INFO] PluginManage:359 - Loaded plugin tutovideos (category:base,tabindex:-1)
2024-01-30 14:24:54,258 [INFO] PluginManage:310 - Check plugin updater
2024-01-30 14:24:54,267 [INFO] PluginManage:359 - Loaded plugin updater (category:base,tabindex:12)
2024-01-30 14:24:54,267 [INFO] PluginManage:310 - Check plugin userauth
2024-01-30 14:24:54,273 [INFO] UserAuth:114 - Init User Auth plugin
2024-01-30 14:24:54,273 [INFO] PluginManage:359 - Loaded plugin userauth (category:base,tabindex:14)
2024-01-30 14:24:54,274 [INFO] PluginManage:283 - PluginManage : Loaded plugins [17]
2024-01-30 14:24:54,472 [INFO] PinOutPanel:1499 - setPackage(No Configuration,No Configuration)
2024-01-30 14:24:54,535 [INFO] CADModel:165 - CPN selected for project level
2024-01-30 14:24:54,535 [INFO] CADModel:114 - Register for checkConnection events
2024-01-30 14:24:54,549 [INFO] IPUIPlugin:80 - create IPUIPlugin
2024-01-30 14:24:54,549 [INFO] PluginManager:220 - loadIPPluginJar : add adc
2024-01-30 14:24:54,551 [INFO] IPUIPlugin:80 - create IPUIPlugin
2024-01-30 14:24:54,551 [INFO] PluginManager:220 - loadIPPluginJar : add aes
2024-01-30 14:24:54,554 [INFO] IPUIPlugin:80 - create IPUIPlugin
2024-01-30 14:24:54,554 [INFO] PluginManager:220 - loadIPPluginJar : add can
2024-01-30 14:24:54,555 [INFO] IPUIPlugin:80 - create IPUIPlugin
2024-01-30 14:24:54,556 [INFO] PluginManager:220 - loadIPPluginJar : add comp
2024-01-30 14:24:54,557 [INFO] IPUIPlugin:80 - create IPUIPlugin
2024-01-30 14:24:54,558 [INFO] PluginManager:220 - loadIPPluginJar : add cryp
2024-01-30 14:24:54,560 [INFO] IPUIPlugin:80 - create IPUIPlugin
2024-01-30 14:24:54,560 [INFO] PluginManager:220 - loadIPPluginJar : add dfsdm
2024-01-30 14:24:54,565 [INFO] IPUIPlugin:80 - create IPUIPlugin
2024-01-30 14:24:54,566 [INFO] PluginManager:220 - loadIPPluginJar : add dma
2024-01-30 14:24:54,567 [INFO] IPUIPlugin:80 - create IPUIPlugin
2024-01-30 14:24:54,567 [INFO] PluginManager:220 - loadIPPluginJar : add dma3
2024-01-30 14:24:54,569 [INFO] IPUIPlugin:80 - create IPUIPlugin
2024-01-30 14:24:54,569 [INFO] PluginManager:220 - loadIPPluginJar : add fatfs
2024-01-30 14:24:54,572 [INFO] IPUIPlugin:80 - create IPUIPlugin
2024-01-30 14:24:54,573 [INFO] PluginManager:220 - loadIPPluginJar : add fmc
2024-01-30 14:24:54,577 [INFO] IPUIPlugin:80 - create IPUIPlugin
2024-01-30 14:24:54,577 [INFO] PluginManager:220 - loadIPPluginJar : add freertos
2024-01-30 14:24:54,579 [INFO] IPUIPlugin:80 - create IPUIPlugin
2024-01-30 14:24:54,579 [INFO] PluginManager:220 - loadIPPluginJar : add genericplugin
2024-01-30 14:24:54,581 [INFO] IPUIPlugin:80 - create IPUIPlugin
2024-01-30 14:24:54,582 [INFO] PluginManager:220 - loadIPPluginJar : add gfxmmu
2024-01-30 14:24:54,586 [INFO] IPUIPlugin:80 - create IPUIPlugin
2024-01-30 14:24:54,587 [INFO] PluginManager:220 - loadIPPluginJar : add gic
2024-01-30 14:24:54,590 [INFO] IPUIPlugin:80 - create IPUIPlugin
2024-01-30 14:24:54,590 [INFO] PluginManager:220 - loadIPPluginJar : add gpio
2024-01-30 14:24:54,593 [INFO] IPUIPlugin:80 - create IPUIPlugin
2024-01-30 14:24:54,593 [INFO] PluginManager:220 - loadIPPluginJar : add gtzc
2024-01-30 14:24:54,595 [INFO] IPUIPlugin:80 - create IPUIPlugin
2024-01-30 14:24:54,595 [INFO] PluginManager:220 - loadIPPluginJar : add hash
2024-01-30 14:24:54,597 [INFO] IPUIPlugin:80 - create IPUIPlugin
2024-01-30 14:24:54,597 [INFO] PluginManager:220 - loadIPPluginJar : add i2c
2024-01-30 14:24:54,599 [INFO] IPUIPlugin:80 - create IPUIPlugin
2024-01-30 14:24:54,599 [INFO] PluginManager:220 - loadIPPluginJar : add i2s
2024-01-30 14:24:54,600 [INFO] IPUIPlugin:80 - create IPUIPlugin
2024-01-30 14:24:54,600 [INFO] PluginManager:220 - loadIPPluginJar : add i3c
2024-01-30 14:24:54,603 [INFO] IPUIPlugin:80 - create IPUIPlugin
2024-01-30 14:24:54,604 [INFO] PluginManager:220 - loadIPPluginJar : add ipddr
2024-01-30 14:24:54,609 [INFO] IPUIPlugin:80 - create IPUIPlugin
2024-01-30 14:24:54,610 [INFO] PluginManager:220 - loadIPPluginJar : add linkedlist
2024-01-30 14:24:54,611 [INFO] IPUIPlugin:80 - create IPUIPlugin
2024-01-30 14:24:54,612 [INFO] PluginManager:220 - loadIPPluginJar : add lorawan
2024-01-30 14:24:54,612 [INFO] IPUIPlugin:80 - create IPUIPlugin
2024-01-30 14:24:54,614 [INFO] PluginManager:220 - loadIPPluginJar : add ltdc
2024-01-30 14:24:54,618 [INFO] IPUIPlugin:80 - create IPUIPlugin
2024-01-30 14:24:54,619 [INFO] PluginManager:220 - loadIPPluginJar : add mdma
2024-01-30 14:24:54,622 [INFO] IPUIPlugin:80 - create IPUIPlugin
2024-01-30 14:24:54,622 [INFO] PluginManager:220 - loadIPPluginJar : add nvic
2024-01-30 14:24:54,625 [INFO] IPUIPlugin:80 - create IPUIPlugin
2024-01-30 14:24:54,625 [INFO] PluginManager:220 - loadIPPluginJar : add opamp
2024-01-30 14:24:54,628 [INFO] IPUIPlugin:80 - create IPUIPlugin
2024-01-30 14:24:54,629 [INFO] PluginManager:220 - loadIPPluginJar : add openamp
2024-01-30 14:24:54,633 [INFO] IPUIPlugin:80 - create IPUIPlugin
2024-01-30 14:24:54,633 [INFO] PluginManager:220 - loadIPPluginJar : add pdm2pcm
2024-01-30 14:24:54,637 [INFO] IPUIPlugin:80 - create IPUIPlugin
2024-01-30 14:24:54,639 [INFO] PluginManager:220 - loadIPPluginJar : add plateformsettings
2024-01-30 14:24:54,640 [INFO] IPUIPlugin:80 - create IPUIPlugin
2024-01-30 14:24:54,640 [INFO] PluginManager:220 - loadIPPluginJar : add quadspi
2024-01-30 14:24:54,643 [INFO] IPUIPlugin:80 - create IPUIPlugin
2024-01-30 14:24:54,643 [INFO] PluginManager:220 - loadIPPluginJar : add resmgrutility
2024-01-30 14:24:54,645 [INFO] IPUIPlugin:80 - create IPUIPlugin
2024-01-30 14:24:54,645 [INFO] PluginManager:220 - loadIPPluginJar : add sai
2024-01-30 14:24:54,647 [INFO] IPUIPlugin:80 - create IPUIPlugin
2024-01-30 14:24:54,648 [INFO] PluginManager:220 - loadIPPluginJar : add spi
2024-01-30 14:24:54,652 [INFO] IPUIPlugin:80 - create IPUIPlugin
2024-01-30 14:24:54,652 [INFO] PluginManager:220 - loadIPPluginJar : add stm32_wpan
2024-01-30 14:24:54,654 [INFO] IPUIPlugin:80 - create IPUIPlugin
2024-01-30 14:24:54,654 [INFO] PluginManager:220 - loadIPPluginJar : add tim
2024-01-30 14:24:54,658 [INFO] IPUIPlugin:80 - create IPUIPlugin
2024-01-30 14:24:54,658 [INFO] PluginManager:220 - loadIPPluginJar : add touchsensing
2024-01-30 14:24:54,660 [INFO] IPUIPlugin:80 - create IPUIPlugin
2024-01-30 14:24:54,660 [INFO] PluginManager:220 - loadIPPluginJar : add tracer_emb
2024-01-30 14:24:54,661 [INFO] IPUIPlugin:80 - create IPUIPlugin
2024-01-30 14:24:54,662 [INFO] PluginManager:220 - loadIPPluginJar : add ts
2024-01-30 14:24:54,663 [INFO] IPUIPlugin:80 - create IPUIPlugin
2024-01-30 14:24:54,663 [INFO] PluginManager:220 - loadIPPluginJar : add tsc
2024-01-30 14:24:54,664 [INFO] IPUIPlugin:80 - create IPUIPlugin
2024-01-30 14:24:54,664 [INFO] PluginManager:220 - loadIPPluginJar : add ucpd
2024-01-30 14:24:54,666 [INFO] IPUIPlugin:80 - create IPUIPlugin
2024-01-30 14:24:54,666 [INFO] PluginManager:220 - loadIPPluginJar : add usart
2024-01-30 14:24:54,669 [INFO] IPUIPlugin:80 - create IPUIPlugin
2024-01-30 14:24:54,669 [INFO] PluginManager:220 - loadIPPluginJar : add usbx
2024-01-30 14:24:54,804 [INFO] CADModel:165 - CPN selected for project level
2024-01-30 14:24:54,804 [INFO] CADModel:114 - Register for checkConnection events
2024-01-30 14:24:54,805 [FATAL] Updater:308 - Updater called before beeing initialized
2024-01-30 14:24:54,805 [ERROR] CADModel:125 - Updater not yet initialized, retry later 
2024-01-30 14:24:54,971 [INFO] CADModel:165 - CPN selected for project level
2024-01-30 14:24:54,971 [INFO] CADModel:114 - Register for checkConnection events
2024-01-30 14:24:54,971 [FATAL] Updater:308 - Updater called before beeing initialized
2024-01-30 14:24:54,971 [ERROR] CADModel:125 - Updater not yet initialized, retry later 
2024-01-30 14:24:54,973 [FATAL] Updater:308 - Updater called before beeing initialized
2024-01-30 14:24:55,084 [FATAL] Updater:308 - Updater called before beeing initialized
2024-01-30 14:24:55,091 [INFO] DbMcusAds:53 - JSON generation date=Wed Nov 29 11:52:27 WAT 2023 (1701255147200)
2024-01-30 14:24:55,091 [FATAL] Updater:308 - Updater called before beeing initialized
2024-01-30 14:24:55,123 [WARN] DetailPanel:346 - Failed to get advertising image, set to default
2024-01-30 14:24:55,234 [FATAL] Updater:308 - Updater called before beeing initialized
2024-01-30 14:24:55,236 [FATAL] Updater:308 - Updater called before beeing initialized
2024-01-30 14:24:55,236 [FATAL] Updater:308 - Updater called before beeing initialized
2024-01-30 14:24:55,236 [WARN] DetailPanel:346 - Failed to get advertising image, set to default
2024-01-30 14:24:55,237 [FATAL] Updater:308 - Updater called before beeing initialized
2024-01-30 14:24:55,296 [ERROR] Updater:1120 - MainUpdater not yet initialized. External WinMGr cannot be set.
2024-01-30 14:24:55,297 [INFO] Updater:1056 - Updater Version found : 6.10.0
2024-01-30 14:24:55,333 [INFO] ApplicationProperties:184 - Using Application install path: C:\ST\STM32CubeIDE_1.14.0\STM32CubeIDE\plugins\com.st.stm32cube.common.mx_6.10.0.202311202037
2024-01-30 14:24:56,927 [ERROR] LogOutputStream:75 - [STDERR_REDIRECT] Jan 30, 2024 2:24:56 PM java.util.prefs.WindowsPreferences <init>
2024-01-30 14:24:56,929 [ERROR] LogOutputStream:75 - [STDERR_REDIRECT] WARNING: Could not open/create prefs root node Software\JavaSoft\Prefs at root 0xffffffff80000002. Windows RegCreateKeyEx(...) returned error code 5.
2024-01-30 14:24:56,930 [ERROR] LogOutputStream:75 - [STDERR_REDIRECT] 
2024-01-30 14:24:57,087 [INFO] ThirdPartyUpdaterWithRetryManager:70 - Updater plugin not ready yet. [2/15]
2024-01-30 14:24:57,270 [INFO] MainUpdater:2873 - connection check result : 10
2024-01-30 14:24:57,271 [INFO] MainUpdater:290 - Updater Check For Update Now.
2024-01-30 14:24:57,271 [INFO] MicroXplorer:498 - Change Database Version : DB.6.0.100
2024-01-30 14:24:57,309 [INFO] McuFinderGlobals:63 - Set McuFinder mode to 2 (CubeIDE integrated)
2024-01-30 14:24:57,464 [INFO] CheckServerUpdateThread:120 - End of CheckServer Thread
2024-01-30 14:24:57,706 [INFO] UserAuth:404 - Internet connection configuration mode: 1
2024-01-30 14:24:57,721 [INFO] JxBrowserEngine:152 - Initiate JxBrowser Engine with user profile folder
2024-01-30 14:24:58,397 [INFO] WebApp:161 - Instantiating new browser for Auth
2024-01-30 14:24:58,949 [INFO] WebApp:780 - Register for checkConnection events
2024-01-30 14:24:58,949 [INFO] WebApp:414 - Apply proxy settings
2024-01-30 14:24:58,949 [INFO] WebApp:499 - Chromium requires no authentication
2024-01-30 14:24:58,955 [INFO] WebApp:442 - Direct internet connection detected
2024-01-30 14:24:59,123 [INFO] WebApp:192 - Starting web application
2024-01-30 14:24:59,124 [INFO] WebApp:544 - Web application path used C:\ST\STM32CubeIDE_1.14.0\STM32CubeIDE\plugins\com.st.stm32cube.common.mx_6.10.0.202311202037\db\plugins\mcufinder\reactClient1\index.html
2024-01-30 14:25:00,246 [WARN] PackLoader:240 - Cannot read IP mode file for STMicroelectronics.X-CUBE-SMBUS.2.1.0
2024-01-30 14:25:00,255 [WARN] PackLoader:240 - Cannot read IP mode file for STMicroelectronics.X-CUBE-TOUCHGFX.4.23.0
2024-01-30 14:25:00,290 [WARN] PackLoader:240 - Cannot read IP mode file for STMicroelectronics.X-CUBE-AZRTOS-F7.1.1.0
2024-01-30 14:25:00,325 [WARN] PackLoader:240 - Cannot read IP mode file for STMicroelectronics.FP-SNS-MOTENV1.4.3.2
2024-01-30 14:25:00,334 [WARN] PackLoader:240 - Cannot read IP mode file for STMicroelectronics.FP-SNS-FLIGHT1.5.0.2
2024-01-30 14:25:00,347 [WARN] PackLoader:240 - Cannot read IP mode file for STMicroelectronics.X-CUBE-DISPLAY.3.0.0
2024-01-30 14:25:00,369 [WARN] PackLoader:240 - Cannot read IP mode file for STMicroelectronics.X-CUBE-BLE1.7.0.0
2024-01-30 14:25:00,377 [WARN] PackLoader:240 - Cannot read IP mode file for emotas.I-CUBE-CANOPEN.1.3.0
2024-01-30 14:25:00,384 [WARN] PackLoader:240 - Cannot read IP mode file for STMicroelectronics.FP-SNS-SMARTAG2.1.2.0
2024-01-30 14:25:00,401 [INFO] LogOutputStream:77 - [STDOUT_REDIRECT] 1 : Invalid condition id : UX_CORESTACK_Condition cause : null
2024-01-30 14:25:00,402 [INFO] LogOutputStream:77 - [STDOUT_REDIRECT] 1 : Invalid condition id : UX_CORESTACK_Condition cause : null
2024-01-30 14:25:00,404 [INFO] LogOutputStream:77 - [STDOUT_REDIRECT] 1 : Invalid condition id : UX_CORESTACK_Condition cause : null
2024-01-30 14:25:00,405 [INFO] LogOutputStream:77 - [STDOUT_REDIRECT] 1 : Invalid condition id : UX_CORESTACK_Condition cause : null
2024-01-30 14:25:00,407 [INFO] LogOutputStream:77 - [STDOUT_REDIRECT] 1 : Invalid condition id : UX_CORESTACK_Condition cause : null
2024-01-30 14:25:00,416 [WARN] PackLoader:240 - Cannot read IP mode file for STMicroelectronics.X-CUBE-AZRTOS-WL.2.0.0
2024-01-30 14:25:00,432 [WARN] PackLoader:240 - Cannot read IP mode file for WES.I-CUBE-Cesium.1.3.0
2024-01-30 14:25:00,440 [WARN] PackLoader:240 - Cannot read IP mode file for STMicroelectronics.X-CUBE-BLE2.3.3.0
2024-01-30 14:25:00,450 [WARN] PackLoader:240 - Cannot read IP mode file for STMicroelectronics.X-CUBE-ALGOBUILD.1.3.0
2024-01-30 14:25:00,482 [WARN] PackLoader:240 - Cannot read IP mode file for STMicroelectronics.X-CUBE-AZRTOS-G0.1.1.0
2024-01-30 14:25:00,498 [WARN] PackLoader:240 - Cannot read IP mode file for STMicroelectronics.X-CUBE-NFC4.3.0.0
2024-01-30 14:25:00,519 [WARN] PackLoader:240 - Cannot read IP mode file for STMicroelectronics.X-CUBE-BLEMGR.3.0.0
2024-01-30 14:25:00,529 [WARN] PackLoader:240 - Cannot read IP mode file for STMicroelectronics.FP-ATR-SIGFOX1.3.2.0
2024-01-30 14:25:00,540 [WARN] PackLoader:240 - Cannot read IP mode file for STMicroelectronics.X-CUBE-EEPRMA1.5.1.0
2024-01-30 14:25:00,592 [WARN] PackLoader:240 - Cannot read IP mode file for SEGGER.I-CUBE-embOS.1.3.1
2024-01-30 14:25:00,628 [WARN] PackLoader:240 - Cannot read IP mode file for STMicroelectronics.X-CUBE-GNSS1.6.0.0
2024-01-30 14:25:00,639 [WARN] PackLoader:240 - Cannot read IP mode file for STMicroelectronics.X-CUBE-AZRTOS-F4.1.1.0
2024-01-30 14:25:00,644 [WARN] PackLoader:240 - Cannot read IP mode file for wolfSSL.I-CUBE-wolfSSL.5.6.6
2024-01-30 14:25:00,655 [WARN] PackLoader:240 - Cannot read IP mode file for STMicroelectronics.X-CUBE-AZRTOS-L5.2.0.0
2024-01-30 14:25:00,661 [WARN] PackLoader:240 - Cannot read IP mode file for ITTIA_DB.I-CUBE-ITTIADB.8.8.0
2024-01-30 14:25:00,665 [WARN] PackLoader:240 - Cannot read IP mode file for STMicroelectronics.X-CUBE-NFC7.1.0.1
2024-01-30 14:25:00,671 [WARN] PackLoader:240 - Cannot read IP mode file for STMicroelectronics.X-CUBE-NFC6.3.0.0
2024-01-30 14:25:00,682 [WARN] PackLoader:240 - Cannot read IP mode file for STMicroelectronics.X-CUBE-AI.8.1.0
2024-01-30 14:25:00,692 [WARN] ConditionMgr:438 - getConditionDescription Invalid condition id : LAN8742 Phy interface Condition cause : null
2024-01-30 14:25:00,694 [WARN] PackLoader:240 - Cannot read IP mode file for STMicroelectronics.X-CUBE-AZRTOS-L4.2.0.0
2024-01-30 14:25:00,694 [WARN] ConditionMgr:1039 - genDependencies : Invalid condition id : LAN8742 Phy interface Condition cause : null
2024-01-30 14:25:00,695 [WARN] ConditionMgr:1039 - genDependencies : Invalid condition id : LAN8742 Phy interface Condition cause : null
2024-01-30 14:25:00,695 [WARN] ConditionMgr:1039 - genDependencies : Invalid condition id : LAN8742 Phy interface Condition cause : null
2024-01-30 14:25:00,700 [WARN] PackLoader:240 - Cannot read IP mode file for STMicroelectronics.X-CUBE-SFXS2LP1.4.0.0
2024-01-30 14:25:00,709 [WARN] ConditionMgr:438 - getConditionDescription Invalid condition id : UX DEVICE CLASS RTOS Condition cause : null
2024-01-30 14:25:00,710 [WARN] ConditionMgr:438 - getConditionDescription Invalid condition id : UX DEVICE CLASS RTOS Condition cause : null
2024-01-30 14:25:00,711 [WARN] PackLoader:240 - Cannot read IP mode file for STMicroelectronics.X-CUBE-AZRTOS-WB.2.0.0
2024-01-30 14:25:00,711 [WARN] ConditionMgr:1039 - genDependencies : Invalid condition id : UX DEVICE CLASS RTOS Condition cause : null
2024-01-30 14:25:00,711 [WARN] ConditionMgr:1039 - genDependencies : Invalid condition id : UX DEVICE CLASS RTOS Condition cause : null
2024-01-30 14:25:00,712 [WARN] ConditionMgr:1039 - genDependencies : Invalid condition id : UX DEVICE CLASS RTOS Condition cause : null
2024-01-30 14:25:00,712 [WARN] ConditionMgr:1039 - genDependencies : Invalid condition id : UX DEVICE CLASS RTOS Condition cause : null
2024-01-30 14:25:00,712 [WARN] ConditionMgr:1039 - genDependencies : Invalid condition id : UX DEVICE CLASS RTOS Condition cause : null
2024-01-30 14:25:00,718 [WARN] PackLoader:240 - Cannot read IP mode file for STMicroelectronics.X-CUBE-SUBG2.5.0.0
2024-01-30 14:25:00,729 [WARN] PackLoader:240 - Cannot read IP mode file for STMicroelectronics.X-CUBE-AZRTOS-G4.2.0.0
2024-01-30 14:25:00,738 [WARN] PackLoader:240 - Cannot read IP mode file for Infineon.AIROC-Wi-Fi-Bluetooth-STM32.1.5.1
2024-01-30 14:25:00,743 [WARN] PackLoader:240 - Cannot read IP mode file for STMicroelectronics.X-CUBE-ISPU.2.0.0
2024-01-30 14:25:00,767 [WARN] PackLoader:240 - Cannot read IP mode file for STMicroelectronics.X-CUBE-MEMS1.10.0.0
2024-01-30 14:25:00,856 [WARN] PackLoader:240 - Cannot read IP mode file for STMicroelectronics.X-CUBE-FREERTOS.1.1.0
2024-01-30 14:25:00,860 [WARN] PackLoader:240 - Cannot read IP mode file for portGmbH.I-Cube-SoM-uGOAL.1.1.0
2024-01-30 14:25:00,864 [WARN] PackLoader:240 - Cannot read IP mode file for STMicroelectronics.X-CUBE-ALS.1.0.1
2024-01-30 14:25:00,868 [WARN] PackLoader:240 - Cannot read IP mode file for STMicroelectronics.FP-ATR-ASTRA1.2.0.0
2024-01-30 14:25:00,874 [WARN] PackLoader:240 - Cannot read IP mode file for STMicroelectronics.X-CUBE-TOF1.3.4.0
2024-01-30 14:25:00,894 [WARN] PackLoader:240 - Cannot read IP mode file for STMicroelectronics.X-CUBE-AZRTOS-H7.3.2.0
2024-01-30 14:25:00,897 [INFO] ThirdParty:978 - Integrity check success = true
2024-01-30 14:25:00,897 [INFO] IntegrityCheckThread:100 - exiting critical section [integrity check]
2024-01-30 14:25:00,897 [INFO] IntegrityCheckThread:103 - End integrity checks thread
2024-01-30 14:25:20,021 [ERROR] LogOutputStream:75 - [STDERR_REDIRECT] SLF4J: Failed to load class "org.slf4j.impl.StaticLoggerBinder".
2024-01-30 14:25:20,021 [ERROR] LogOutputStream:75 - [STDERR_REDIRECT] SLF4J: Defaulting to no-operation (NOP) logger implementation
2024-01-30 14:25:20,021 [ERROR] LogOutputStream:75 - [STDERR_REDIRECT] SLF4J: See http://www.slf4j.org/codes.html#StaticLoggerBinder for further details.
2024-01-30 22:16:54,192 [INFO] WebApp:354 - JxBrowser engine has been closed 
