2024-02-01 08:46:50,193 [INFO] Activator:176 - 


2024-02-01 08:46:50,199 [INFO] Activator:177 - !SESSION log4j initialized
2024-02-01 08:46:56,510 [INFO] LogOutputStream:77 - [STDOUT_REDIRECT] 
2024-02-01 08:46:57,909 [INFO] ApplicationProperties:184 - Using Application install path: C:\ST\STM32CubeIDE_1.14.0\STM32CubeIDE\plugins\com.st.stm32cube.common.mx_6.10.0.202311202037
2024-02-01 08:46:57,932 [INFO] DbMcusXml:78 - Set database path to: C:\ST\STM32CubeIDE_1.14.0\STM32CubeIDE\plugins\com.st.stm32cube.common.mx_6.10.0.202311202037\\db\/mcu/
2024-02-01 08:46:57,933 [INFO] ApiDb:274 - Set plugin database path to: C:\ST\STM32CubeIDE_1.14.0\STM32CubeIDE\plugins\com.st.stm32cube.common.mx_6.10.0.202311202037\\db\/plugins/boardmanager/
2024-02-01 08:46:57,933 [WARN] ApiDb:259 - Overriding images path with different value:  => C:\ST\STM32CubeIDE_1.14.0\STM32CubeIDE\plugins\com.st.stm32cube.common.mx_6.10.0.202311202037\\db\/plugins/mcufinder/images/
2024-02-01 08:46:57,944 [INFO] ApiDb:250 - Set database path to: C:\Users\ahmed\.stmcufinder\plugins\mcufinder//mcu/
2024-02-01 08:46:57,945 [INFO] DbMcusAds:125 - Set database path to: C:\Users\ahmed\.stmcufinder\plugins\mcufinder//mcu/
2024-02-01 08:46:57,947 [INFO] CrossReferenceDbSqlite:203 - Set database path to: C:\Users\ahmed\.stmcufinder\plugins\mcufinder//mcu/cs/
2024-02-01 08:46:58,082 [INFO] RulesReader:64 - Compatibility file has been processed (297 Rules)
2024-02-01 08:46:58,196 [INFO] DbMcusXml:78 - Set database path to: C:\ST\STM32CubeIDE_1.14.0\STM32CubeIDE\plugins\com.st.stm32cube.common.mx_6.10.0.202311202037\\db\/mcu/
2024-02-01 08:46:58,196 [INFO] ApiDb:274 - Set plugin database path to: C:\ST\STM32CubeIDE_1.14.0\STM32CubeIDE\plugins\com.st.stm32cube.common.mx_6.10.0.202311202037\\db\/plugins/boardmanager/
2024-02-01 08:46:58,196 [INFO] ApiDb:261 - Set plugin images path to: C:\ST\STM32CubeIDE_1.14.0\STM32CubeIDE\plugins\com.st.stm32cube.common.mx_6.10.0.202311202037\\db\/plugins/mcufinder/images/
2024-02-01 08:46:58,196 [WARN] DbFile:41 - Overriding database path with different value: C:\Users\ahmed\.stmcufinder\plugins\mcufinder/ => C:\Users\ahmed\.stmcufinder\plugins\mcufinder
2024-02-01 08:46:58,197 [INFO] ApiDb:250 - Set database path to: C:\Users\ahmed\.stmcufinder\plugins\mcufinder//mcu/
2024-02-01 08:46:58,197 [WARN] DbFile:41 - Overriding database path with different value: C:\Users\ahmed\.stmcufinder\plugins\mcufinder/ => C:\Users\ahmed\.stmcufinder\plugins\mcufinder
2024-02-01 08:46:58,197 [INFO] DbMcusAds:125 - Set database path to: C:\Users\ahmed\.stmcufinder\plugins\mcufinder//mcu/
2024-02-01 08:46:58,197 [WARN] DbFile:41 - Overriding database path with different value: C:\Users\ahmed\.stmcufinder\plugins\mcufinder/ => C:\Users\ahmed\.stmcufinder\plugins\mcufinder
2024-02-01 08:46:58,197 [WARN] DbFile:41 - Overriding database path with different value: C:\Users\ahmed\.stmcufinder\plugins\mcufinder/ => C:\Users\ahmed\.stmcufinder\plugins\mcufinder
2024-02-01 08:46:58,197 [INFO] CrossReferenceDbSqlite:203 - Set database path to: C:\Users\ahmed\.stmcufinder\plugins\mcufinder//mcu/cs/
2024-02-01 08:46:58,304 [INFO] MainPanel:264 - HeapMemory: 268435456
2024-02-01 08:46:58,428 [INFO] DbMcusXml:78 - Set database path to: C:\ST\STM32CubeIDE_1.14.0\STM32CubeIDE\plugins\com.st.stm32cube.common.mx_6.10.0.202311202037\\db\/mcu/
2024-02-01 08:46:58,429 [INFO] ApiDb:274 - Set plugin database path to: C:\ST\STM32CubeIDE_1.14.0\STM32CubeIDE\plugins\com.st.stm32cube.common.mx_6.10.0.202311202037\\db\/plugins/boardmanager/
2024-02-01 08:46:58,429 [INFO] ApiDb:261 - Set plugin images path to: C:\ST\STM32CubeIDE_1.14.0\STM32CubeIDE\plugins\com.st.stm32cube.common.mx_6.10.0.202311202037\\db\/plugins/mcufinder/images/
2024-02-01 08:46:58,429 [WARN] DbFile:41 - Overriding database path with different value: C:\Users\ahmed\.stmcufinder\plugins\mcufinder/ => C:\Users\ahmed\.stmcufinder\plugins\mcufinder
2024-02-01 08:46:58,429 [INFO] ApiDb:250 - Set database path to: C:\Users\ahmed\.stmcufinder\plugins\mcufinder//mcu/
2024-02-01 08:46:58,429 [WARN] DbFile:41 - Overriding database path with different value: C:\Users\ahmed\.stmcufinder\plugins\mcufinder/ => C:\Users\ahmed\.stmcufinder\plugins\mcufinder
2024-02-01 08:46:58,429 [INFO] DbMcusAds:125 - Set database path to: C:\Users\ahmed\.stmcufinder\plugins\mcufinder//mcu/
2024-02-01 08:46:58,430 [WARN] DbFile:41 - Overriding database path with different value: C:\Users\ahmed\.stmcufinder\plugins\mcufinder/ => C:\Users\ahmed\.stmcufinder\plugins\mcufinder
2024-02-01 08:46:58,430 [WARN] DbFile:41 - Overriding database path with different value: C:\Users\ahmed\.stmcufinder\plugins\mcufinder/ => C:\Users\ahmed\.stmcufinder\plugins\mcufinder
2024-02-01 08:46:58,430 [INFO] CrossReferenceDbSqlite:203 - Set database path to: C:\Users\ahmed\.stmcufinder\plugins\mcufinder//mcu/cs/
2024-02-01 08:46:58,453 [INFO] ApplicationProperties:184 - Using Application install path: C:\ST\STM32CubeIDE_1.14.0\STM32CubeIDE\plugins\com.st.stm32cube.common.mx_6.10.0.202311202037
2024-02-01 08:46:58,456 [INFO] PluginManage:196 - Search for loadable plugins [exclusion list=, ]
2024-02-01 08:46:58,457 [INFO] PluginManage:310 - Check plugin analytics
2024-02-01 08:46:58,669 [INFO] AnalyticsPlugin:253 - Accepted Software Licenses: 
2024-02-01 08:46:58,670 [INFO] AnalyticsPlugin:255 - Accepted CMSIS Pack Licenses: 
2024-02-01 08:46:58,670 [INFO] AnalyticsPlugin:257 - Accepted Firmware Licenses: 
2024-02-01 08:46:58,675 [INFO] PluginManage:359 - Loaded plugin analytics (category:tool,tabindex:-1)
2024-02-01 08:46:58,676 [INFO] PluginManage:310 - Check plugin cadmodel
2024-02-01 08:46:58,685 [INFO] CADModel:105 - Init CAD model plugin
2024-02-01 08:46:58,686 [INFO] PluginManage:359 - Loaded plugin cadmodel (category:power,tabindex:5)
2024-02-01 08:46:58,686 [INFO] PluginManage:310 - Check plugin clock
2024-02-01 08:46:58,718 [INFO] PluginManage:359 - Loaded plugin clock (category:base,tabindex:2)
2024-02-01 08:46:58,718 [INFO] PluginManage:310 - Check plugin ddr
2024-02-01 08:46:58,723 [INFO] PluginManage:359 - Loaded plugin ddr (category:tool,tabindex:6)
2024-02-01 08:46:58,724 [INFO] PluginManage:310 - Check plugin filemanager
2024-02-01 08:46:58,917 [INFO] PluginManage:359 - Loaded plugin filemanager (category:base,tabindex:10)
2024-02-01 08:46:58,918 [INFO] PluginManage:310 - Check plugin ipmanager
2024-02-01 08:46:58,927 [INFO] PluginManage:359 - Loaded plugin ipmanager (category:base,tabindex:5)
2024-02-01 08:46:58,927 [INFO] PluginManage:310 - Check plugin lpbam
2024-02-01 08:46:58,937 [INFO] PluginManage:359 - Loaded plugin lpbam (category:base,tabindex:0)
2024-02-01 08:46:58,938 [INFO] PluginManage:310 - Check plugin memorymap
2024-02-01 08:46:58,955 [INFO] PluginManage:359 - Loaded plugin memorymap (category:base,tabindex:4)
2024-02-01 08:46:58,955 [INFO] PluginManage:310 - Check plugin pinoutandconfiguration
2024-02-01 08:46:58,964 [INFO] PluginManage:359 - Loaded plugin pinoutandconfiguration (category:base,tabindex:1)
2024-02-01 08:46:58,964 [INFO] PluginManage:310 - Check plugin pinoutconfig
2024-02-01 08:46:59,069 [WARN] SupportedApi:132 - Cannot load RTOS API schema: s4s-elt-must-match.1: The content of 'definitions' must match (annotation?, (simpleType | complexType)?, (unique | key | keyref)*)). A problem was found starting at: attribute.
2024-02-01 08:46:59,213 [INFO] PluginManage:359 - Loaded plugin pinoutconfig (category:base,tabindex:0)
2024-02-01 08:46:59,214 [INFO] PluginManage:310 - Check plugin power
2024-02-01 08:46:59,225 [INFO] PluginManage:359 - Loaded plugin power (category:power,tabindex:4)
2024-02-01 08:46:59,225 [INFO] PluginManage:310 - Check plugin projectmanager
2024-02-01 08:46:59,246 [INFO] PluginManage:359 - Loaded plugin projectmanager (category:projectmanager,tabindex:3)
2024-02-01 08:46:59,246 [INFO] PluginManage:310 - Check plugin thirdparty
2024-02-01 08:46:59,398 [INFO] PluginManage:359 - Loaded plugin thirdparty (category:base,tabindex:-1)
2024-02-01 08:46:59,398 [INFO] PluginManage:310 - Check plugin tools
2024-02-01 08:46:59,398 [WARN] IntegrityCheckThread:84 - waiting for thirdparty lock release [integrity check]
2024-02-01 08:46:59,399 [INFO] IntegrityCheckThread:86 - entering critical section [integrity check]
2024-02-01 08:46:59,400 [INFO] ThirdPartyUpdaterWithRetryManager:70 - Updater plugin not ready yet. [1/15]
2024-02-01 08:46:59,401 [INFO] PluginManage:359 - Loaded plugin tools (category:base,tabindex:7)
2024-02-01 08:46:59,402 [INFO] PluginManage:310 - Check plugin tutovideos
2024-02-01 08:46:59,608 [INFO] PluginManage:359 - Loaded plugin tutovideos (category:base,tabindex:-1)
2024-02-01 08:46:59,608 [INFO] PluginManage:310 - Check plugin updater
2024-02-01 08:46:59,626 [INFO] PluginManage:359 - Loaded plugin updater (category:base,tabindex:12)
2024-02-01 08:46:59,626 [INFO] PluginManage:310 - Check plugin userauth
2024-02-01 08:46:59,633 [INFO] UserAuth:114 - Init User Auth plugin
2024-02-01 08:46:59,634 [INFO] PluginManage:359 - Loaded plugin userauth (category:base,tabindex:14)
2024-02-01 08:46:59,634 [INFO] PluginManage:283 - PluginManage : Loaded plugins [17]
2024-02-01 08:46:59,876 [INFO] PinOutPanel:1499 - setPackage(No Configuration,No Configuration)
2024-02-01 08:46:59,962 [INFO] CADModel:165 - CPN selected for project level
2024-02-01 08:46:59,962 [INFO] CADModel:114 - Register for checkConnection events
2024-02-01 08:46:59,985 [INFO] IPUIPlugin:80 - create IPUIPlugin
2024-02-01 08:46:59,985 [INFO] PluginManager:220 - loadIPPluginJar : add adc
2024-02-01 08:46:59,989 [INFO] IPUIPlugin:80 - create IPUIPlugin
2024-02-01 08:46:59,989 [INFO] PluginManager:220 - loadIPPluginJar : add aes
2024-02-01 08:46:59,993 [INFO] IPUIPlugin:80 - create IPUIPlugin
2024-02-01 08:46:59,993 [INFO] PluginManager:220 - loadIPPluginJar : add can
2024-02-01 08:46:59,995 [INFO] IPUIPlugin:80 - create IPUIPlugin
2024-02-01 08:46:59,995 [INFO] PluginManager:220 - loadIPPluginJar : add comp
2024-02-01 08:46:59,999 [INFO] IPUIPlugin:80 - create IPUIPlugin
2024-02-01 08:46:59,999 [INFO] PluginManager:220 - loadIPPluginJar : add cryp
2024-02-01 08:47:00,002 [INFO] IPUIPlugin:80 - create IPUIPlugin
2024-02-01 08:47:00,002 [INFO] PluginManager:220 - loadIPPluginJar : add dfsdm
2024-02-01 08:47:00,010 [INFO] IPUIPlugin:80 - create IPUIPlugin
2024-02-01 08:47:00,010 [INFO] PluginManager:220 - loadIPPluginJar : add dma
2024-02-01 08:47:00,013 [INFO] IPUIPlugin:80 - create IPUIPlugin
2024-02-01 08:47:00,013 [INFO] PluginManager:220 - loadIPPluginJar : add dma3
2024-02-01 08:47:00,016 [INFO] IPUIPlugin:80 - create IPUIPlugin
2024-02-01 08:47:00,016 [INFO] PluginManager:220 - loadIPPluginJar : add fatfs
2024-02-01 08:47:00,022 [INFO] IPUIPlugin:80 - create IPUIPlugin
2024-02-01 08:47:00,022 [INFO] PluginManager:220 - loadIPPluginJar : add fmc
2024-02-01 08:47:00,029 [INFO] IPUIPlugin:80 - create IPUIPlugin
2024-02-01 08:47:00,030 [INFO] PluginManager:220 - loadIPPluginJar : add freertos
2024-02-01 08:47:00,032 [INFO] IPUIPlugin:80 - create IPUIPlugin
2024-02-01 08:47:00,033 [INFO] PluginManager:220 - loadIPPluginJar : add genericplugin
2024-02-01 08:47:00,036 [INFO] IPUIPlugin:80 - create IPUIPlugin
2024-02-01 08:47:00,036 [INFO] PluginManager:220 - loadIPPluginJar : add gfxmmu
2024-02-01 08:47:00,042 [INFO] IPUIPlugin:80 - create IPUIPlugin
2024-02-01 08:47:00,043 [INFO] PluginManager:220 - loadIPPluginJar : add gic
2024-02-01 08:47:00,048 [INFO] IPUIPlugin:80 - create IPUIPlugin
2024-02-01 08:47:00,048 [INFO] PluginManager:220 - loadIPPluginJar : add gpio
2024-02-01 08:47:00,052 [INFO] IPUIPlugin:80 - create IPUIPlugin
2024-02-01 08:47:00,052 [INFO] PluginManager:220 - loadIPPluginJar : add gtzc
2024-02-01 08:47:00,056 [INFO] IPUIPlugin:80 - create IPUIPlugin
2024-02-01 08:47:00,056 [INFO] PluginManager:220 - loadIPPluginJar : add hash
2024-02-01 08:47:00,060 [INFO] IPUIPlugin:80 - create IPUIPlugin
2024-02-01 08:47:00,060 [INFO] PluginManager:220 - loadIPPluginJar : add i2c
2024-02-01 08:47:00,063 [INFO] IPUIPlugin:80 - create IPUIPlugin
2024-02-01 08:47:00,063 [INFO] PluginManager:220 - loadIPPluginJar : add i2s
2024-02-01 08:47:00,066 [INFO] IPUIPlugin:80 - create IPUIPlugin
2024-02-01 08:47:00,066 [INFO] PluginManager:220 - loadIPPluginJar : add i3c
2024-02-01 08:47:00,070 [INFO] IPUIPlugin:80 - create IPUIPlugin
2024-02-01 08:47:00,071 [INFO] PluginManager:220 - loadIPPluginJar : add ipddr
2024-02-01 08:47:00,080 [INFO] IPUIPlugin:80 - create IPUIPlugin
2024-02-01 08:47:00,080 [INFO] PluginManager:220 - loadIPPluginJar : add linkedlist
2024-02-01 08:47:00,083 [INFO] IPUIPlugin:80 - create IPUIPlugin
2024-02-01 08:47:00,083 [INFO] PluginManager:220 - loadIPPluginJar : add lorawan
2024-02-01 08:47:00,085 [INFO] IPUIPlugin:80 - create IPUIPlugin
2024-02-01 08:47:00,086 [INFO] PluginManager:220 - loadIPPluginJar : add ltdc
2024-02-01 08:47:00,093 [INFO] IPUIPlugin:80 - create IPUIPlugin
2024-02-01 08:47:00,094 [INFO] PluginManager:220 - loadIPPluginJar : add mdma
2024-02-01 08:47:00,099 [INFO] IPUIPlugin:80 - create IPUIPlugin
2024-02-01 08:47:00,099 [INFO] PluginManager:220 - loadIPPluginJar : add nvic
2024-02-01 08:47:00,103 [INFO] IPUIPlugin:80 - create IPUIPlugin
2024-02-01 08:47:00,104 [INFO] PluginManager:220 - loadIPPluginJar : add opamp
2024-02-01 08:47:00,108 [INFO] IPUIPlugin:80 - create IPUIPlugin
2024-02-01 08:47:00,108 [INFO] PluginManager:220 - loadIPPluginJar : add openamp
2024-02-01 08:47:00,113 [INFO] IPUIPlugin:80 - create IPUIPlugin
2024-02-01 08:47:00,113 [INFO] PluginManager:220 - loadIPPluginJar : add pdm2pcm
2024-02-01 08:47:00,121 [INFO] IPUIPlugin:80 - create IPUIPlugin
2024-02-01 08:47:00,123 [INFO] PluginManager:220 - loadIPPluginJar : add plateformsettings
2024-02-01 08:47:00,126 [INFO] IPUIPlugin:80 - create IPUIPlugin
2024-02-01 08:47:00,126 [INFO] PluginManager:220 - loadIPPluginJar : add quadspi
2024-02-01 08:47:00,130 [INFO] IPUIPlugin:80 - create IPUIPlugin
2024-02-01 08:47:00,130 [INFO] PluginManager:220 - loadIPPluginJar : add resmgrutility
2024-02-01 08:47:00,135 [INFO] IPUIPlugin:80 - create IPUIPlugin
2024-02-01 08:47:00,135 [INFO] PluginManager:220 - loadIPPluginJar : add sai
2024-02-01 08:47:00,138 [INFO] IPUIPlugin:80 - create IPUIPlugin
2024-02-01 08:47:00,139 [INFO] PluginManager:220 - loadIPPluginJar : add spi
2024-02-01 08:47:00,145 [INFO] IPUIPlugin:80 - create IPUIPlugin
2024-02-01 08:47:00,145 [INFO] PluginManager:220 - loadIPPluginJar : add stm32_wpan
2024-02-01 08:47:00,148 [INFO] IPUIPlugin:80 - create IPUIPlugin
2024-02-01 08:47:00,148 [INFO] PluginManager:220 - loadIPPluginJar : add tim
2024-02-01 08:47:00,152 [INFO] IPUIPlugin:80 - create IPUIPlugin
2024-02-01 08:47:00,152 [INFO] PluginManager:220 - loadIPPluginJar : add touchsensing
2024-02-01 08:47:00,155 [INFO] IPUIPlugin:80 - create IPUIPlugin
2024-02-01 08:47:00,155 [INFO] PluginManager:220 - loadIPPluginJar : add tracer_emb
2024-02-01 08:47:00,158 [INFO] IPUIPlugin:80 - create IPUIPlugin
2024-02-01 08:47:00,158 [INFO] PluginManager:220 - loadIPPluginJar : add ts
2024-02-01 08:47:00,161 [INFO] IPUIPlugin:80 - create IPUIPlugin
2024-02-01 08:47:00,161 [INFO] PluginManager:220 - loadIPPluginJar : add tsc
2024-02-01 08:47:00,164 [INFO] IPUIPlugin:80 - create IPUIPlugin
2024-02-01 08:47:00,164 [INFO] PluginManager:220 - loadIPPluginJar : add ucpd
2024-02-01 08:47:00,168 [INFO] IPUIPlugin:80 - create IPUIPlugin
2024-02-01 08:47:00,168 [INFO] PluginManager:220 - loadIPPluginJar : add usart
2024-02-01 08:47:00,172 [INFO] IPUIPlugin:80 - create IPUIPlugin
2024-02-01 08:47:00,172 [INFO] PluginManager:220 - loadIPPluginJar : add usbx
2024-02-01 08:47:00,315 [INFO] CADModel:165 - CPN selected for project level
2024-02-01 08:47:00,315 [INFO] CADModel:114 - Register for checkConnection events
2024-02-01 08:47:00,315 [FATAL] Updater:308 - Updater called before beeing initialized
2024-02-01 08:47:00,315 [ERROR] CADModel:125 - Updater not yet initialized, retry later 
2024-02-01 08:47:00,480 [INFO] CADModel:165 - CPN selected for project level
2024-02-01 08:47:00,480 [INFO] CADModel:114 - Register for checkConnection events
2024-02-01 08:47:00,480 [FATAL] Updater:308 - Updater called before beeing initialized
2024-02-01 08:47:00,480 [ERROR] CADModel:125 - Updater not yet initialized, retry later 
2024-02-01 08:47:00,484 [FATAL] Updater:308 - Updater called before beeing initialized
2024-02-01 08:47:00,599 [FATAL] Updater:308 - Updater called before beeing initialized
2024-02-01 08:47:00,604 [INFO] DbMcusAds:53 - JSON generation date=Wed Nov 29 11:52:27 WAT 2023 (1701255147200)
2024-02-01 08:47:00,604 [FATAL] Updater:308 - Updater called before beeing initialized
2024-02-01 08:47:00,646 [WARN] DetailPanel:346 - Failed to get advertising image, set to default
2024-02-01 08:47:00,758 [FATAL] Updater:308 - Updater called before beeing initialized
2024-02-01 08:47:00,760 [FATAL] Updater:308 - Updater called before beeing initialized
2024-02-01 08:47:00,760 [FATAL] Updater:308 - Updater called before beeing initialized
2024-02-01 08:47:00,761 [WARN] DetailPanel:346 - Failed to get advertising image, set to default
2024-02-01 08:47:00,761 [FATAL] Updater:308 - Updater called before beeing initialized
2024-02-01 08:47:00,834 [ERROR] Updater:1120 - MainUpdater not yet initialized. External WinMGr cannot be set.
2024-02-01 08:47:00,836 [INFO] Updater:1056 - Updater Version found : 6.10.0
2024-02-01 08:47:00,860 [INFO] ApplicationProperties:184 - Using Application install path: C:\ST\STM32CubeIDE_1.14.0\STM32CubeIDE\plugins\com.st.stm32cube.common.mx_6.10.0.202311202037
2024-02-01 08:47:02,410 [INFO] ThirdPartyUpdaterWithRetryManager:70 - Updater plugin not ready yet. [2/15]
2024-02-01 08:47:02,434 [ERROR] LogOutputStream:75 - [STDERR_REDIRECT] Feb 01, 2024 8:47:02 AM java.util.prefs.WindowsPreferences <init>
2024-02-01 08:47:02,436 [ERROR] LogOutputStream:75 - [STDERR_REDIRECT] WARNING: Could not open/create prefs root node Software\JavaSoft\Prefs at root 0xffffffff80000002. Windows RegCreateKeyEx(...) returned error code 5.
2024-02-01 08:47:02,436 [ERROR] LogOutputStream:75 - [STDERR_REDIRECT] 
2024-02-01 08:47:02,948 [INFO] MainUpdater:2873 - connection check result : 10
2024-02-01 08:47:02,949 [INFO] MainUpdater:290 - Updater Check For Update Now.
2024-02-01 08:47:02,949 [INFO] MicroXplorer:498 - Change Database Version : DB.6.0.100
2024-02-01 08:47:02,956 [INFO] McuFinderGlobals:63 - Set McuFinder mode to 2 (CubeIDE integrated)
2024-02-01 08:47:03,155 [INFO] CheckServerUpdateThread:120 - End of CheckServer Thread
2024-02-01 08:47:03,445 [INFO] UserAuth:404 - Internet connection configuration mode: 1
2024-02-01 08:47:03,474 [INFO] JxBrowserEngine:152 - Initiate JxBrowser Engine with user profile folder
2024-02-01 08:47:04,544 [INFO] WebApp:161 - Instantiating new browser for Auth
2024-02-01 08:47:05,495 [INFO] WebApp:780 - Register for checkConnection events
2024-02-01 08:47:05,496 [INFO] WebApp:414 - Apply proxy settings
2024-02-01 08:47:05,497 [INFO] WebApp:499 - Chromium requires no authentication
2024-02-01 08:47:05,511 [INFO] WebApp:442 - Direct internet connection detected
2024-02-01 08:47:05,612 [WARN] PackLoader:240 - Cannot read IP mode file for STMicroelectronics.X-CUBE-SMBUS.2.1.0
2024-02-01 08:47:05,622 [WARN] PackLoader:240 - Cannot read IP mode file for STMicroelectronics.X-CUBE-TOUCHGFX.4.23.0
2024-02-01 08:47:05,657 [WARN] PackLoader:240 - Cannot read IP mode file for STMicroelectronics.X-CUBE-AZRTOS-F7.1.1.0
2024-02-01 08:47:05,673 [WARN] PackLoader:240 - Cannot read IP mode file for STMicroelectronics.FP-SNS-MOTENV1.4.3.2
2024-02-01 08:47:05,681 [WARN] PackLoader:240 - Cannot read IP mode file for STMicroelectronics.FP-SNS-FLIGHT1.5.0.2
2024-02-01 08:47:05,694 [WARN] PackLoader:240 - Cannot read IP mode file for STMicroelectronics.X-CUBE-DISPLAY.3.0.0
2024-02-01 08:47:05,726 [WARN] PackLoader:240 - Cannot read IP mode file for STMicroelectronics.X-CUBE-BLE1.7.0.0
2024-02-01 08:47:05,736 [WARN] PackLoader:240 - Cannot read IP mode file for emotas.I-CUBE-CANOPEN.1.3.0
2024-02-01 08:47:05,745 [WARN] PackLoader:240 - Cannot read IP mode file for STMicroelectronics.FP-SNS-SMARTAG2.1.2.0
2024-02-01 08:47:05,771 [INFO] LogOutputStream:77 - [STDOUT_REDIRECT] 1 : Invalid condition id : UX_CORESTACK_Condition cause : null
2024-02-01 08:47:05,772 [INFO] LogOutputStream:77 - [STDOUT_REDIRECT] 1 : Invalid condition id : UX_CORESTACK_Condition cause : null
2024-02-01 08:47:05,775 [INFO] LogOutputStream:77 - [STDOUT_REDIRECT] 1 : Invalid condition id : UX_CORESTACK_Condition cause : null
2024-02-01 08:47:05,777 [INFO] LogOutputStream:77 - [STDOUT_REDIRECT] 1 : Invalid condition id : UX_CORESTACK_Condition cause : null
2024-02-01 08:47:05,779 [INFO] LogOutputStream:77 - [STDOUT_REDIRECT] 1 : Invalid condition id : UX_CORESTACK_Condition cause : null
2024-02-01 08:47:05,787 [WARN] PackLoader:240 - Cannot read IP mode file for STMicroelectronics.X-CUBE-AZRTOS-WL.2.0.0
2024-02-01 08:47:05,809 [WARN] PackLoader:240 - Cannot read IP mode file for WES.I-CUBE-Cesium.1.3.0
2024-02-01 08:47:05,816 [WARN] PackLoader:240 - Cannot read IP mode file for STMicroelectronics.X-CUBE-BLE2.3.3.0
2024-02-01 08:47:05,826 [WARN] PackLoader:240 - Cannot read IP mode file for STMicroelectronics.X-CUBE-ALGOBUILD.1.3.0
2024-02-01 08:47:05,865 [WARN] PackLoader:240 - Cannot read IP mode file for STMicroelectronics.X-CUBE-AZRTOS-G0.1.1.0
2024-02-01 08:47:05,874 [WARN] PackLoader:240 - Cannot read IP mode file for STMicroelectronics.X-CUBE-NFC4.3.0.0
2024-02-01 08:47:05,886 [WARN] PackLoader:240 - Cannot read IP mode file for STMicroelectronics.X-CUBE-BLEMGR.3.0.0
2024-02-01 08:47:05,893 [WARN] PackLoader:240 - Cannot read IP mode file for STMicroelectronics.FP-ATR-SIGFOX1.3.2.0
2024-02-01 08:47:05,899 [WARN] PackLoader:240 - Cannot read IP mode file for STMicroelectronics.X-CUBE-EEPRMA1.5.1.0
2024-02-01 08:47:05,948 [WARN] PackLoader:240 - Cannot read IP mode file for SEGGER.I-CUBE-embOS.1.3.1
2024-02-01 08:47:05,988 [WARN] PackLoader:240 - Cannot read IP mode file for STMicroelectronics.X-CUBE-GNSS1.6.0.0
2024-02-01 08:47:06,007 [WARN] PackLoader:240 - Cannot read IP mode file for STMicroelectronics.X-CUBE-AZRTOS-F4.1.1.0
2024-02-01 08:47:06,015 [WARN] PackLoader:240 - Cannot read IP mode file for wolfSSL.I-CUBE-wolfSSL.5.6.6
2024-02-01 08:47:06,037 [WARN] PackLoader:240 - Cannot read IP mode file for STMicroelectronics.X-CUBE-AZRTOS-L5.2.0.0
2024-02-01 08:47:06,046 [WARN] PackLoader:240 - Cannot read IP mode file for ITTIA_DB.I-CUBE-ITTIADB.8.8.0
2024-02-01 08:47:06,051 [WARN] PackLoader:240 - Cannot read IP mode file for STMicroelectronics.X-CUBE-NFC7.1.0.1
2024-02-01 08:47:06,058 [WARN] PackLoader:240 - Cannot read IP mode file for STMicroelectronics.X-CUBE-NFC6.3.0.0
2024-02-01 08:47:06,064 [WARN] PackLoader:240 - Cannot read IP mode file for STMicroelectronics.X-CUBE-AI.8.1.0
2024-02-01 08:47:06,079 [WARN] ConditionMgr:438 - getConditionDescription Invalid condition id : LAN8742 Phy interface Condition cause : null
2024-02-01 08:47:06,080 [WARN] PackLoader:240 - Cannot read IP mode file for STMicroelectronics.X-CUBE-AZRTOS-L4.2.0.0
2024-02-01 08:47:06,081 [WARN] ConditionMgr:1039 - genDependencies : Invalid condition id : LAN8742 Phy interface Condition cause : null
2024-02-01 08:47:06,081 [WARN] ConditionMgr:1039 - genDependencies : Invalid condition id : LAN8742 Phy interface Condition cause : null
2024-02-01 08:47:06,081 [WARN] ConditionMgr:1039 - genDependencies : Invalid condition id : LAN8742 Phy interface Condition cause : null
2024-02-01 08:47:06,093 [WARN] PackLoader:240 - Cannot read IP mode file for STMicroelectronics.X-CUBE-SFXS2LP1.4.0.0
2024-02-01 08:47:06,105 [WARN] ConditionMgr:438 - getConditionDescription Invalid condition id : UX DEVICE CLASS RTOS Condition cause : null
2024-02-01 08:47:06,105 [WARN] ConditionMgr:438 - getConditionDescription Invalid condition id : UX DEVICE CLASS RTOS Condition cause : null
2024-02-01 08:47:06,108 [WARN] PackLoader:240 - Cannot read IP mode file for STMicroelectronics.X-CUBE-AZRTOS-WB.2.0.0
2024-02-01 08:47:06,110 [WARN] ConditionMgr:1039 - genDependencies : Invalid condition id : UX DEVICE CLASS RTOS Condition cause : null
2024-02-01 08:47:06,110 [WARN] ConditionMgr:1039 - genDependencies : Invalid condition id : UX DEVICE CLASS RTOS Condition cause : null
2024-02-01 08:47:06,111 [WARN] ConditionMgr:1039 - genDependencies : Invalid condition id : UX DEVICE CLASS RTOS Condition cause : null
2024-02-01 08:47:06,111 [WARN] ConditionMgr:1039 - genDependencies : Invalid condition id : UX DEVICE CLASS RTOS Condition cause : null
2024-02-01 08:47:06,111 [WARN] ConditionMgr:1039 - genDependencies : Invalid condition id : UX DEVICE CLASS RTOS Condition cause : null
2024-02-01 08:47:06,133 [WARN] PackLoader:240 - Cannot read IP mode file for STMicroelectronics.X-CUBE-SUBG2.5.0.0
2024-02-01 08:47:06,148 [WARN] PackLoader:240 - Cannot read IP mode file for STMicroelectronics.X-CUBE-AZRTOS-G4.2.0.0
2024-02-01 08:47:06,159 [WARN] PackLoader:240 - Cannot read IP mode file for Infineon.AIROC-Wi-Fi-Bluetooth-STM32.1.5.1
2024-02-01 08:47:06,169 [WARN] PackLoader:240 - Cannot read IP mode file for STMicroelectronics.X-CUBE-ISPU.2.0.0
2024-02-01 08:47:06,212 [WARN] PackLoader:240 - Cannot read IP mode file for STMicroelectronics.X-CUBE-MEMS1.10.0.0
2024-02-01 08:47:06,322 [WARN] PackLoader:240 - Cannot read IP mode file for STMicroelectronics.X-CUBE-FREERTOS.1.1.0
2024-02-01 08:47:06,327 [WARN] PackLoader:240 - Cannot read IP mode file for portGmbH.I-Cube-SoM-uGOAL.1.1.0
2024-02-01 08:47:06,331 [WARN] PackLoader:240 - Cannot read IP mode file for STMicroelectronics.X-CUBE-ALS.1.0.1
2024-02-01 08:47:06,336 [WARN] PackLoader:240 - Cannot read IP mode file for STMicroelectronics.FP-ATR-ASTRA1.2.0.0
2024-02-01 08:47:06,344 [WARN] PackLoader:240 - Cannot read IP mode file for STMicroelectronics.X-CUBE-TOF1.3.4.0
2024-02-01 08:47:06,375 [WARN] PackLoader:240 - Cannot read IP mode file for STMicroelectronics.X-CUBE-AZRTOS-H7.3.2.0
2024-02-01 08:47:06,378 [INFO] ThirdParty:978 - Integrity check success = true
2024-02-01 08:47:06,378 [INFO] IntegrityCheckThread:100 - exiting critical section [integrity check]
2024-02-01 08:47:06,378 [INFO] IntegrityCheckThread:103 - End integrity checks thread
2024-02-01 08:47:06,669 [INFO] WebApp:192 - Starting web application
2024-02-01 08:47:06,670 [INFO] WebApp:544 - Web application path used C:\ST\STM32CubeIDE_1.14.0\STM32CubeIDE\plugins\com.st.stm32cube.common.mx_6.10.0.202311202037\db\plugins\mcufinder\reactClient1\index.html
2024-02-01 08:47:28,060 [ERROR] LogOutputStream:75 - [STDERR_REDIRECT] SLF4J: Failed to load class "org.slf4j.impl.StaticLoggerBinder".
2024-02-01 08:47:28,061 [ERROR] LogOutputStream:75 - [STDERR_REDIRECT] SLF4J: Defaulting to no-operation (NOP) logger implementation
2024-02-01 08:47:28,062 [ERROR] LogOutputStream:75 - [STDERR_REDIRECT] SLF4J: See http://www.slf4j.org/codes.html#StaticLoggerBinder for further details.
2024-02-01 11:33:31,301 [ERROR] LogOutputStream:75 - [STDERR_REDIRECT] Warning: NLS missing message: GotoMatchingBracket_error_noMatchingBracket in: org.eclipse.ui.internal.genericeditor.messages
2024-02-01 11:33:31,308 [ERROR] LogOutputStream:75 - [STDERR_REDIRECT] Warning: NLS missing message: GotoMatchingBracket_error_bracketOutsideSelectedElement in: org.eclipse.ui.internal.genericeditor.messages
2024-02-01 12:15:43,068 [ERROR] LogOutputStream:75 - [STDERR_REDIRECT] 
2024-02-01 12:15:43,070 [ERROR] LogOutputStream:75 - [STDERR_REDIRECT] 
2024-02-01 12:16:02,206 [INFO] Activator:176 - 


2024-02-01 12:16:02,207 [INFO] Activator:177 - !SESSION log4j initialized
2024-02-01 12:16:07,083 [INFO] LogOutputStream:77 - [STDOUT_REDIRECT] 
2024-02-01 12:16:07,975 [INFO] ApplicationProperties:184 - Using Application install path: C:\ST\STM32CubeIDE_1.14.0\STM32CubeIDE\plugins\com.st.stm32cube.common.mx_6.10.0.202311202037
2024-02-01 12:16:07,993 [INFO] DbMcusXml:78 - Set database path to: C:\ST\STM32CubeIDE_1.14.0\STM32CubeIDE\plugins\com.st.stm32cube.common.mx_6.10.0.202311202037\\db\/mcu/
2024-02-01 12:16:07,994 [INFO] ApiDb:274 - Set plugin database path to: C:\ST\STM32CubeIDE_1.14.0\STM32CubeIDE\plugins\com.st.stm32cube.common.mx_6.10.0.202311202037\\db\/plugins/boardmanager/
2024-02-01 12:16:07,994 [WARN] ApiDb:259 - Overriding images path with different value:  => C:\ST\STM32CubeIDE_1.14.0\STM32CubeIDE\plugins\com.st.stm32cube.common.mx_6.10.0.202311202037\\db\/plugins/mcufinder/images/
2024-02-01 12:16:08,000 [INFO] ApiDb:250 - Set database path to: C:\Users\ahmed\.stmcufinder\plugins\mcufinder//mcu/
2024-02-01 12:16:08,001 [INFO] DbMcusAds:125 - Set database path to: C:\Users\ahmed\.stmcufinder\plugins\mcufinder//mcu/
2024-02-01 12:16:08,003 [INFO] CrossReferenceDbSqlite:203 - Set database path to: C:\Users\ahmed\.stmcufinder\plugins\mcufinder//mcu/cs/
2024-02-01 12:16:08,136 [INFO] RulesReader:64 - Compatibility file has been processed (297 Rules)
2024-02-01 12:16:08,225 [INFO] DbMcusXml:78 - Set database path to: C:\ST\STM32CubeIDE_1.14.0\STM32CubeIDE\plugins\com.st.stm32cube.common.mx_6.10.0.202311202037\\db\/mcu/
2024-02-01 12:16:08,226 [INFO] ApiDb:274 - Set plugin database path to: C:\ST\STM32CubeIDE_1.14.0\STM32CubeIDE\plugins\com.st.stm32cube.common.mx_6.10.0.202311202037\\db\/plugins/boardmanager/
2024-02-01 12:16:08,226 [INFO] ApiDb:261 - Set plugin images path to: C:\ST\STM32CubeIDE_1.14.0\STM32CubeIDE\plugins\com.st.stm32cube.common.mx_6.10.0.202311202037\\db\/plugins/mcufinder/images/
2024-02-01 12:16:08,226 [WARN] DbFile:41 - Overriding database path with different value: C:\Users\ahmed\.stmcufinder\plugins\mcufinder/ => C:\Users\ahmed\.stmcufinder\plugins\mcufinder
2024-02-01 12:16:08,226 [INFO] ApiDb:250 - Set database path to: C:\Users\ahmed\.stmcufinder\plugins\mcufinder//mcu/
2024-02-01 12:16:08,227 [WARN] DbFile:41 - Overriding database path with different value: C:\Users\ahmed\.stmcufinder\plugins\mcufinder/ => C:\Users\ahmed\.stmcufinder\plugins\mcufinder
2024-02-01 12:16:08,227 [INFO] DbMcusAds:125 - Set database path to: C:\Users\ahmed\.stmcufinder\plugins\mcufinder//mcu/
2024-02-01 12:16:08,227 [WARN] DbFile:41 - Overriding database path with different value: C:\Users\ahmed\.stmcufinder\plugins\mcufinder/ => C:\Users\ahmed\.stmcufinder\plugins\mcufinder
2024-02-01 12:16:08,227 [WARN] DbFile:41 - Overriding database path with different value: C:\Users\ahmed\.stmcufinder\plugins\mcufinder/ => C:\Users\ahmed\.stmcufinder\plugins\mcufinder
2024-02-01 12:16:08,227 [INFO] CrossReferenceDbSqlite:203 - Set database path to: C:\Users\ahmed\.stmcufinder\plugins\mcufinder//mcu/cs/
2024-02-01 12:16:08,306 [INFO] MainPanel:264 - HeapMemory: 268435456
2024-02-01 12:16:08,373 [INFO] DbMcusXml:78 - Set database path to: C:\ST\STM32CubeIDE_1.14.0\STM32CubeIDE\plugins\com.st.stm32cube.common.mx_6.10.0.202311202037\\db\/mcu/
2024-02-01 12:16:08,373 [INFO] ApiDb:274 - Set plugin database path to: C:\ST\STM32CubeIDE_1.14.0\STM32CubeIDE\plugins\com.st.stm32cube.common.mx_6.10.0.202311202037\\db\/plugins/boardmanager/
2024-02-01 12:16:08,373 [INFO] ApiDb:261 - Set plugin images path to: C:\ST\STM32CubeIDE_1.14.0\STM32CubeIDE\plugins\com.st.stm32cube.common.mx_6.10.0.202311202037\\db\/plugins/mcufinder/images/
2024-02-01 12:16:08,373 [WARN] DbFile:41 - Overriding database path with different value: C:\Users\ahmed\.stmcufinder\plugins\mcufinder/ => C:\Users\ahmed\.stmcufinder\plugins\mcufinder
2024-02-01 12:16:08,373 [INFO] ApiDb:250 - Set database path to: C:\Users\ahmed\.stmcufinder\plugins\mcufinder//mcu/
2024-02-01 12:16:08,373 [WARN] DbFile:41 - Overriding database path with different value: C:\Users\ahmed\.stmcufinder\plugins\mcufinder/ => C:\Users\ahmed\.stmcufinder\plugins\mcufinder
2024-02-01 12:16:08,373 [INFO] DbMcusAds:125 - Set database path to: C:\Users\ahmed\.stmcufinder\plugins\mcufinder//mcu/
2024-02-01 12:16:08,373 [WARN] DbFile:41 - Overriding database path with different value: C:\Users\ahmed\.stmcufinder\plugins\mcufinder/ => C:\Users\ahmed\.stmcufinder\plugins\mcufinder
2024-02-01 12:16:08,373 [WARN] DbFile:41 - Overriding database path with different value: C:\Users\ahmed\.stmcufinder\plugins\mcufinder/ => C:\Users\ahmed\.stmcufinder\plugins\mcufinder
2024-02-01 12:16:08,374 [INFO] CrossReferenceDbSqlite:203 - Set database path to: C:\Users\ahmed\.stmcufinder\plugins\mcufinder//mcu/cs/
2024-02-01 12:16:08,392 [INFO] ApplicationProperties:184 - Using Application install path: C:\ST\STM32CubeIDE_1.14.0\STM32CubeIDE\plugins\com.st.stm32cube.common.mx_6.10.0.202311202037
2024-02-01 12:16:08,393 [INFO] PluginManage:196 - Search for loadable plugins [exclusion list=, ]
2024-02-01 12:16:08,395 [INFO] PluginManage:310 - Check plugin analytics
2024-02-01 12:16:08,548 [INFO] AnalyticsPlugin:253 - Accepted Software Licenses: 
2024-02-01 12:16:08,548 [INFO] AnalyticsPlugin:255 - Accepted CMSIS Pack Licenses: 
2024-02-01 12:16:08,548 [INFO] AnalyticsPlugin:257 - Accepted Firmware Licenses: 
2024-02-01 12:16:08,552 [INFO] PluginManage:359 - Loaded plugin analytics (category:tool,tabindex:-1)
2024-02-01 12:16:08,553 [INFO] PluginManage:310 - Check plugin cadmodel
2024-02-01 12:16:08,559 [INFO] CADModel:105 - Init CAD model plugin
2024-02-01 12:16:08,560 [INFO] PluginManage:359 - Loaded plugin cadmodel (category:power,tabindex:5)
2024-02-01 12:16:08,560 [INFO] PluginManage:310 - Check plugin clock
2024-02-01 12:16:08,570 [INFO] PluginManage:359 - Loaded plugin clock (category:base,tabindex:2)
2024-02-01 12:16:08,570 [INFO] PluginManage:310 - Check plugin ddr
2024-02-01 12:16:08,572 [INFO] PluginManage:359 - Loaded plugin ddr (category:tool,tabindex:6)
2024-02-01 12:16:08,573 [INFO] PluginManage:310 - Check plugin filemanager
2024-02-01 12:16:08,693 [INFO] PluginManage:359 - Loaded plugin filemanager (category:base,tabindex:10)
2024-02-01 12:16:08,693 [INFO] PluginManage:310 - Check plugin ipmanager
2024-02-01 12:16:08,699 [INFO] PluginManage:359 - Loaded plugin ipmanager (category:base,tabindex:5)
2024-02-01 12:16:08,700 [INFO] PluginManage:310 - Check plugin lpbam
2024-02-01 12:16:08,707 [INFO] PluginManage:359 - Loaded plugin lpbam (category:base,tabindex:0)
2024-02-01 12:16:08,707 [INFO] PluginManage:310 - Check plugin memorymap
2024-02-01 12:16:08,716 [INFO] PluginManage:359 - Loaded plugin memorymap (category:base,tabindex:4)
2024-02-01 12:16:08,716 [INFO] PluginManage:310 - Check plugin pinoutandconfiguration
2024-02-01 12:16:08,721 [INFO] PluginManage:359 - Loaded plugin pinoutandconfiguration (category:base,tabindex:1)
2024-02-01 12:16:08,721 [INFO] PluginManage:310 - Check plugin pinoutconfig
2024-02-01 12:16:08,809 [WARN] SupportedApi:132 - Cannot load RTOS API schema: s4s-elt-must-match.1: The content of 'definitions' must match (annotation?, (simpleType | complexType)?, (unique | key | keyref)*)). A problem was found starting at: attribute.
2024-02-01 12:16:08,942 [INFO] PluginManage:359 - Loaded plugin pinoutconfig (category:base,tabindex:0)
2024-02-01 12:16:08,942 [INFO] PluginManage:310 - Check plugin power
2024-02-01 12:16:08,950 [INFO] PluginManage:359 - Loaded plugin power (category:power,tabindex:4)
2024-02-01 12:16:08,950 [INFO] PluginManage:310 - Check plugin projectmanager
2024-02-01 12:16:08,968 [INFO] PluginManage:359 - Loaded plugin projectmanager (category:projectmanager,tabindex:3)
2024-02-01 12:16:08,968 [INFO] PluginManage:310 - Check plugin thirdparty
2024-02-01 12:16:09,089 [WARN] IntegrityCheckThread:84 - waiting for thirdparty lock release [integrity check]
2024-02-01 12:16:09,089 [INFO] IntegrityCheckThread:86 - entering critical section [integrity check]
2024-02-01 12:16:09,089 [INFO] PluginManage:359 - Loaded plugin thirdparty (category:base,tabindex:-1)
2024-02-01 12:16:09,090 [INFO] PluginManage:310 - Check plugin tools
2024-02-01 12:16:09,090 [INFO] ThirdPartyUpdaterWithRetryManager:70 - Updater plugin not ready yet. [1/15]
2024-02-01 12:16:09,093 [INFO] PluginManage:359 - Loaded plugin tools (category:base,tabindex:7)
2024-02-01 12:16:09,094 [INFO] PluginManage:310 - Check plugin tutovideos
2024-02-01 12:16:09,232 [INFO] PluginManage:359 - Loaded plugin tutovideos (category:base,tabindex:-1)
2024-02-01 12:16:09,233 [INFO] PluginManage:310 - Check plugin updater
2024-02-01 12:16:09,242 [INFO] PluginManage:359 - Loaded plugin updater (category:base,tabindex:12)
2024-02-01 12:16:09,242 [INFO] PluginManage:310 - Check plugin userauth
2024-02-01 12:16:09,247 [INFO] UserAuth:114 - Init User Auth plugin
2024-02-01 12:16:09,247 [INFO] PluginManage:359 - Loaded plugin userauth (category:base,tabindex:14)
2024-02-01 12:16:09,247 [INFO] PluginManage:283 - PluginManage : Loaded plugins [17]
2024-02-01 12:16:09,439 [INFO] PinOutPanel:1499 - setPackage(No Configuration,No Configuration)
2024-02-01 12:16:09,505 [INFO] CADModel:165 - CPN selected for project level
2024-02-01 12:16:09,505 [INFO] CADModel:114 - Register for checkConnection events
2024-02-01 12:16:09,520 [INFO] IPUIPlugin:80 - create IPUIPlugin
2024-02-01 12:16:09,520 [INFO] PluginManager:220 - loadIPPluginJar : add adc
2024-02-01 12:16:09,522 [INFO] IPUIPlugin:80 - create IPUIPlugin
2024-02-01 12:16:09,522 [INFO] PluginManager:220 - loadIPPluginJar : add aes
2024-02-01 12:16:09,524 [INFO] IPUIPlugin:80 - create IPUIPlugin
2024-02-01 12:16:09,525 [INFO] PluginManager:220 - loadIPPluginJar : add can
2024-02-01 12:16:09,526 [INFO] IPUIPlugin:80 - create IPUIPlugin
2024-02-01 12:16:09,526 [INFO] PluginManager:220 - loadIPPluginJar : add comp
2024-02-01 12:16:09,528 [INFO] IPUIPlugin:80 - create IPUIPlugin
2024-02-01 12:16:09,528 [INFO] PluginManager:220 - loadIPPluginJar : add cryp
2024-02-01 12:16:09,530 [INFO] IPUIPlugin:80 - create IPUIPlugin
2024-02-01 12:16:09,531 [INFO] PluginManager:220 - loadIPPluginJar : add dfsdm
2024-02-01 12:16:09,535 [INFO] IPUIPlugin:80 - create IPUIPlugin
2024-02-01 12:16:09,536 [INFO] PluginManager:220 - loadIPPluginJar : add dma
2024-02-01 12:16:09,538 [INFO] IPUIPlugin:80 - create IPUIPlugin
2024-02-01 12:16:09,538 [INFO] PluginManager:220 - loadIPPluginJar : add dma3
2024-02-01 12:16:09,539 [INFO] IPUIPlugin:80 - create IPUIPlugin
2024-02-01 12:16:09,539 [INFO] PluginManager:220 - loadIPPluginJar : add fatfs
2024-02-01 12:16:09,543 [INFO] IPUIPlugin:80 - create IPUIPlugin
2024-02-01 12:16:09,543 [INFO] PluginManager:220 - loadIPPluginJar : add fmc
2024-02-01 12:16:09,548 [INFO] IPUIPlugin:80 - create IPUIPlugin
2024-02-01 12:16:09,548 [INFO] PluginManager:220 - loadIPPluginJar : add freertos
2024-02-01 12:16:09,549 [INFO] IPUIPlugin:80 - create IPUIPlugin
2024-02-01 12:16:09,549 [INFO] PluginManager:220 - loadIPPluginJar : add genericplugin
2024-02-01 12:16:09,551 [INFO] IPUIPlugin:80 - create IPUIPlugin
2024-02-01 12:16:09,552 [INFO] PluginManager:220 - loadIPPluginJar : add gfxmmu
2024-02-01 12:16:09,556 [INFO] IPUIPlugin:80 - create IPUIPlugin
2024-02-01 12:16:09,556 [INFO] PluginManager:220 - loadIPPluginJar : add gic
2024-02-01 12:16:09,561 [INFO] IPUIPlugin:80 - create IPUIPlugin
2024-02-01 12:16:09,561 [INFO] PluginManager:220 - loadIPPluginJar : add gpio
2024-02-01 12:16:09,564 [INFO] IPUIPlugin:80 - create IPUIPlugin
2024-02-01 12:16:09,564 [INFO] PluginManager:220 - loadIPPluginJar : add gtzc
2024-02-01 12:16:09,567 [INFO] IPUIPlugin:80 - create IPUIPlugin
2024-02-01 12:16:09,567 [INFO] PluginManager:220 - loadIPPluginJar : add hash
2024-02-01 12:16:09,569 [INFO] IPUIPlugin:80 - create IPUIPlugin
2024-02-01 12:16:09,569 [INFO] PluginManager:220 - loadIPPluginJar : add i2c
2024-02-01 12:16:09,572 [INFO] IPUIPlugin:80 - create IPUIPlugin
2024-02-01 12:16:09,572 [INFO] PluginManager:220 - loadIPPluginJar : add i2s
2024-02-01 12:16:09,574 [INFO] IPUIPlugin:80 - create IPUIPlugin
2024-02-01 12:16:09,574 [INFO] PluginManager:220 - loadIPPluginJar : add i3c
2024-02-01 12:16:09,578 [INFO] IPUIPlugin:80 - create IPUIPlugin
2024-02-01 12:16:09,578 [INFO] PluginManager:220 - loadIPPluginJar : add ipddr
2024-02-01 12:16:09,585 [INFO] IPUIPlugin:80 - create IPUIPlugin
2024-02-01 12:16:09,585 [INFO] PluginManager:220 - loadIPPluginJar : add linkedlist
2024-02-01 12:16:09,588 [INFO] IPUIPlugin:80 - create IPUIPlugin
2024-02-01 12:16:09,588 [INFO] PluginManager:220 - loadIPPluginJar : add lorawan
2024-02-01 12:16:09,591 [INFO] IPUIPlugin:80 - create IPUIPlugin
2024-02-01 12:16:09,592 [INFO] PluginManager:220 - loadIPPluginJar : add ltdc
2024-02-01 12:16:09,598 [INFO] IPUIPlugin:80 - create IPUIPlugin
2024-02-01 12:16:09,598 [INFO] PluginManager:220 - loadIPPluginJar : add mdma
2024-02-01 12:16:09,602 [INFO] IPUIPlugin:80 - create IPUIPlugin
2024-02-01 12:16:09,602 [INFO] PluginManager:220 - loadIPPluginJar : add nvic
2024-02-01 12:16:09,604 [INFO] IPUIPlugin:80 - create IPUIPlugin
2024-02-01 12:16:09,604 [INFO] PluginManager:220 - loadIPPluginJar : add opamp
2024-02-01 12:16:09,607 [INFO] IPUIPlugin:80 - create IPUIPlugin
2024-02-01 12:16:09,607 [INFO] PluginManager:220 - loadIPPluginJar : add openamp
2024-02-01 12:16:09,610 [INFO] IPUIPlugin:80 - create IPUIPlugin
2024-02-01 12:16:09,610 [INFO] PluginManager:220 - loadIPPluginJar : add pdm2pcm
2024-02-01 12:16:09,615 [INFO] IPUIPlugin:80 - create IPUIPlugin
2024-02-01 12:16:09,619 [INFO] PluginManager:220 - loadIPPluginJar : add plateformsettings
2024-02-01 12:16:09,621 [INFO] IPUIPlugin:80 - create IPUIPlugin
2024-02-01 12:16:09,621 [INFO] PluginManager:220 - loadIPPluginJar : add quadspi
2024-02-01 12:16:09,624 [INFO] IPUIPlugin:80 - create IPUIPlugin
2024-02-01 12:16:09,624 [INFO] PluginManager:220 - loadIPPluginJar : add resmgrutility
2024-02-01 12:16:09,627 [INFO] IPUIPlugin:80 - create IPUIPlugin
2024-02-01 12:16:09,627 [INFO] PluginManager:220 - loadIPPluginJar : add sai
2024-02-01 12:16:09,629 [INFO] IPUIPlugin:80 - create IPUIPlugin
2024-02-01 12:16:09,629 [INFO] PluginManager:220 - loadIPPluginJar : add spi
2024-02-01 12:16:09,633 [INFO] IPUIPlugin:80 - create IPUIPlugin
2024-02-01 12:16:09,634 [INFO] PluginManager:220 - loadIPPluginJar : add stm32_wpan
2024-02-01 12:16:09,635 [INFO] IPUIPlugin:80 - create IPUIPlugin
2024-02-01 12:16:09,635 [INFO] PluginManager:220 - loadIPPluginJar : add tim
2024-02-01 12:16:09,638 [INFO] IPUIPlugin:80 - create IPUIPlugin
2024-02-01 12:16:09,638 [INFO] PluginManager:220 - loadIPPluginJar : add touchsensing
2024-02-01 12:16:09,639 [INFO] IPUIPlugin:80 - create IPUIPlugin
2024-02-01 12:16:09,639 [INFO] PluginManager:220 - loadIPPluginJar : add tracer_emb
2024-02-01 12:16:09,641 [INFO] IPUIPlugin:80 - create IPUIPlugin
2024-02-01 12:16:09,641 [INFO] PluginManager:220 - loadIPPluginJar : add ts
2024-02-01 12:16:09,642 [INFO] IPUIPlugin:80 - create IPUIPlugin
2024-02-01 12:16:09,642 [INFO] PluginManager:220 - loadIPPluginJar : add tsc
2024-02-01 12:16:09,643 [INFO] IPUIPlugin:80 - create IPUIPlugin
2024-02-01 12:16:09,643 [INFO] PluginManager:220 - loadIPPluginJar : add ucpd
2024-02-01 12:16:09,645 [INFO] IPUIPlugin:80 - create IPUIPlugin
2024-02-01 12:16:09,645 [INFO] PluginManager:220 - loadIPPluginJar : add usart
2024-02-01 12:16:09,648 [INFO] IPUIPlugin:80 - create IPUIPlugin
2024-02-01 12:16:09,648 [INFO] PluginManager:220 - loadIPPluginJar : add usbx
2024-02-01 12:16:09,775 [INFO] CADModel:165 - CPN selected for project level
2024-02-01 12:16:09,775 [INFO] CADModel:114 - Register for checkConnection events
2024-02-01 12:16:09,775 [FATAL] Updater:308 - Updater called before beeing initialized
2024-02-01 12:16:09,775 [ERROR] CADModel:125 - Updater not yet initialized, retry later 
2024-02-01 12:16:09,944 [INFO] CADModel:165 - CPN selected for project level
2024-02-01 12:16:09,944 [INFO] CADModel:114 - Register for checkConnection events
2024-02-01 12:16:09,944 [FATAL] Updater:308 - Updater called before beeing initialized
2024-02-01 12:16:09,944 [ERROR] CADModel:125 - Updater not yet initialized, retry later 
2024-02-01 12:16:09,948 [FATAL] Updater:308 - Updater called before beeing initialized
2024-02-01 12:16:10,053 [FATAL] Updater:308 - Updater called before beeing initialized
2024-02-01 12:16:10,057 [INFO] DbMcusAds:53 - JSON generation date=Wed Nov 29 11:52:27 WAT 2023 (1701255147200)
2024-02-01 12:16:10,057 [FATAL] Updater:308 - Updater called before beeing initialized
2024-02-01 12:16:10,086 [WARN] DetailPanel:346 - Failed to get advertising image, set to default
2024-02-01 12:16:10,164 [FATAL] Updater:308 - Updater called before beeing initialized
2024-02-01 12:16:10,166 [FATAL] Updater:308 - Updater called before beeing initialized
2024-02-01 12:16:10,166 [FATAL] Updater:308 - Updater called before beeing initialized
2024-02-01 12:16:10,166 [WARN] DetailPanel:346 - Failed to get advertising image, set to default
2024-02-01 12:16:10,167 [FATAL] Updater:308 - Updater called before beeing initialized
2024-02-01 12:16:10,243 [ERROR] Updater:1120 - MainUpdater not yet initialized. External WinMGr cannot be set.
2024-02-01 12:16:10,245 [INFO] Updater:1056 - Updater Version found : 6.10.0
2024-02-01 12:16:10,263 [INFO] ApplicationProperties:184 - Using Application install path: C:\ST\STM32CubeIDE_1.14.0\STM32CubeIDE\plugins\com.st.stm32cube.common.mx_6.10.0.202311202037
2024-02-01 12:16:11,838 [ERROR] LogOutputStream:75 - [STDERR_REDIRECT] Feb 01, 2024 12:16:11 PM java.util.prefs.WindowsPreferences <init>
2024-02-01 12:16:11,839 [ERROR] LogOutputStream:75 - [STDERR_REDIRECT] WARNING: Could not open/create prefs root node Software\JavaSoft\Prefs at root 0xffffffff80000002. Windows RegCreateKeyEx(...) returned error code 5.
2024-02-01 12:16:11,839 [ERROR] LogOutputStream:75 - [STDERR_REDIRECT] 
2024-02-01 12:16:12,090 [INFO] ThirdPartyUpdaterWithRetryManager:70 - Updater plugin not ready yet. [2/15]
2024-02-01 12:16:12,393 [INFO] MainUpdater:2873 - connection check result : 10
2024-02-01 12:16:12,394 [INFO] MainUpdater:290 - Updater Check For Update Now.
2024-02-01 12:16:12,394 [INFO] MicroXplorer:498 - Change Database Version : DB.6.0.100
2024-02-01 12:16:12,444 [INFO] McuFinderGlobals:63 - Set McuFinder mode to 2 (CubeIDE integrated)
2024-02-01 12:16:12,596 [INFO] CheckServerUpdateThread:120 - End of CheckServer Thread
2024-02-01 12:16:12,869 [INFO] UserAuth:404 - Internet connection configuration mode: 1
2024-02-01 12:16:12,884 [INFO] JxBrowserEngine:152 - Initiate JxBrowser Engine with user profile folder
2024-02-01 12:16:13,499 [INFO] WebApp:161 - Instantiating new browser for Auth
2024-02-01 12:16:14,049 [INFO] WebApp:780 - Register for checkConnection events
2024-02-01 12:16:14,050 [INFO] WebApp:414 - Apply proxy settings
2024-02-01 12:16:14,050 [INFO] WebApp:499 - Chromium requires no authentication
2024-02-01 12:16:14,056 [INFO] WebApp:442 - Direct internet connection detected
2024-02-01 12:16:14,215 [INFO] WebApp:192 - Starting web application
2024-02-01 12:16:14,216 [INFO] WebApp:544 - Web application path used C:\ST\STM32CubeIDE_1.14.0\STM32CubeIDE\plugins\com.st.stm32cube.common.mx_6.10.0.202311202037\db\plugins\mcufinder\reactClient1\index.html
2024-02-01 12:16:15,247 [WARN] PackLoader:240 - Cannot read IP mode file for STMicroelectronics.X-CUBE-SMBUS.2.1.0
2024-02-01 12:16:15,254 [WARN] PackLoader:240 - Cannot read IP mode file for STMicroelectronics.X-CUBE-TOUCHGFX.4.23.0
2024-02-01 12:16:15,282 [WARN] PackLoader:240 - Cannot read IP mode file for STMicroelectronics.X-CUBE-AZRTOS-F7.1.1.0
2024-02-01 12:16:15,301 [WARN] PackLoader:240 - Cannot read IP mode file for STMicroelectronics.FP-SNS-MOTENV1.4.3.2
2024-02-01 12:16:15,313 [WARN] PackLoader:240 - Cannot read IP mode file for STMicroelectronics.FP-SNS-FLIGHT1.5.0.2
2024-02-01 12:16:15,333 [WARN] PackLoader:240 - Cannot read IP mode file for STMicroelectronics.X-CUBE-DISPLAY.3.0.0
2024-02-01 12:16:15,353 [WARN] PackLoader:240 - Cannot read IP mode file for STMicroelectronics.X-CUBE-BLE1.7.0.0
2024-02-01 12:16:15,358 [WARN] PackLoader:240 - Cannot read IP mode file for emotas.I-CUBE-CANOPEN.1.3.0
2024-02-01 12:16:15,364 [WARN] PackLoader:240 - Cannot read IP mode file for STMicroelectronics.FP-SNS-SMARTAG2.1.2.0
2024-02-01 12:16:15,378 [INFO] LogOutputStream:77 - [STDOUT_REDIRECT] 1 : Invalid condition id : UX_CORESTACK_Condition cause : null
2024-02-01 12:16:15,379 [INFO] LogOutputStream:77 - [STDOUT_REDIRECT] 1 : Invalid condition id : UX_CORESTACK_Condition cause : null
2024-02-01 12:16:15,381 [INFO] LogOutputStream:77 - [STDOUT_REDIRECT] 1 : Invalid condition id : UX_CORESTACK_Condition cause : null
2024-02-01 12:16:15,382 [INFO] LogOutputStream:77 - [STDOUT_REDIRECT] 1 : Invalid condition id : UX_CORESTACK_Condition cause : null
2024-02-01 12:16:15,383 [INFO] LogOutputStream:77 - [STDOUT_REDIRECT] 1 : Invalid condition id : UX_CORESTACK_Condition cause : null
2024-02-01 12:16:15,386 [WARN] PackLoader:240 - Cannot read IP mode file for STMicroelectronics.X-CUBE-AZRTOS-WL.2.0.0
2024-02-01 12:16:15,397 [WARN] PackLoader:240 - Cannot read IP mode file for WES.I-CUBE-Cesium.1.3.0
2024-02-01 12:16:15,401 [WARN] PackLoader:240 - Cannot read IP mode file for STMicroelectronics.X-CUBE-BLE2.3.3.0
2024-02-01 12:16:15,409 [WARN] PackLoader:240 - Cannot read IP mode file for STMicroelectronics.X-CUBE-ALGOBUILD.1.3.0
2024-02-01 12:16:15,429 [WARN] PackLoader:240 - Cannot read IP mode file for STMicroelectronics.X-CUBE-AZRTOS-G0.1.1.0
2024-02-01 12:16:15,441 [WARN] PackLoader:240 - Cannot read IP mode file for STMicroelectronics.X-CUBE-NFC4.3.0.0
2024-02-01 12:16:15,460 [WARN] PackLoader:240 - Cannot read IP mode file for STMicroelectronics.X-CUBE-BLEMGR.3.0.0
2024-02-01 12:16:15,472 [WARN] PackLoader:240 - Cannot read IP mode file for STMicroelectronics.FP-ATR-SIGFOX1.3.2.0
2024-02-01 12:16:15,479 [WARN] PackLoader:240 - Cannot read IP mode file for STMicroelectronics.X-CUBE-EEPRMA1.5.1.0
2024-02-01 12:16:15,517 [WARN] PackLoader:240 - Cannot read IP mode file for SEGGER.I-CUBE-embOS.1.3.1
2024-02-01 12:16:15,575 [WARN] PackLoader:240 - Cannot read IP mode file for STMicroelectronics.X-CUBE-GNSS1.6.0.0
2024-02-01 12:16:15,600 [WARN] PackLoader:240 - Cannot read IP mode file for STMicroelectronics.X-CUBE-AZRTOS-F4.1.1.0
2024-02-01 12:16:15,608 [WARN] PackLoader:240 - Cannot read IP mode file for wolfSSL.I-CUBE-wolfSSL.5.6.6
2024-02-01 12:16:15,628 [WARN] PackLoader:240 - Cannot read IP mode file for STMicroelectronics.X-CUBE-AZRTOS-L5.2.0.0
2024-02-01 12:16:15,637 [WARN] PackLoader:240 - Cannot read IP mode file for ITTIA_DB.I-CUBE-ITTIADB.8.8.0
2024-02-01 12:16:15,644 [WARN] PackLoader:240 - Cannot read IP mode file for STMicroelectronics.X-CUBE-NFC7.1.0.1
2024-02-01 12:16:15,655 [WARN] PackLoader:240 - Cannot read IP mode file for STMicroelectronics.X-CUBE-NFC6.3.0.0
2024-02-01 12:16:15,662 [WARN] PackLoader:240 - Cannot read IP mode file for STMicroelectronics.X-CUBE-AI.8.1.0
2024-02-01 12:16:15,681 [WARN] ConditionMgr:438 - getConditionDescription Invalid condition id : LAN8742 Phy interface Condition cause : null
2024-02-01 12:16:15,682 [WARN] PackLoader:240 - Cannot read IP mode file for STMicroelectronics.X-CUBE-AZRTOS-L4.2.0.0
2024-02-01 12:16:15,683 [WARN] ConditionMgr:1039 - genDependencies : Invalid condition id : LAN8742 Phy interface Condition cause : null
2024-02-01 12:16:15,684 [WARN] ConditionMgr:1039 - genDependencies : Invalid condition id : LAN8742 Phy interface Condition cause : null
2024-02-01 12:16:15,684 [WARN] ConditionMgr:1039 - genDependencies : Invalid condition id : LAN8742 Phy interface Condition cause : null
2024-02-01 12:16:15,689 [WARN] PackLoader:240 - Cannot read IP mode file for STMicroelectronics.X-CUBE-SFXS2LP1.4.0.0
2024-02-01 12:16:15,698 [WARN] ConditionMgr:438 - getConditionDescription Invalid condition id : UX DEVICE CLASS RTOS Condition cause : null
2024-02-01 12:16:15,698 [WARN] ConditionMgr:438 - getConditionDescription Invalid condition id : UX DEVICE CLASS RTOS Condition cause : null
2024-02-01 12:16:15,699 [WARN] PackLoader:240 - Cannot read IP mode file for STMicroelectronics.X-CUBE-AZRTOS-WB.2.0.0
2024-02-01 12:16:15,699 [WARN] ConditionMgr:1039 - genDependencies : Invalid condition id : UX DEVICE CLASS RTOS Condition cause : null
2024-02-01 12:16:15,700 [WARN] ConditionMgr:1039 - genDependencies : Invalid condition id : UX DEVICE CLASS RTOS Condition cause : null
2024-02-01 12:16:15,700 [WARN] ConditionMgr:1039 - genDependencies : Invalid condition id : UX DEVICE CLASS RTOS Condition cause : null
2024-02-01 12:16:15,700 [WARN] ConditionMgr:1039 - genDependencies : Invalid condition id : UX DEVICE CLASS RTOS Condition cause : null
2024-02-01 12:16:15,700 [WARN] ConditionMgr:1039 - genDependencies : Invalid condition id : UX DEVICE CLASS RTOS Condition cause : null
2024-02-01 12:16:15,707 [WARN] PackLoader:240 - Cannot read IP mode file for STMicroelectronics.X-CUBE-SUBG2.5.0.0
2024-02-01 12:16:15,719 [WARN] PackLoader:240 - Cannot read IP mode file for STMicroelectronics.X-CUBE-AZRTOS-G4.2.0.0
2024-02-01 12:16:15,733 [WARN] PackLoader:240 - Cannot read IP mode file for Infineon.AIROC-Wi-Fi-Bluetooth-STM32.1.5.1
2024-02-01 12:16:15,739 [WARN] PackLoader:240 - Cannot read IP mode file for STMicroelectronics.X-CUBE-ISPU.2.0.0
2024-02-01 12:16:15,763 [WARN] PackLoader:240 - Cannot read IP mode file for STMicroelectronics.X-CUBE-MEMS1.10.0.0
2024-02-01 12:16:15,832 [WARN] PackLoader:240 - Cannot read IP mode file for STMicroelectronics.X-CUBE-FREERTOS.1.1.0
2024-02-01 12:16:15,837 [WARN] PackLoader:240 - Cannot read IP mode file for portGmbH.I-Cube-SoM-uGOAL.1.1.0
2024-02-01 12:16:15,840 [WARN] PackLoader:240 - Cannot read IP mode file for STMicroelectronics.X-CUBE-ALS.1.0.1
2024-02-01 12:16:15,844 [WARN] PackLoader:240 - Cannot read IP mode file for STMicroelectronics.FP-ATR-ASTRA1.2.0.0
2024-02-01 12:16:15,851 [WARN] PackLoader:240 - Cannot read IP mode file for STMicroelectronics.X-CUBE-TOF1.3.4.0
2024-02-01 12:16:15,868 [WARN] PackLoader:240 - Cannot read IP mode file for STMicroelectronics.X-CUBE-AZRTOS-H7.3.2.0
2024-02-01 12:16:15,872 [INFO] ThirdParty:978 - Integrity check success = true
2024-02-01 12:16:15,872 [INFO] IntegrityCheckThread:100 - exiting critical section [integrity check]
2024-02-01 12:16:15,872 [INFO] IntegrityCheckThread:103 - End integrity checks thread
2024-02-01 12:16:35,121 [ERROR] LogOutputStream:75 - [STDERR_REDIRECT] SLF4J: Failed to load class "org.slf4j.impl.StaticLoggerBinder".
2024-02-01 12:16:35,123 [ERROR] LogOutputStream:75 - [STDERR_REDIRECT] SLF4J: Defaulting to no-operation (NOP) logger implementation
2024-02-01 12:16:35,125 [ERROR] LogOutputStream:75 - [STDERR_REDIRECT] SLF4J: See http://www.slf4j.org/codes.html#StaticLoggerBinder for further details.
2024-02-01 13:13:20,163 [ERROR] LogOutputStream:75 - [STDERR_REDIRECT] Warning: NLS missing message: GotoMatchingBracket_error_noMatchingBracket in: org.eclipse.ui.internal.genericeditor.messages
2024-02-01 13:13:20,165 [ERROR] LogOutputStream:75 - [STDERR_REDIRECT] Warning: NLS missing message: GotoMatchingBracket_error_bracketOutsideSelectedElement in: org.eclipse.ui.internal.genericeditor.messages
2024-02-01 20:29:22,544 [ERROR] LogOutputStream:75 - [STDERR_REDIRECT] 
2024-02-01 20:29:22,547 [ERROR] LogOutputStream:75 - [STDERR_REDIRECT] 
