2024-02-08 16:39:31,307 [INFO] Activator:176 - 


2024-02-08 16:39:31,312 [INFO] Activator:177 - !SESSION log4j initialized
2024-02-08 16:39:35,562 [INFO] LogOutputStream:77 - [STDOUT_REDIRECT] 
2024-02-08 16:39:40,302 [INFO] ApplicationProperties:184 - Using Application install path: C:\ST\STM32CubeIDE_1.14.0\STM32CubeIDE\plugins\com.st.stm32cube.common.mx_6.10.0.202311202037
2024-02-08 16:39:40,364 [INFO] DbMcusXml:78 - Set database path to: C:\ST\STM32CubeIDE_1.14.0\STM32CubeIDE\plugins\com.st.stm32cube.common.mx_6.10.0.202311202037\\db\/mcu/
2024-02-08 16:39:40,365 [INFO] ApiDb:274 - Set plugin database path to: C:\ST\STM32CubeIDE_1.14.0\STM32CubeIDE\plugins\com.st.stm32cube.common.mx_6.10.0.202311202037\\db\/plugins/boardmanager/
2024-02-08 16:39:40,365 [WARN] ApiDb:259 - Overriding images path with different value:  => C:\ST\STM32CubeIDE_1.14.0\STM32CubeIDE\plugins\com.st.stm32cube.common.mx_6.10.0.202311202037\\db\/plugins/mcufinder/images/
2024-02-08 16:39:40,381 [INFO] ApiDb:250 - Set database path to: C:\Users\ahmed\.stmcufinder\plugins\mcufinder//mcu/
2024-02-08 16:39:40,384 [INFO] DbMcusAds:125 - Set database path to: C:\Users\ahmed\.stmcufinder\plugins\mcufinder//mcu/
2024-02-08 16:39:40,391 [INFO] CrossReferenceDbSqlite:203 - Set database path to: C:\Users\ahmed\.stmcufinder\plugins\mcufinder//mcu/cs/
2024-02-08 16:39:40,707 [INFO] RulesReader:64 - Compatibility file has been processed (297 Rules)
2024-02-08 16:39:40,811 [INFO] DbMcusXml:78 - Set database path to: C:\ST\STM32CubeIDE_1.14.0\STM32CubeIDE\plugins\com.st.stm32cube.common.mx_6.10.0.202311202037\\db\/mcu/
2024-02-08 16:39:40,811 [INFO] ApiDb:274 - Set plugin database path to: C:\ST\STM32CubeIDE_1.14.0\STM32CubeIDE\plugins\com.st.stm32cube.common.mx_6.10.0.202311202037\\db\/plugins/boardmanager/
2024-02-08 16:39:40,811 [INFO] ApiDb:261 - Set plugin images path to: C:\ST\STM32CubeIDE_1.14.0\STM32CubeIDE\plugins\com.st.stm32cube.common.mx_6.10.0.202311202037\\db\/plugins/mcufinder/images/
2024-02-08 16:39:40,812 [WARN] DbFile:41 - Overriding database path with different value: C:\Users\ahmed\.stmcufinder\plugins\mcufinder/ => C:\Users\ahmed\.stmcufinder\plugins\mcufinder
2024-02-08 16:39:40,812 [INFO] ApiDb:250 - Set database path to: C:\Users\ahmed\.stmcufinder\plugins\mcufinder//mcu/
2024-02-08 16:39:40,812 [WARN] DbFile:41 - Overriding database path with different value: C:\Users\ahmed\.stmcufinder\plugins\mcufinder/ => C:\Users\ahmed\.stmcufinder\plugins\mcufinder
2024-02-08 16:39:40,812 [INFO] DbMcusAds:125 - Set database path to: C:\Users\ahmed\.stmcufinder\plugins\mcufinder//mcu/
2024-02-08 16:39:40,812 [WARN] DbFile:41 - Overriding database path with different value: C:\Users\ahmed\.stmcufinder\plugins\mcufinder/ => C:\Users\ahmed\.stmcufinder\plugins\mcufinder
2024-02-08 16:39:40,812 [WARN] DbFile:41 - Overriding database path with different value: C:\Users\ahmed\.stmcufinder\plugins\mcufinder/ => C:\Users\ahmed\.stmcufinder\plugins\mcufinder
2024-02-08 16:39:40,812 [INFO] CrossReferenceDbSqlite:203 - Set database path to: C:\Users\ahmed\.stmcufinder\plugins\mcufinder//mcu/cs/
2024-02-08 16:39:40,877 [INFO] MainPanel:264 - HeapMemory: 268435456
2024-02-08 16:39:40,943 [INFO] DbMcusXml:78 - Set database path to: C:\ST\STM32CubeIDE_1.14.0\STM32CubeIDE\plugins\com.st.stm32cube.common.mx_6.10.0.202311202037\\db\/mcu/
2024-02-08 16:39:40,943 [INFO] ApiDb:274 - Set plugin database path to: C:\ST\STM32CubeIDE_1.14.0\STM32CubeIDE\plugins\com.st.stm32cube.common.mx_6.10.0.202311202037\\db\/plugins/boardmanager/
2024-02-08 16:39:40,943 [INFO] ApiDb:261 - Set plugin images path to: C:\ST\STM32CubeIDE_1.14.0\STM32CubeIDE\plugins\com.st.stm32cube.common.mx_6.10.0.202311202037\\db\/plugins/mcufinder/images/
2024-02-08 16:39:40,944 [WARN] DbFile:41 - Overriding database path with different value: C:\Users\ahmed\.stmcufinder\plugins\mcufinder/ => C:\Users\ahmed\.stmcufinder\plugins\mcufinder
2024-02-08 16:39:40,944 [INFO] ApiDb:250 - Set database path to: C:\Users\ahmed\.stmcufinder\plugins\mcufinder//mcu/
2024-02-08 16:39:40,944 [WARN] DbFile:41 - Overriding database path with different value: C:\Users\ahmed\.stmcufinder\plugins\mcufinder/ => C:\Users\ahmed\.stmcufinder\plugins\mcufinder
2024-02-08 16:39:40,944 [INFO] DbMcusAds:125 - Set database path to: C:\Users\ahmed\.stmcufinder\plugins\mcufinder//mcu/
2024-02-08 16:39:40,944 [WARN] DbFile:41 - Overriding database path with different value: C:\Users\ahmed\.stmcufinder\plugins\mcufinder/ => C:\Users\ahmed\.stmcufinder\plugins\mcufinder
2024-02-08 16:39:40,944 [WARN] DbFile:41 - Overriding database path with different value: C:\Users\ahmed\.stmcufinder\plugins\mcufinder/ => C:\Users\ahmed\.stmcufinder\plugins\mcufinder
2024-02-08 16:39:40,944 [INFO] CrossReferenceDbSqlite:203 - Set database path to: C:\Users\ahmed\.stmcufinder\plugins\mcufinder//mcu/cs/
2024-02-08 16:39:40,959 [INFO] ApplicationProperties:184 - Using Application install path: C:\ST\STM32CubeIDE_1.14.0\STM32CubeIDE\plugins\com.st.stm32cube.common.mx_6.10.0.202311202037
2024-02-08 16:39:40,960 [INFO] PluginManage:196 - Search for loadable plugins [exclusion list=, ]
2024-02-08 16:39:40,961 [INFO] PluginManage:310 - Check plugin analytics
2024-02-08 16:39:41,115 [INFO] AnalyticsPlugin:253 - Accepted Software Licenses: 
2024-02-08 16:39:41,116 [INFO] AnalyticsPlugin:255 - Accepted CMSIS Pack Licenses: 
2024-02-08 16:39:41,116 [INFO] AnalyticsPlugin:257 - Accepted Firmware Licenses: 
2024-02-08 16:39:41,119 [INFO] PluginManage:359 - Loaded plugin analytics (category:tool,tabindex:-1)
2024-02-08 16:39:41,119 [INFO] PluginManage:310 - Check plugin cadmodel
2024-02-08 16:39:41,123 [INFO] CADModel:105 - Init CAD model plugin
2024-02-08 16:39:41,123 [INFO] PluginManage:359 - Loaded plugin cadmodel (category:power,tabindex:5)
2024-02-08 16:39:41,123 [INFO] PluginManage:310 - Check plugin clock
2024-02-08 16:39:41,133 [INFO] PluginManage:359 - Loaded plugin clock (category:base,tabindex:2)
2024-02-08 16:39:41,133 [INFO] PluginManage:310 - Check plugin ddr
2024-02-08 16:39:41,137 [INFO] PluginManage:359 - Loaded plugin ddr (category:tool,tabindex:6)
2024-02-08 16:39:41,137 [INFO] PluginManage:310 - Check plugin filemanager
2024-02-08 16:39:41,322 [INFO] PluginManage:359 - Loaded plugin filemanager (category:base,tabindex:10)
2024-02-08 16:39:41,323 [INFO] PluginManage:310 - Check plugin ipmanager
2024-02-08 16:39:41,329 [INFO] PluginManage:359 - Loaded plugin ipmanager (category:base,tabindex:5)
2024-02-08 16:39:41,329 [INFO] PluginManage:310 - Check plugin lpbam
2024-02-08 16:39:41,336 [INFO] PluginManage:359 - Loaded plugin lpbam (category:base,tabindex:0)
2024-02-08 16:39:41,336 [INFO] PluginManage:310 - Check plugin memorymap
2024-02-08 16:39:41,346 [INFO] PluginManage:359 - Loaded plugin memorymap (category:base,tabindex:4)
2024-02-08 16:39:41,346 [INFO] PluginManage:310 - Check plugin pinoutandconfiguration
2024-02-08 16:39:41,352 [INFO] PluginManage:359 - Loaded plugin pinoutandconfiguration (category:base,tabindex:1)
2024-02-08 16:39:41,352 [INFO] PluginManage:310 - Check plugin pinoutconfig
2024-02-08 16:39:41,422 [WARN] SupportedApi:132 - Cannot load RTOS API schema: s4s-elt-must-match.1: The content of 'definitions' must match (annotation?, (simpleType | complexType)?, (unique | key | keyref)*)). A problem was found starting at: attribute.
2024-02-08 16:39:41,525 [INFO] PluginManage:359 - Loaded plugin pinoutconfig (category:base,tabindex:0)
2024-02-08 16:39:41,525 [INFO] PluginManage:310 - Check plugin power
2024-02-08 16:39:41,536 [INFO] PluginManage:359 - Loaded plugin power (category:power,tabindex:4)
2024-02-08 16:39:41,536 [INFO] PluginManage:310 - Check plugin projectmanager
2024-02-08 16:39:41,556 [INFO] PluginManage:359 - Loaded plugin projectmanager (category:projectmanager,tabindex:3)
2024-02-08 16:39:41,556 [INFO] PluginManage:310 - Check plugin thirdparty
2024-02-08 16:39:41,743 [WARN] IntegrityCheckThread:84 - waiting for thirdparty lock release [integrity check]
2024-02-08 16:39:41,743 [INFO] IntegrityCheckThread:86 - entering critical section [integrity check]
2024-02-08 16:39:41,743 [INFO] PluginManage:359 - Loaded plugin thirdparty (category:base,tabindex:-1)
2024-02-08 16:39:41,743 [INFO] PluginManage:310 - Check plugin tools
2024-02-08 16:39:41,744 [INFO] ThirdPartyUpdaterWithRetryManager:70 - Updater plugin not ready yet. [1/15]
2024-02-08 16:39:41,749 [INFO] PluginManage:359 - Loaded plugin tools (category:base,tabindex:7)
2024-02-08 16:39:41,749 [INFO] PluginManage:310 - Check plugin tutovideos
2024-02-08 16:39:41,927 [INFO] PluginManage:359 - Loaded plugin tutovideos (category:base,tabindex:-1)
2024-02-08 16:39:41,928 [INFO] PluginManage:310 - Check plugin updater
2024-02-08 16:39:41,937 [INFO] PluginManage:359 - Loaded plugin updater (category:base,tabindex:12)
2024-02-08 16:39:41,937 [INFO] PluginManage:310 - Check plugin userauth
2024-02-08 16:39:41,941 [INFO] UserAuth:114 - Init User Auth plugin
2024-02-08 16:39:41,941 [INFO] PluginManage:359 - Loaded plugin userauth (category:base,tabindex:14)
2024-02-08 16:39:41,941 [INFO] PluginManage:283 - PluginManage : Loaded plugins [17]
2024-02-08 16:39:42,104 [INFO] PinOutPanel:1499 - setPackage(No Configuration,No Configuration)
2024-02-08 16:39:42,162 [INFO] CADModel:165 - CPN selected for project level
2024-02-08 16:39:42,162 [INFO] CADModel:114 - Register for checkConnection events
2024-02-08 16:39:42,175 [INFO] IPUIPlugin:80 - create IPUIPlugin
2024-02-08 16:39:42,175 [INFO] PluginManager:220 - loadIPPluginJar : add adc
2024-02-08 16:39:42,177 [INFO] IPUIPlugin:80 - create IPUIPlugin
2024-02-08 16:39:42,177 [INFO] PluginManager:220 - loadIPPluginJar : add aes
2024-02-08 16:39:42,179 [INFO] IPUIPlugin:80 - create IPUIPlugin
2024-02-08 16:39:42,179 [INFO] PluginManager:220 - loadIPPluginJar : add can
2024-02-08 16:39:42,181 [INFO] IPUIPlugin:80 - create IPUIPlugin
2024-02-08 16:39:42,181 [INFO] PluginManager:220 - loadIPPluginJar : add comp
2024-02-08 16:39:42,184 [INFO] IPUIPlugin:80 - create IPUIPlugin
2024-02-08 16:39:42,184 [INFO] PluginManager:220 - loadIPPluginJar : add cryp
2024-02-08 16:39:42,187 [INFO] IPUIPlugin:80 - create IPUIPlugin
2024-02-08 16:39:42,187 [INFO] PluginManager:220 - loadIPPluginJar : add dfsdm
2024-02-08 16:39:42,193 [INFO] IPUIPlugin:80 - create IPUIPlugin
2024-02-08 16:39:42,194 [INFO] PluginManager:220 - loadIPPluginJar : add dma
2024-02-08 16:39:42,196 [INFO] IPUIPlugin:80 - create IPUIPlugin
2024-02-08 16:39:42,196 [INFO] PluginManager:220 - loadIPPluginJar : add dma3
2024-02-08 16:39:42,197 [INFO] IPUIPlugin:80 - create IPUIPlugin
2024-02-08 16:39:42,197 [INFO] PluginManager:220 - loadIPPluginJar : add fatfs
2024-02-08 16:39:42,201 [INFO] IPUIPlugin:80 - create IPUIPlugin
2024-02-08 16:39:42,201 [INFO] PluginManager:220 - loadIPPluginJar : add fmc
2024-02-08 16:39:42,209 [INFO] IPUIPlugin:80 - create IPUIPlugin
2024-02-08 16:39:42,209 [INFO] PluginManager:220 - loadIPPluginJar : add freertos
2024-02-08 16:39:42,211 [INFO] IPUIPlugin:80 - create IPUIPlugin
2024-02-08 16:39:42,211 [INFO] PluginManager:220 - loadIPPluginJar : add genericplugin
2024-02-08 16:39:42,213 [INFO] IPUIPlugin:80 - create IPUIPlugin
2024-02-08 16:39:42,213 [INFO] PluginManager:220 - loadIPPluginJar : add gfxmmu
2024-02-08 16:39:42,217 [INFO] IPUIPlugin:80 - create IPUIPlugin
2024-02-08 16:39:42,218 [INFO] PluginManager:220 - loadIPPluginJar : add gic
2024-02-08 16:39:42,222 [INFO] IPUIPlugin:80 - create IPUIPlugin
2024-02-08 16:39:42,222 [INFO] PluginManager:220 - loadIPPluginJar : add gpio
2024-02-08 16:39:42,225 [INFO] IPUIPlugin:80 - create IPUIPlugin
2024-02-08 16:39:42,225 [INFO] PluginManager:220 - loadIPPluginJar : add gtzc
2024-02-08 16:39:42,227 [INFO] IPUIPlugin:80 - create IPUIPlugin
2024-02-08 16:39:42,227 [INFO] PluginManager:220 - loadIPPluginJar : add hash
2024-02-08 16:39:42,230 [INFO] IPUIPlugin:80 - create IPUIPlugin
2024-02-08 16:39:42,230 [INFO] PluginManager:220 - loadIPPluginJar : add i2c
2024-02-08 16:39:42,233 [INFO] IPUIPlugin:80 - create IPUIPlugin
2024-02-08 16:39:42,233 [INFO] PluginManager:220 - loadIPPluginJar : add i2s
2024-02-08 16:39:42,236 [INFO] IPUIPlugin:80 - create IPUIPlugin
2024-02-08 16:39:42,236 [INFO] PluginManager:220 - loadIPPluginJar : add i3c
2024-02-08 16:39:42,240 [INFO] IPUIPlugin:80 - create IPUIPlugin
2024-02-08 16:39:42,241 [INFO] PluginManager:220 - loadIPPluginJar : add ipddr
2024-02-08 16:39:42,248 [INFO] IPUIPlugin:80 - create IPUIPlugin
2024-02-08 16:39:42,249 [INFO] PluginManager:220 - loadIPPluginJar : add linkedlist
2024-02-08 16:39:42,251 [INFO] IPUIPlugin:80 - create IPUIPlugin
2024-02-08 16:39:42,251 [INFO] PluginManager:220 - loadIPPluginJar : add lorawan
2024-02-08 16:39:42,253 [INFO] IPUIPlugin:80 - create IPUIPlugin
2024-02-08 16:39:42,254 [INFO] PluginManager:220 - loadIPPluginJar : add ltdc
2024-02-08 16:39:42,261 [INFO] IPUIPlugin:80 - create IPUIPlugin
2024-02-08 16:39:42,261 [INFO] PluginManager:220 - loadIPPluginJar : add mdma
2024-02-08 16:39:42,264 [INFO] IPUIPlugin:80 - create IPUIPlugin
2024-02-08 16:39:42,264 [INFO] PluginManager:220 - loadIPPluginJar : add nvic
2024-02-08 16:39:42,267 [INFO] IPUIPlugin:80 - create IPUIPlugin
2024-02-08 16:39:42,267 [INFO] PluginManager:220 - loadIPPluginJar : add opamp
2024-02-08 16:39:42,269 [INFO] IPUIPlugin:80 - create IPUIPlugin
2024-02-08 16:39:42,269 [INFO] PluginManager:220 - loadIPPluginJar : add openamp
2024-02-08 16:39:42,272 [INFO] IPUIPlugin:80 - create IPUIPlugin
2024-02-08 16:39:42,272 [INFO] PluginManager:220 - loadIPPluginJar : add pdm2pcm
2024-02-08 16:39:42,277 [INFO] IPUIPlugin:80 - create IPUIPlugin
2024-02-08 16:39:42,279 [INFO] PluginManager:220 - loadIPPluginJar : add plateformsettings
2024-02-08 16:39:42,280 [INFO] IPUIPlugin:80 - create IPUIPlugin
2024-02-08 16:39:42,280 [INFO] PluginManager:220 - loadIPPluginJar : add quadspi
2024-02-08 16:39:42,284 [INFO] IPUIPlugin:80 - create IPUIPlugin
2024-02-08 16:39:42,284 [INFO] PluginManager:220 - loadIPPluginJar : add resmgrutility
2024-02-08 16:39:42,287 [INFO] IPUIPlugin:80 - create IPUIPlugin
2024-02-08 16:39:42,287 [INFO] PluginManager:220 - loadIPPluginJar : add sai
2024-02-08 16:39:42,290 [INFO] IPUIPlugin:80 - create IPUIPlugin
2024-02-08 16:39:42,290 [INFO] PluginManager:220 - loadIPPluginJar : add spi
2024-02-08 16:39:42,295 [INFO] IPUIPlugin:80 - create IPUIPlugin
2024-02-08 16:39:42,295 [INFO] PluginManager:220 - loadIPPluginJar : add stm32_wpan
2024-02-08 16:39:42,297 [INFO] IPUIPlugin:80 - create IPUIPlugin
2024-02-08 16:39:42,297 [INFO] PluginManager:220 - loadIPPluginJar : add tim
2024-02-08 16:39:42,300 [INFO] IPUIPlugin:80 - create IPUIPlugin
2024-02-08 16:39:42,300 [INFO] PluginManager:220 - loadIPPluginJar : add touchsensing
2024-02-08 16:39:42,303 [INFO] IPUIPlugin:80 - create IPUIPlugin
2024-02-08 16:39:42,303 [INFO] PluginManager:220 - loadIPPluginJar : add tracer_emb
2024-02-08 16:39:42,305 [INFO] IPUIPlugin:80 - create IPUIPlugin
2024-02-08 16:39:42,305 [INFO] PluginManager:220 - loadIPPluginJar : add ts
2024-02-08 16:39:42,306 [INFO] IPUIPlugin:80 - create IPUIPlugin
2024-02-08 16:39:42,306 [INFO] PluginManager:220 - loadIPPluginJar : add tsc
2024-02-08 16:39:42,308 [INFO] IPUIPlugin:80 - create IPUIPlugin
2024-02-08 16:39:42,308 [INFO] PluginManager:220 - loadIPPluginJar : add ucpd
2024-02-08 16:39:42,310 [INFO] IPUIPlugin:80 - create IPUIPlugin
2024-02-08 16:39:42,310 [INFO] PluginManager:220 - loadIPPluginJar : add usart
2024-02-08 16:39:42,313 [INFO] IPUIPlugin:80 - create IPUIPlugin
2024-02-08 16:39:42,313 [INFO] PluginManager:220 - loadIPPluginJar : add usbx
2024-02-08 16:39:42,436 [INFO] CADModel:165 - CPN selected for project level
2024-02-08 16:39:42,437 [INFO] CADModel:114 - Register for checkConnection events
2024-02-08 16:39:42,437 [FATAL] Updater:308 - Updater called before beeing initialized
2024-02-08 16:39:42,438 [ERROR] CADModel:125 - Updater not yet initialized, retry later 
2024-02-08 16:39:42,558 [INFO] CADModel:165 - CPN selected for project level
2024-02-08 16:39:42,558 [INFO] CADModel:114 - Register for checkConnection events
2024-02-08 16:39:42,558 [FATAL] Updater:308 - Updater called before beeing initialized
2024-02-08 16:39:42,558 [ERROR] CADModel:125 - Updater not yet initialized, retry later 
2024-02-08 16:39:42,561 [FATAL] Updater:308 - Updater called before beeing initialized
2024-02-08 16:39:42,655 [FATAL] Updater:308 - Updater called before beeing initialized
2024-02-08 16:39:42,659 [INFO] DbMcusAds:53 - JSON generation date=Wed Nov 29 11:52:27 WAT 2023 (1701255147200)
2024-02-08 16:39:42,659 [FATAL] Updater:308 - Updater called before beeing initialized
2024-02-08 16:39:42,686 [WARN] DetailPanel:346 - Failed to get advertising image, set to default
2024-02-08 16:39:42,746 [FATAL] Updater:308 - Updater called before beeing initialized
2024-02-08 16:39:42,748 [FATAL] Updater:308 - Updater called before beeing initialized
2024-02-08 16:39:42,748 [FATAL] Updater:308 - Updater called before beeing initialized
2024-02-08 16:39:42,748 [WARN] DetailPanel:346 - Failed to get advertising image, set to default
2024-02-08 16:39:42,749 [FATAL] Updater:308 - Updater called before beeing initialized
2024-02-08 16:39:42,800 [ERROR] Updater:1120 - MainUpdater not yet initialized. External WinMGr cannot be set.
2024-02-08 16:39:42,802 [INFO] Updater:1056 - Updater Version found : 6.10.0
2024-02-08 16:39:42,824 [INFO] ApplicationProperties:184 - Using Application install path: C:\ST\STM32CubeIDE_1.14.0\STM32CubeIDE\plugins\com.st.stm32cube.common.mx_6.10.0.202311202037
2024-02-08 16:39:44,413 [ERROR] LogOutputStream:75 - [STDERR_REDIRECT] Feb 08, 2024 4:39:44 PM java.util.prefs.WindowsPreferences <init>
2024-02-08 16:39:44,414 [ERROR] LogOutputStream:75 - [STDERR_REDIRECT] WARNING: Could not open/create prefs root node Software\JavaSoft\Prefs at root 0xffffffff80000002. Windows RegCreateKeyEx(...) returned error code 5.
2024-02-08 16:39:44,415 [ERROR] LogOutputStream:75 - [STDERR_REDIRECT] 
2024-02-08 16:39:44,746 [INFO] ThirdPartyUpdaterWithRetryManager:70 - Updater plugin not ready yet. [2/15]
2024-02-08 16:39:44,882 [INFO] MainUpdater:2873 - connection check result : 10
2024-02-08 16:39:44,883 [INFO] MainUpdater:290 - Updater Check For Update Now.
2024-02-08 16:39:44,883 [INFO] MicroXplorer:498 - Change Database Version : DB.6.0.100
2024-02-08 16:39:44,892 [INFO] McuFinderGlobals:63 - Set McuFinder mode to 2 (CubeIDE integrated)
2024-02-08 16:39:45,046 [INFO] CheckServerUpdateThread:120 - End of CheckServer Thread
2024-02-08 16:39:45,215 [INFO] UserAuth:404 - Internet connection configuration mode: 1
2024-02-08 16:39:45,227 [INFO] JxBrowserEngine:152 - Initiate JxBrowser Engine with user profile folder
2024-02-08 16:39:47,875 [WARN] PackLoader:240 - Cannot read IP mode file for STMicroelectronics.X-CUBE-SMBUS.2.1.0
2024-02-08 16:39:47,881 [WARN] PackLoader:240 - Cannot read IP mode file for STMicroelectronics.X-CUBE-TOUCHGFX.4.23.0
2024-02-08 16:39:47,898 [WARN] PackLoader:240 - Cannot read IP mode file for STMicroelectronics.X-CUBE-AZRTOS-F7.1.1.0
2024-02-08 16:39:47,917 [WARN] PackLoader:240 - Cannot read IP mode file for STMicroelectronics.FP-SNS-MOTENV1.4.3.2
2024-02-08 16:39:47,925 [WARN] PackLoader:240 - Cannot read IP mode file for STMicroelectronics.FP-SNS-FLIGHT1.5.0.2
2024-02-08 16:39:47,939 [WARN] PackLoader:240 - Cannot read IP mode file for STMicroelectronics.X-CUBE-DISPLAY.3.0.0
2024-02-08 16:39:47,954 [WARN] PackLoader:240 - Cannot read IP mode file for STMicroelectronics.X-CUBE-BLE1.7.0.0
2024-02-08 16:39:47,958 [WARN] PackLoader:240 - Cannot read IP mode file for emotas.I-CUBE-CANOPEN.1.3.0
2024-02-08 16:39:47,961 [WARN] PackLoader:240 - Cannot read IP mode file for STMicroelectronics.FP-SNS-SMARTAG2.1.2.0
2024-02-08 16:39:47,972 [INFO] LogOutputStream:77 - [STDOUT_REDIRECT] 1 : Invalid condition id : UX_CORESTACK_Condition cause : null
2024-02-08 16:39:47,973 [INFO] LogOutputStream:77 - [STDOUT_REDIRECT] 1 : Invalid condition id : UX_CORESTACK_Condition cause : null
2024-02-08 16:39:47,974 [INFO] LogOutputStream:77 - [STDOUT_REDIRECT] 1 : Invalid condition id : UX_CORESTACK_Condition cause : null
2024-02-08 16:39:47,975 [INFO] LogOutputStream:77 - [STDOUT_REDIRECT] 1 : Invalid condition id : UX_CORESTACK_Condition cause : null
2024-02-08 16:39:47,976 [INFO] LogOutputStream:77 - [STDOUT_REDIRECT] 1 : Invalid condition id : UX_CORESTACK_Condition cause : null
2024-02-08 16:39:47,979 [WARN] PackLoader:240 - Cannot read IP mode file for STMicroelectronics.X-CUBE-AZRTOS-WL.2.0.0
2024-02-08 16:39:47,989 [WARN] PackLoader:240 - Cannot read IP mode file for WES.I-CUBE-Cesium.1.3.0
2024-02-08 16:39:47,993 [WARN] PackLoader:240 - Cannot read IP mode file for STMicroelectronics.X-CUBE-BLE2.3.3.0
2024-02-08 16:39:47,999 [WARN] PackLoader:240 - Cannot read IP mode file for STMicroelectronics.X-CUBE-ALGOBUILD.1.3.0
2024-02-08 16:39:48,012 [WARN] PackLoader:240 - Cannot read IP mode file for STMicroelectronics.X-CUBE-AZRTOS-G0.1.1.0
2024-02-08 16:39:48,024 [WARN] PackLoader:240 - Cannot read IP mode file for STMicroelectronics.X-CUBE-NFC4.3.0.0
2024-02-08 16:39:48,035 [WARN] PackLoader:240 - Cannot read IP mode file for STMicroelectronics.X-CUBE-BLEMGR.3.0.0
2024-02-08 16:39:48,046 [WARN] PackLoader:240 - Cannot read IP mode file for STMicroelectronics.FP-ATR-SIGFOX1.3.2.0
2024-02-08 16:39:48,055 [WARN] PackLoader:240 - Cannot read IP mode file for STMicroelectronics.X-CUBE-EEPRMA1.5.1.0
2024-02-08 16:39:48,087 [WARN] PackLoader:240 - Cannot read IP mode file for SEGGER.I-CUBE-embOS.1.3.1
2024-02-08 16:39:48,119 [WARN] PackLoader:240 - Cannot read IP mode file for STMicroelectronics.X-CUBE-GNSS1.6.0.0
2024-02-08 16:39:48,137 [WARN] PackLoader:240 - Cannot read IP mode file for STMicroelectronics.X-CUBE-AZRTOS-F4.1.1.0
2024-02-08 16:39:48,142 [WARN] PackLoader:240 - Cannot read IP mode file for wolfSSL.I-CUBE-wolfSSL.5.6.6
2024-02-08 16:39:48,152 [WARN] PackLoader:240 - Cannot read IP mode file for STMicroelectronics.X-CUBE-AZRTOS-L5.2.0.0
2024-02-08 16:39:48,158 [WARN] PackLoader:240 - Cannot read IP mode file for ITTIA_DB.I-CUBE-ITTIADB.8.8.0
2024-02-08 16:39:48,163 [WARN] PackLoader:240 - Cannot read IP mode file for STMicroelectronics.X-CUBE-NFC7.1.0.1
2024-02-08 16:39:48,168 [WARN] PackLoader:240 - Cannot read IP mode file for STMicroelectronics.X-CUBE-NFC6.3.0.0
2024-02-08 16:39:48,172 [WARN] PackLoader:240 - Cannot read IP mode file for STMicroelectronics.X-CUBE-AI.8.1.0
2024-02-08 16:39:48,180 [WARN] ConditionMgr:438 - getConditionDescription Invalid condition id : LAN8742 Phy interface Condition cause : null
2024-02-08 16:39:48,181 [WARN] PackLoader:240 - Cannot read IP mode file for STMicroelectronics.X-CUBE-AZRTOS-L4.2.0.0
2024-02-08 16:39:48,182 [WARN] ConditionMgr:1039 - genDependencies : Invalid condition id : LAN8742 Phy interface Condition cause : null
2024-02-08 16:39:48,182 [WARN] ConditionMgr:1039 - genDependencies : Invalid condition id : LAN8742 Phy interface Condition cause : null
2024-02-08 16:39:48,182 [WARN] ConditionMgr:1039 - genDependencies : Invalid condition id : LAN8742 Phy interface Condition cause : null
2024-02-08 16:39:48,187 [WARN] PackLoader:240 - Cannot read IP mode file for STMicroelectronics.X-CUBE-SFXS2LP1.4.0.0
2024-02-08 16:39:48,195 [WARN] ConditionMgr:438 - getConditionDescription Invalid condition id : UX DEVICE CLASS RTOS Condition cause : null
2024-02-08 16:39:48,195 [WARN] ConditionMgr:438 - getConditionDescription Invalid condition id : UX DEVICE CLASS RTOS Condition cause : null
2024-02-08 16:39:48,196 [WARN] PackLoader:240 - Cannot read IP mode file for STMicroelectronics.X-CUBE-AZRTOS-WB.2.0.0
2024-02-08 16:39:48,196 [WARN] ConditionMgr:1039 - genDependencies : Invalid condition id : UX DEVICE CLASS RTOS Condition cause : null
2024-02-08 16:39:48,197 [WARN] ConditionMgr:1039 - genDependencies : Invalid condition id : UX DEVICE CLASS RTOS Condition cause : null
2024-02-08 16:39:48,197 [WARN] ConditionMgr:1039 - genDependencies : Invalid condition id : UX DEVICE CLASS RTOS Condition cause : null
2024-02-08 16:39:48,197 [WARN] ConditionMgr:1039 - genDependencies : Invalid condition id : UX DEVICE CLASS RTOS Condition cause : null
2024-02-08 16:39:48,197 [WARN] ConditionMgr:1039 - genDependencies : Invalid condition id : UX DEVICE CLASS RTOS Condition cause : null
2024-02-08 16:39:48,204 [WARN] PackLoader:240 - Cannot read IP mode file for STMicroelectronics.X-CUBE-SUBG2.5.0.0
2024-02-08 16:39:48,214 [WARN] PackLoader:240 - Cannot read IP mode file for STMicroelectronics.X-CUBE-AZRTOS-G4.2.0.0
2024-02-08 16:39:48,221 [WARN] PackLoader:240 - Cannot read IP mode file for Infineon.AIROC-Wi-Fi-Bluetooth-STM32.1.5.1
2024-02-08 16:39:48,227 [WARN] PackLoader:240 - Cannot read IP mode file for STMicroelectronics.X-CUBE-ISPU.2.0.0
2024-02-08 16:39:48,246 [WARN] PackLoader:240 - Cannot read IP mode file for STMicroelectronics.X-CUBE-MEMS1.10.0.0
2024-02-08 16:39:48,318 [WARN] PackLoader:240 - Cannot read IP mode file for STMicroelectronics.X-CUBE-FREERTOS.1.1.0
2024-02-08 16:39:48,323 [WARN] PackLoader:240 - Cannot read IP mode file for portGmbH.I-Cube-SoM-uGOAL.1.1.0
2024-02-08 16:39:48,327 [WARN] PackLoader:240 - Cannot read IP mode file for STMicroelectronics.X-CUBE-ALS.1.0.1
2024-02-08 16:39:48,330 [WARN] PackLoader:240 - Cannot read IP mode file for STMicroelectronics.FP-ATR-ASTRA1.2.0.0
2024-02-08 16:39:48,335 [WARN] PackLoader:240 - Cannot read IP mode file for STMicroelectronics.X-CUBE-TOF1.3.4.0
2024-02-08 16:39:48,349 [WARN] PackLoader:240 - Cannot read IP mode file for STMicroelectronics.X-CUBE-AZRTOS-H7.3.2.0
2024-02-08 16:39:48,351 [INFO] ThirdParty:978 - Integrity check success = true
2024-02-08 16:39:48,351 [INFO] IntegrityCheckThread:100 - exiting critical section [integrity check]
2024-02-08 16:39:48,351 [INFO] IntegrityCheckThread:103 - End integrity checks thread
2024-02-08 16:39:53,670 [INFO] WebApp:161 - Instantiating new browser for Auth
2024-02-08 16:39:54,082 [INFO] WebApp:780 - Register for checkConnection events
2024-02-08 16:39:54,082 [INFO] WebApp:414 - Apply proxy settings
2024-02-08 16:39:54,082 [INFO] WebApp:499 - Chromium requires no authentication
2024-02-08 16:39:54,087 [INFO] WebApp:442 - Direct internet connection detected
2024-02-08 16:39:54,201 [INFO] WebApp:192 - Starting web application
2024-02-08 16:39:54,202 [INFO] WebApp:544 - Web application path used C:\ST\STM32CubeIDE_1.14.0\STM32CubeIDE\plugins\com.st.stm32cube.common.mx_6.10.0.202311202037\db\plugins\mcufinder\reactClient1\index.html
2024-02-08 16:40:15,957 [ERROR] LogOutputStream:75 - [STDERR_REDIRECT] SLF4J: Failed to load class "org.slf4j.impl.StaticLoggerBinder".
2024-02-08 16:40:15,958 [ERROR] LogOutputStream:75 - [STDERR_REDIRECT] SLF4J: Defaulting to no-operation (NOP) logger implementation
2024-02-08 16:40:15,959 [ERROR] LogOutputStream:75 - [STDERR_REDIRECT] SLF4J: See http://www.slf4j.org/codes.html#StaticLoggerBinder for further details.
